2019-08-21 10:17:40,329 INFO 28744 [egg-schedule]: register schedule C:\Users\user\Desktop\react-egg\server\node_modules\_egg-multipart@2.9.0@egg-multipart\app\schedule\clean_tmpdir.js
2019-08-21 10:17:40,329 INFO 28744 [egg-schedule]: register schedule C:\Users\user\Desktop\react-egg\server\node_modules\_egg-logrotator@3.1.0@egg-logrotator\app\schedule\clean_log.js
2019-08-21 10:17:40,329 INFO 28744 [egg-schedule]: register schedule C:\Users\user\Desktop\react-egg\server\node_modules\_egg-logrotator@3.1.0@egg-logrotator\app\schedule\rotate_by_file.js
2019-08-21 10:17:40,608 INFO 30804 [Timer] C:\Users\user\Desktop\react-egg\server\node_modules\_egg-multipart@2.9.0@egg-multipart\app\schedule\clean_tmpdir.js next time will execute after 65539397ms at 2019-08-22 04:30:00.005
2019-08-21 10:17:40,609 INFO 30804 [Timer] C:\Users\user\Desktop\react-egg\server\node_modules\_egg-logrotator@3.1.0@egg-logrotator\app\schedule\clean_log.js next time will execute after 49339392ms at 2019-08-22 00:00:00.001
2019-08-21 10:17:40,609 INFO 30804 [Timer] C:\Users\user\Desktop\react-egg\server\node_modules\_egg-logrotator@3.1.0@egg-logrotator\app\schedule\rotate_by_file.js next time will execute after 49340391ms at 2019-08-22 00:00:01.000
2019-08-21 10:18:00,160 INFO 17560 [egg-schedule]: register schedule C:\Users\user\Desktop\react-egg\server\node_modules\_egg-multipart@2.9.0@egg-multipart\app\schedule\clean_tmpdir.js
2019-08-21 10:18:00,160 INFO 17560 [egg-schedule]: register schedule C:\Users\user\Desktop\react-egg\server\node_modules\_egg-logrotator@3.1.0@egg-logrotator\app\schedule\clean_log.js
2019-08-21 10:18:00,160 INFO 17560 [egg-schedule]: register schedule C:\Users\user\Desktop\react-egg\server\node_modules\_egg-logrotator@3.1.0@egg-logrotator\app\schedule\rotate_by_file.js
2019-08-21 10:19:37,164 INFO 22788 [Timer] C:\Users\user\Desktop\react-egg\server\node_modules\_egg-multipart@2.9.0@egg-multipart\app\schedule\clean_tmpdir.js next time will execute after 65422839ms at 2019-08-22 04:30:00.003
2019-08-21 10:19:37,164 INFO 22788 [Timer] C:\Users\user\Desktop\react-egg\server\node_modules\_egg-logrotator@3.1.0@egg-logrotator\app\schedule\clean_log.js next time will execute after 49222836ms at 2019-08-22 00:00:00.000
2019-08-21 10:19:37,165 INFO 22788 [Timer] C:\Users\user\Desktop\react-egg\server\node_modules\_egg-logrotator@3.1.0@egg-logrotator\app\schedule\rotate_by_file.js next time will execute after 49223836ms at 2019-08-22 00:00:01.001
2019-08-21 10:19:36,913 INFO 30004 [egg-schedule]: register schedule C:\Users\user\Desktop\react-egg\server\node_modules\_egg-multipart@2.9.0@egg-multipart\app\schedule\clean_tmpdir.js
2019-08-21 10:19:36,913 INFO 30004 [egg-schedule]: register schedule C:\Users\user\Desktop\react-egg\server\node_modules\_egg-logrotator@3.1.0@egg-logrotator\app\schedule\clean_log.js
2019-08-21 10:19:36,913 INFO 30004 [egg-schedule]: register schedule C:\Users\user\Desktop\react-egg\server\node_modules\_egg-logrotator@3.1.0@egg-logrotator\app\schedule\rotate_by_file.js
2019-08-21 14:02:10,537 INFO 21800 [Timer] C:\Users\user\Desktop\react-egg\server\node_modules\_egg-multipart@2.9.0@egg-multipart\app\schedule\clean_tmpdir.js next time will execute after 52069467ms at 2019-08-22 04:30:00.004
2019-08-21 14:02:10,538 INFO 21800 [Timer] C:\Users\user\Desktop\react-egg\server\node_modules\_egg-logrotator@3.1.0@egg-logrotator\app\schedule\clean_log.js next time will execute after 35869462ms at 2019-08-22 00:00:00.000
2019-08-21 14:02:10,538 INFO 21800 [Timer] C:\Users\user\Desktop\react-egg\server\node_modules\_egg-logrotator@3.1.0@egg-logrotator\app\schedule\rotate_by_file.js next time will execute after 35870462ms at 2019-08-22 00:00:01.000
2019-08-21 14:02:10,242 INFO 25952 [egg-schedule]: register schedule C:\Users\user\Desktop\react-egg\server\node_modules\_egg-multipart@2.9.0@egg-multipart\app\schedule\clean_tmpdir.js
2019-08-21 14:02:10,243 INFO 25952 [egg-schedule]: register schedule C:\Users\user\Desktop\react-egg\server\node_modules\_egg-logrotator@3.1.0@egg-logrotator\app\schedule\clean_log.js
2019-08-21 14:02:10,243 INFO 25952 [egg-schedule]: register schedule C:\Users\user\Desktop\react-egg\server\node_modules\_egg-logrotator@3.1.0@egg-logrotator\app\schedule\rotate_by_file.js
2019-08-21 14:03:58,770 INFO 4020 [egg-schedule]: register schedule C:\Users\user\Desktop\react-egg\server\node_modules\_egg-multipart@2.9.0@egg-multipart\app\schedule\clean_tmpdir.js
2019-08-21 14:03:58,770 INFO 4020 [egg-schedule]: register schedule C:\Users\user\Desktop\react-egg\server\node_modules\_egg-logrotator@3.1.0@egg-logrotator\app\schedule\clean_log.js
2019-08-21 14:03:58,770 INFO 4020 [egg-schedule]: register schedule C:\Users\user\Desktop\react-egg\server\node_modules\_egg-logrotator@3.1.0@egg-logrotator\app\schedule\rotate_by_file.js
2019-08-21 14:04:05,434 INFO 25036 [egg-schedule]: register schedule C:\Users\user\Desktop\react-egg\server\node_modules\_egg-multipart@2.9.0@egg-multipart\app\schedule\clean_tmpdir.js
2019-08-21 14:04:05,434 INFO 25036 [egg-schedule]: register schedule C:\Users\user\Desktop\react-egg\server\node_modules\_egg-logrotator@3.1.0@egg-logrotator\app\schedule\clean_log.js
2019-08-21 14:04:05,434 INFO 25036 [egg-schedule]: register schedule C:\Users\user\Desktop\react-egg\server\node_modules\_egg-logrotator@3.1.0@egg-logrotator\app\schedule\rotate_by_file.js
2019-08-21 14:04:30,549 INFO 24652 [Timer] C:\Users\user\Desktop\react-egg\server\node_modules\_egg-multipart@2.9.0@egg-multipart\app\schedule\clean_tmpdir.js next time will execute after 51929454ms at 2019-08-22 04:30:00.003
2019-08-21 14:04:30,550 INFO 24652 [Timer] C:\Users\user\Desktop\react-egg\server\node_modules\_egg-logrotator@3.1.0@egg-logrotator\app\schedule\clean_log.js next time will execute after 35729451ms at 2019-08-22 00:00:00.001
2019-08-21 14:04:30,550 INFO 24652 [Timer] C:\Users\user\Desktop\react-egg\server\node_modules\_egg-logrotator@3.1.0@egg-logrotator\app\schedule\rotate_by_file.js next time will execute after 35730450ms at 2019-08-22 00:00:01.000
2019-08-21 14:04:30,281 INFO 23252 [egg-schedule]: register schedule C:\Users\user\Desktop\react-egg\server\node_modules\_egg-multipart@2.9.0@egg-multipart\app\schedule\clean_tmpdir.js
2019-08-21 14:04:30,281 INFO 23252 [egg-schedule]: register schedule C:\Users\user\Desktop\react-egg\server\node_modules\_egg-logrotator@3.1.0@egg-logrotator\app\schedule\clean_log.js
2019-08-21 14:04:30,281 INFO 23252 [egg-schedule]: register schedule C:\Users\user\Desktop\react-egg\server\node_modules\_egg-logrotator@3.1.0@egg-logrotator\app\schedule\rotate_by_file.js
2019-08-21 14:07:14,911 INFO 31712 [egg-schedule]: register schedule C:\Users\user\Desktop\react-egg\server\node_modules\_egg-multipart@2.9.0@egg-multipart\app\schedule\clean_tmpdir.js
2019-08-21 14:07:14,911 INFO 31712 [egg-schedule]: register schedule C:\Users\user\Desktop\react-egg\server\node_modules\_egg-logrotator@3.1.0@egg-logrotator\app\schedule\clean_log.js
2019-08-21 14:07:14,911 INFO 31712 [egg-schedule]: register schedule C:\Users\user\Desktop\react-egg\server\node_modules\_egg-logrotator@3.1.0@egg-logrotator\app\schedule\rotate_by_file.js
2019-08-21 14:07:37,358 INFO 23216 [egg-schedule]: register schedule C:\Users\user\Desktop\react-egg\server\node_modules\_egg-multipart@2.9.0@egg-multipart\app\schedule\clean_tmpdir.js
2019-08-21 14:07:37,358 INFO 23216 [egg-schedule]: register schedule C:\Users\user\Desktop\react-egg\server\node_modules\_egg-logrotator@3.1.0@egg-logrotator\app\schedule\clean_log.js
2019-08-21 14:07:37,358 INFO 23216 [egg-schedule]: register schedule C:\Users\user\Desktop\react-egg\server\node_modules\_egg-logrotator@3.1.0@egg-logrotator\app\schedule\rotate_by_file.js
2019-08-21 14:07:40,729 INFO 23376 [egg-schedule]: register schedule C:\Users\user\Desktop\react-egg\server\node_modules\_egg-multipart@2.9.0@egg-multipart\app\schedule\clean_tmpdir.js
2019-08-21 14:07:40,729 INFO 23376 [egg-schedule]: register schedule C:\Users\user\Desktop\react-egg\server\node_modules\_egg-logrotator@3.1.0@egg-logrotator\app\schedule\clean_log.js
2019-08-21 14:07:40,729 INFO 23376 [egg-schedule]: register schedule C:\Users\user\Desktop\react-egg\server\node_modules\_egg-logrotator@3.1.0@egg-logrotator\app\schedule\rotate_by_file.js
2019-08-21 14:13:28,186 INFO 7984 [egg-schedule]: register schedule C:\Users\user\Desktop\react-egg\server\node_modules\_egg-multipart@2.9.0@egg-multipart\app\schedule\clean_tmpdir.js
2019-08-21 14:13:28,186 INFO 7984 [egg-schedule]: register schedule C:\Users\user\Desktop\react-egg\server\node_modules\_egg-logrotator@3.1.0@egg-logrotator\app\schedule\clean_log.js
2019-08-21 14:13:28,186 INFO 7984 [egg-schedule]: register schedule C:\Users\user\Desktop\react-egg\server\node_modules\_egg-logrotator@3.1.0@egg-logrotator\app\schedule\rotate_by_file.js
2019-08-21 14:14:37,763 INFO 3752 [egg-schedule]: register schedule C:\Users\user\Desktop\react-egg\server\node_modules\_egg-multipart@2.9.0@egg-multipart\app\schedule\clean_tmpdir.js
2019-08-21 14:14:37,763 INFO 3752 [egg-schedule]: register schedule C:\Users\user\Desktop\react-egg\server\node_modules\_egg-logrotator@3.1.0@egg-logrotator\app\schedule\clean_log.js
2019-08-21 14:14:37,763 INFO 3752 [egg-schedule]: register schedule C:\Users\user\Desktop\react-egg\server\node_modules\_egg-logrotator@3.1.0@egg-logrotator\app\schedule\rotate_by_file.js
2019-08-21 14:15:13,991 INFO 24808 [egg-schedule]: register schedule C:\Users\user\Desktop\react-egg\server\node_modules\_egg-multipart@2.9.0@egg-multipart\app\schedule\clean_tmpdir.js
2019-08-21 14:15:13,991 INFO 24808 [egg-schedule]: register schedule C:\Users\user\Desktop\react-egg\server\node_modules\_egg-logrotator@3.1.0@egg-logrotator\app\schedule\clean_log.js
2019-08-21 14:15:13,991 INFO 24808 [egg-schedule]: register schedule C:\Users\user\Desktop\react-egg\server\node_modules\_egg-logrotator@3.1.0@egg-logrotator\app\schedule\rotate_by_file.js
2019-08-21 14:17:23,186 INFO 22960 [egg-schedule]: register schedule C:\Users\user\Desktop\react-egg\server\node_modules\_egg-multipart@2.9.0@egg-multipart\app\schedule\clean_tmpdir.js
2019-08-21 14:17:23,186 INFO 22960 [egg-schedule]: register schedule C:\Users\user\Desktop\react-egg\server\node_modules\_egg-logrotator@3.1.0@egg-logrotator\app\schedule\clean_log.js
2019-08-21 14:17:23,186 INFO 22960 [egg-schedule]: register schedule C:\Users\user\Desktop\react-egg\server\node_modules\_egg-logrotator@3.1.0@egg-logrotator\app\schedule\rotate_by_file.js
2019-08-21 14:18:15,973 INFO 21824 [egg-schedule]: register schedule C:\Users\user\Desktop\react-egg\server\node_modules\_egg-multipart@2.9.0@egg-multipart\app\schedule\clean_tmpdir.js
2019-08-21 14:18:15,973 INFO 21824 [egg-schedule]: register schedule C:\Users\user\Desktop\react-egg\server\node_modules\_egg-logrotator@3.1.0@egg-logrotator\app\schedule\clean_log.js
2019-08-21 14:18:15,973 INFO 21824 [egg-schedule]: register schedule C:\Users\user\Desktop\react-egg\server\node_modules\_egg-logrotator@3.1.0@egg-logrotator\app\schedule\rotate_by_file.js
2019-08-21 14:18:33,630 INFO 10448 [egg-schedule]: register schedule C:\Users\user\Desktop\react-egg\server\node_modules\_egg-multipart@2.9.0@egg-multipart\app\schedule\clean_tmpdir.js
2019-08-21 14:18:33,630 INFO 10448 [egg-schedule]: register schedule C:\Users\user\Desktop\react-egg\server\node_modules\_egg-logrotator@3.1.0@egg-logrotator\app\schedule\clean_log.js
2019-08-21 14:18:33,630 INFO 10448 [egg-schedule]: register schedule C:\Users\user\Desktop\react-egg\server\node_modules\_egg-logrotator@3.1.0@egg-logrotator\app\schedule\rotate_by_file.js
2019-08-21 14:19:19,799 INFO 16804 [egg-schedule]: register schedule C:\Users\user\Desktop\react-egg\server\node_modules\_egg-multipart@2.9.0@egg-multipart\app\schedule\clean_tmpdir.js
2019-08-21 14:19:19,799 INFO 16804 [egg-schedule]: register schedule C:\Users\user\Desktop\react-egg\server\node_modules\_egg-logrotator@3.1.0@egg-logrotator\app\schedule\clean_log.js
2019-08-21 14:19:19,799 INFO 16804 [egg-schedule]: register schedule C:\Users\user\Desktop\react-egg\server\node_modules\_egg-logrotator@3.1.0@egg-logrotator\app\schedule\rotate_by_file.js
2019-08-21 14:20:41,416 INFO 23456 [egg-schedule]: register schedule C:\Users\user\Desktop\react-egg\server\node_modules\_egg-multipart@2.9.0@egg-multipart\app\schedule\clean_tmpdir.js
2019-08-21 14:20:41,416 INFO 23456 [egg-schedule]: register schedule C:\Users\user\Desktop\react-egg\server\node_modules\_egg-logrotator@3.1.0@egg-logrotator\app\schedule\clean_log.js
2019-08-21 14:20:41,416 INFO 23456 [egg-schedule]: register schedule C:\Users\user\Desktop\react-egg\server\node_modules\_egg-logrotator@3.1.0@egg-logrotator\app\schedule\rotate_by_file.js
2019-08-21 14:20:56,283 INFO 25744 [egg-schedule]: register schedule C:\Users\user\Desktop\react-egg\server\node_modules\_egg-multipart@2.9.0@egg-multipart\app\schedule\clean_tmpdir.js
2019-08-21 14:20:56,283 INFO 25744 [egg-schedule]: register schedule C:\Users\user\Desktop\react-egg\server\node_modules\_egg-logrotator@3.1.0@egg-logrotator\app\schedule\clean_log.js
2019-08-21 14:20:56,283 INFO 25744 [egg-schedule]: register schedule C:\Users\user\Desktop\react-egg\server\node_modules\_egg-logrotator@3.1.0@egg-logrotator\app\schedule\rotate_by_file.js
2019-08-21 14:21:18,443 INFO 28080 [egg-schedule]: register schedule C:\Users\user\Desktop\react-egg\server\node_modules\_egg-multipart@2.9.0@egg-multipart\app\schedule\clean_tmpdir.js
2019-08-21 14:21:18,443 INFO 28080 [egg-schedule]: register schedule C:\Users\user\Desktop\react-egg\server\node_modules\_egg-logrotator@3.1.0@egg-logrotator\app\schedule\clean_log.js
2019-08-21 14:21:18,443 INFO 28080 [egg-schedule]: register schedule C:\Users\user\Desktop\react-egg\server\node_modules\_egg-logrotator@3.1.0@egg-logrotator\app\schedule\rotate_by_file.js
2019-08-21 14:22:24,332 INFO 31072 [egg-schedule]: register schedule C:\Users\user\Desktop\react-egg\server\node_modules\_egg-multipart@2.9.0@egg-multipart\app\schedule\clean_tmpdir.js
2019-08-21 14:22:24,332 INFO 31072 [egg-schedule]: register schedule C:\Users\user\Desktop\react-egg\server\node_modules\_egg-logrotator@3.1.0@egg-logrotator\app\schedule\clean_log.js
2019-08-21 14:22:24,332 INFO 31072 [egg-schedule]: register schedule C:\Users\user\Desktop\react-egg\server\node_modules\_egg-logrotator@3.1.0@egg-logrotator\app\schedule\rotate_by_file.js
2019-08-21 14:22:55,690 INFO 8148 [egg-schedule]: register schedule C:\Users\user\Desktop\react-egg\server\node_modules\_egg-multipart@2.9.0@egg-multipart\app\schedule\clean_tmpdir.js
2019-08-21 14:22:55,690 INFO 8148 [egg-schedule]: register schedule C:\Users\user\Desktop\react-egg\server\node_modules\_egg-logrotator@3.1.0@egg-logrotator\app\schedule\clean_log.js
2019-08-21 14:22:55,690 INFO 8148 [egg-schedule]: register schedule C:\Users\user\Desktop\react-egg\server\node_modules\_egg-logrotator@3.1.0@egg-logrotator\app\schedule\rotate_by_file.js
2019-08-21 14:22:56,080 INFO 29512 [Timer] C:\Users\user\Desktop\react-egg\server\node_modules\_egg-multipart@2.9.0@egg-multipart\app\schedule\clean_tmpdir.js next time will execute after 50823924ms at 2019-08-22 04:30:00.004
2019-08-21 14:22:56,080 INFO 29512 [Timer] C:\Users\user\Desktop\react-egg\server\node_modules\_egg-logrotator@3.1.0@egg-logrotator\app\schedule\clean_log.js next time will execute after 34623920ms at 2019-08-22 00:00:00.000
2019-08-21 14:22:56,080 INFO 29512 [Timer] C:\Users\user\Desktop\react-egg\server\node_modules\_egg-logrotator@3.1.0@egg-logrotator\app\schedule\rotate_by_file.js next time will execute after 34624920ms at 2019-08-22 00:00:01.000
2019-08-21 14:23:37,963 INFO 5180 [egg-schedule]: register schedule C:\Users\user\Desktop\react-egg\server\node_modules\_egg-multipart@2.9.0@egg-multipart\app\schedule\clean_tmpdir.js
2019-08-21 14:23:37,963 INFO 5180 [egg-schedule]: register schedule C:\Users\user\Desktop\react-egg\server\node_modules\_egg-logrotator@3.1.0@egg-logrotator\app\schedule\clean_log.js
2019-08-21 14:23:37,963 INFO 5180 [egg-schedule]: register schedule C:\Users\user\Desktop\react-egg\server\node_modules\_egg-logrotator@3.1.0@egg-logrotator\app\schedule\rotate_by_file.js
2019-08-21 14:24:25,522 INFO 18052 [egg-schedule]: register schedule C:\Users\user\Desktop\react-egg\server\node_modules\_egg-multipart@2.9.0@egg-multipart\app\schedule\clean_tmpdir.js
2019-08-21 14:24:25,522 INFO 18052 [egg-schedule]: register schedule C:\Users\user\Desktop\react-egg\server\node_modules\_egg-logrotator@3.1.0@egg-logrotator\app\schedule\clean_log.js
2019-08-21 14:24:25,522 INFO 18052 [egg-schedule]: register schedule C:\Users\user\Desktop\react-egg\server\node_modules\_egg-logrotator@3.1.0@egg-logrotator\app\schedule\rotate_by_file.js
2019-08-21 14:24:33,516 INFO 28600 [egg-schedule]: register schedule C:\Users\user\Desktop\react-egg\server\node_modules\_egg-multipart@2.9.0@egg-multipart\app\schedule\clean_tmpdir.js
2019-08-21 14:24:33,516 INFO 28600 [egg-schedule]: register schedule C:\Users\user\Desktop\react-egg\server\node_modules\_egg-logrotator@3.1.0@egg-logrotator\app\schedule\clean_log.js
2019-08-21 14:24:33,516 INFO 28600 [egg-schedule]: register schedule C:\Users\user\Desktop\react-egg\server\node_modules\_egg-logrotator@3.1.0@egg-logrotator\app\schedule\rotate_by_file.js
2019-08-21 14:24:36,706 INFO 2716 [egg-schedule]: register schedule C:\Users\user\Desktop\react-egg\server\node_modules\_egg-multipart@2.9.0@egg-multipart\app\schedule\clean_tmpdir.js
2019-08-21 14:24:36,706 INFO 2716 [egg-schedule]: register schedule C:\Users\user\Desktop\react-egg\server\node_modules\_egg-logrotator@3.1.0@egg-logrotator\app\schedule\clean_log.js
2019-08-21 14:24:36,706 INFO 2716 [egg-schedule]: register schedule C:\Users\user\Desktop\react-egg\server\node_modules\_egg-logrotator@3.1.0@egg-logrotator\app\schedule\rotate_by_file.js
2019-08-21 14:24:42,326 INFO 5416 [egg-schedule]: register schedule C:\Users\user\Desktop\react-egg\server\node_modules\_egg-multipart@2.9.0@egg-multipart\app\schedule\clean_tmpdir.js
2019-08-21 14:24:42,326 INFO 5416 [egg-schedule]: register schedule C:\Users\user\Desktop\react-egg\server\node_modules\_egg-logrotator@3.1.0@egg-logrotator\app\schedule\clean_log.js
2019-08-21 14:24:42,326 INFO 5416 [egg-schedule]: register schedule C:\Users\user\Desktop\react-egg\server\node_modules\_egg-logrotator@3.1.0@egg-logrotator\app\schedule\rotate_by_file.js
2019-08-21 14:29:14,556 INFO 31296 [egg-schedule]: register schedule C:\Users\user\Desktop\react-egg\server\node_modules\_egg-multipart@2.9.0@egg-multipart\app\schedule\clean_tmpdir.js
2019-08-21 14:29:14,556 INFO 31296 [egg-schedule]: register schedule C:\Users\user\Desktop\react-egg\server\node_modules\_egg-logrotator@3.1.0@egg-logrotator\app\schedule\clean_log.js
2019-08-21 14:29:14,556 INFO 31296 [egg-schedule]: register schedule C:\Users\user\Desktop\react-egg\server\node_modules\_egg-logrotator@3.1.0@egg-logrotator\app\schedule\rotate_by_file.js
2019-08-21 14:33:14,517 INFO 28376 [egg-schedule]: register schedule C:\Users\user\Desktop\react-egg\server\node_modules\_egg-multipart@2.9.0@egg-multipart\app\schedule\clean_tmpdir.js
2019-08-21 14:33:14,517 INFO 28376 [egg-schedule]: register schedule C:\Users\user\Desktop\react-egg\server\node_modules\_egg-logrotator@3.1.0@egg-logrotator\app\schedule\clean_log.js
2019-08-21 14:33:14,517 INFO 28376 [egg-schedule]: register schedule C:\Users\user\Desktop\react-egg\server\node_modules\_egg-logrotator@3.1.0@egg-logrotator\app\schedule\rotate_by_file.js
2019-08-21 14:33:49,217 INFO 14928 [egg-schedule]: register schedule C:\Users\user\Desktop\react-egg\server\node_modules\_egg-multipart@2.9.0@egg-multipart\app\schedule\clean_tmpdir.js
2019-08-21 14:33:49,217 INFO 14928 [egg-schedule]: register schedule C:\Users\user\Desktop\react-egg\server\node_modules\_egg-logrotator@3.1.0@egg-logrotator\app\schedule\clean_log.js
2019-08-21 14:33:49,217 INFO 14928 [egg-schedule]: register schedule C:\Users\user\Desktop\react-egg\server\node_modules\_egg-logrotator@3.1.0@egg-logrotator\app\schedule\rotate_by_file.js
2019-08-21 14:35:47,492 INFO 29540 [egg-schedule]: register schedule C:\Users\user\Desktop\react-egg\server\node_modules\_egg-multipart@2.9.0@egg-multipart\app\schedule\clean_tmpdir.js
2019-08-21 14:35:47,493 INFO 29540 [egg-schedule]: register schedule C:\Users\user\Desktop\react-egg\server\node_modules\_egg-logrotator@3.1.0@egg-logrotator\app\schedule\clean_log.js
2019-08-21 14:35:47,493 INFO 29540 [egg-schedule]: register schedule C:\Users\user\Desktop\react-egg\server\node_modules\_egg-logrotator@3.1.0@egg-logrotator\app\schedule\rotate_by_file.js
2019-08-21 14:35:47,957 INFO 1612 [Timer] C:\Users\user\Desktop\react-egg\server\node_modules\_egg-multipart@2.9.0@egg-multipart\app\schedule\clean_tmpdir.js next time will execute after 50052048ms at 2019-08-22 04:30:00.005
2019-08-21 14:35:47,957 INFO 1612 [Timer] C:\Users\user\Desktop\react-egg\server\node_modules\_egg-logrotator@3.1.0@egg-logrotator\app\schedule\clean_log.js next time will execute after 33852043ms at 2019-08-22 00:00:00.000
2019-08-21 14:35:47,958 INFO 1612 [Timer] C:\Users\user\Desktop\react-egg\server\node_modules\_egg-logrotator@3.1.0@egg-logrotator\app\schedule\rotate_by_file.js next time will execute after 33853042ms at 2019-08-22 00:00:01.000
2019-08-21 14:37:36,697 INFO 25040 [egg-schedule]: register schedule C:\Users\user\Desktop\react-egg\server\node_modules\_egg-multipart@2.9.0@egg-multipart\app\schedule\clean_tmpdir.js
2019-08-21 14:37:36,697 INFO 25040 [egg-schedule]: register schedule C:\Users\user\Desktop\react-egg\server\node_modules\_egg-logrotator@3.1.0@egg-logrotator\app\schedule\clean_log.js
2019-08-21 14:37:36,697 INFO 25040 [egg-schedule]: register schedule C:\Users\user\Desktop\react-egg\server\node_modules\_egg-logrotator@3.1.0@egg-logrotator\app\schedule\rotate_by_file.js
2019-08-21 14:37:49,480 INFO 22696 [egg-schedule]: register schedule C:\Users\user\Desktop\react-egg\server\node_modules\_egg-multipart@2.9.0@egg-multipart\app\schedule\clean_tmpdir.js
2019-08-21 14:37:49,480 INFO 22696 [egg-schedule]: register schedule C:\Users\user\Desktop\react-egg\server\node_modules\_egg-logrotator@3.1.0@egg-logrotator\app\schedule\clean_log.js
2019-08-21 14:37:49,480 INFO 22696 [egg-schedule]: register schedule C:\Users\user\Desktop\react-egg\server\node_modules\_egg-logrotator@3.1.0@egg-logrotator\app\schedule\rotate_by_file.js
2019-08-21 14:38:41,208 INFO 6256 [egg-schedule]: register schedule C:\Users\user\Desktop\react-egg\server\node_modules\_egg-multipart@2.9.0@egg-multipart\app\schedule\clean_tmpdir.js
2019-08-21 14:38:41,208 INFO 6256 [egg-schedule]: register schedule C:\Users\user\Desktop\react-egg\server\node_modules\_egg-logrotator@3.1.0@egg-logrotator\app\schedule\clean_log.js
2019-08-21 14:38:41,208 INFO 6256 [egg-schedule]: register schedule C:\Users\user\Desktop\react-egg\server\node_modules\_egg-logrotator@3.1.0@egg-logrotator\app\schedule\rotate_by_file.js
2019-08-21 14:39:25,937 INFO 12352 [egg-schedule]: register schedule C:\Users\user\Desktop\react-egg\server\node_modules\_egg-multipart@2.9.0@egg-multipart\app\schedule\clean_tmpdir.js
2019-08-21 14:39:25,937 INFO 12352 [egg-schedule]: register schedule C:\Users\user\Desktop\react-egg\server\node_modules\_egg-logrotator@3.1.0@egg-logrotator\app\schedule\clean_log.js
2019-08-21 14:39:25,938 INFO 12352 [egg-schedule]: register schedule C:\Users\user\Desktop\react-egg\server\node_modules\_egg-logrotator@3.1.0@egg-logrotator\app\schedule\rotate_by_file.js
2019-08-21 14:41:23,677 INFO 28424 [egg-schedule]: register schedule C:\Users\user\Desktop\react-egg\server\node_modules\_egg-multipart@2.9.0@egg-multipart\app\schedule\clean_tmpdir.js
2019-08-21 14:41:23,677 INFO 28424 [egg-schedule]: register schedule C:\Users\user\Desktop\react-egg\server\node_modules\_egg-logrotator@3.1.0@egg-logrotator\app\schedule\clean_log.js
2019-08-21 14:41:23,677 INFO 28424 [egg-schedule]: register schedule C:\Users\user\Desktop\react-egg\server\node_modules\_egg-logrotator@3.1.0@egg-logrotator\app\schedule\rotate_by_file.js
2019-08-21 14:41:30,574 INFO 31232 [egg-schedule]: register schedule C:\Users\user\Desktop\react-egg\server\node_modules\_egg-multipart@2.9.0@egg-multipart\app\schedule\clean_tmpdir.js
2019-08-21 14:41:30,574 INFO 31232 [egg-schedule]: register schedule C:\Users\user\Desktop\react-egg\server\node_modules\_egg-logrotator@3.1.0@egg-logrotator\app\schedule\clean_log.js
2019-08-21 14:41:30,574 INFO 31232 [egg-schedule]: register schedule C:\Users\user\Desktop\react-egg\server\node_modules\_egg-logrotator@3.1.0@egg-logrotator\app\schedule\rotate_by_file.js
2019-08-21 14:42:34,893 INFO 10356 [egg-schedule]: register schedule C:\Users\user\Desktop\react-egg\server\node_modules\_egg-multipart@2.9.0@egg-multipart\app\schedule\clean_tmpdir.js
2019-08-21 14:42:34,893 INFO 10356 [egg-schedule]: register schedule C:\Users\user\Desktop\react-egg\server\node_modules\_egg-logrotator@3.1.0@egg-logrotator\app\schedule\clean_log.js
2019-08-21 14:42:34,893 INFO 10356 [egg-schedule]: register schedule C:\Users\user\Desktop\react-egg\server\node_modules\_egg-logrotator@3.1.0@egg-logrotator\app\schedule\rotate_by_file.js
2019-08-21 14:44:38,344 INFO 23744 [egg-schedule]: register schedule C:\Users\user\Desktop\react-egg\server\node_modules\_egg-multipart@2.9.0@egg-multipart\app\schedule\clean_tmpdir.js
2019-08-21 14:44:38,344 INFO 23744 [egg-schedule]: register schedule C:\Users\user\Desktop\react-egg\server\node_modules\_egg-logrotator@3.1.0@egg-logrotator\app\schedule\clean_log.js
2019-08-21 14:44:38,344 INFO 23744 [egg-schedule]: register schedule C:\Users\user\Desktop\react-egg\server\node_modules\_egg-logrotator@3.1.0@egg-logrotator\app\schedule\rotate_by_file.js
2019-08-21 14:44:48,624 INFO 4780 [egg-schedule]: register schedule C:\Users\user\Desktop\react-egg\server\node_modules\_egg-multipart@2.9.0@egg-multipart\app\schedule\clean_tmpdir.js
2019-08-21 14:44:48,625 INFO 4780 [egg-schedule]: register schedule C:\Users\user\Desktop\react-egg\server\node_modules\_egg-logrotator@3.1.0@egg-logrotator\app\schedule\clean_log.js
2019-08-21 14:44:48,625 INFO 4780 [egg-schedule]: register schedule C:\Users\user\Desktop\react-egg\server\node_modules\_egg-logrotator@3.1.0@egg-logrotator\app\schedule\rotate_by_file.js
2019-08-21 14:45:33,199 INFO 16260 [egg-schedule]: register schedule C:\Users\user\Desktop\react-egg\server\node_modules\_egg-multipart@2.9.0@egg-multipart\app\schedule\clean_tmpdir.js
2019-08-21 14:45:33,199 INFO 16260 [egg-schedule]: register schedule C:\Users\user\Desktop\react-egg\server\node_modules\_egg-logrotator@3.1.0@egg-logrotator\app\schedule\clean_log.js
2019-08-21 14:45:33,199 INFO 16260 [egg-schedule]: register schedule C:\Users\user\Desktop\react-egg\server\node_modules\_egg-logrotator@3.1.0@egg-logrotator\app\schedule\rotate_by_file.js
2019-08-21 14:47:19,837 INFO 2788 [egg-schedule]: register schedule C:\Users\user\Desktop\react-egg\server\node_modules\_egg-multipart@2.9.0@egg-multipart\app\schedule\clean_tmpdir.js
2019-08-21 14:47:19,837 INFO 2788 [egg-schedule]: register schedule C:\Users\user\Desktop\react-egg\server\node_modules\_egg-logrotator@3.1.0@egg-logrotator\app\schedule\clean_log.js
2019-08-21 14:47:19,837 INFO 2788 [egg-schedule]: register schedule C:\Users\user\Desktop\react-egg\server\node_modules\_egg-logrotator@3.1.0@egg-logrotator\app\schedule\rotate_by_file.js
2019-08-21 14:49:00,485 INFO 1296 [egg-schedule]: register schedule C:\Users\user\Desktop\react-egg\server\node_modules\_egg-multipart@2.9.0@egg-multipart\app\schedule\clean_tmpdir.js
2019-08-21 14:49:00,485 INFO 1296 [egg-schedule]: register schedule C:\Users\user\Desktop\react-egg\server\node_modules\_egg-logrotator@3.1.0@egg-logrotator\app\schedule\clean_log.js
2019-08-21 14:49:00,485 INFO 1296 [egg-schedule]: register schedule C:\Users\user\Desktop\react-egg\server\node_modules\_egg-logrotator@3.1.0@egg-logrotator\app\schedule\rotate_by_file.js
2019-08-21 14:53:18,715 INFO 23696 [egg-schedule]: register schedule C:\Users\user\Desktop\react-egg\server\node_modules\_egg-multipart@2.9.0@egg-multipart\app\schedule\clean_tmpdir.js
2019-08-21 14:53:18,715 INFO 23696 [egg-schedule]: register schedule C:\Users\user\Desktop\react-egg\server\node_modules\_egg-logrotator@3.1.0@egg-logrotator\app\schedule\clean_log.js
2019-08-21 14:53:18,715 INFO 23696 [egg-schedule]: register schedule C:\Users\user\Desktop\react-egg\server\node_modules\_egg-logrotator@3.1.0@egg-logrotator\app\schedule\rotate_by_file.js
2019-08-21 14:53:19,120 INFO 7872 [Timer] C:\Users\user\Desktop\react-egg\server\node_modules\_egg-multipart@2.9.0@egg-multipart\app\schedule\clean_tmpdir.js next time will execute after 49000884ms at 2019-08-22 04:30:00.004
2019-08-21 14:53:19,120 INFO 7872 [Timer] C:\Users\user\Desktop\react-egg\server\node_modules\_egg-logrotator@3.1.0@egg-logrotator\app\schedule\clean_log.js next time will execute after 32800880ms at 2019-08-22 00:00:00.000
2019-08-21 14:53:19,120 INFO 7872 [Timer] C:\Users\user\Desktop\react-egg\server\node_modules\_egg-logrotator@3.1.0@egg-logrotator\app\schedule\rotate_by_file.js next time will execute after 32801880ms at 2019-08-22 00:00:01.000
2019-08-21 14:56:40,247 INFO 28412 [egg-schedule]: register schedule C:\Users\user\Desktop\react-egg\server\node_modules\_egg-multipart@2.9.0@egg-multipart\app\schedule\clean_tmpdir.js
2019-08-21 14:56:40,247 INFO 28412 [egg-schedule]: register schedule C:\Users\user\Desktop\react-egg\server\node_modules\_egg-logrotator@3.1.0@egg-logrotator\app\schedule\clean_log.js
2019-08-21 14:56:40,247 INFO 28412 [egg-schedule]: register schedule C:\Users\user\Desktop\react-egg\server\node_modules\_egg-logrotator@3.1.0@egg-logrotator\app\schedule\rotate_by_file.js
2019-08-21 14:57:00,507 INFO 11808 [egg-schedule]: register schedule C:\Users\user\Desktop\react-egg\server\node_modules\_egg-multipart@2.9.0@egg-multipart\app\schedule\clean_tmpdir.js
2019-08-21 14:57:00,507 INFO 11808 [egg-schedule]: register schedule C:\Users\user\Desktop\react-egg\server\node_modules\_egg-logrotator@3.1.0@egg-logrotator\app\schedule\clean_log.js
2019-08-21 14:57:00,508 INFO 11808 [egg-schedule]: register schedule C:\Users\user\Desktop\react-egg\server\node_modules\_egg-logrotator@3.1.0@egg-logrotator\app\schedule\rotate_by_file.js
2019-08-21 14:57:03,876 INFO 20524 [egg-schedule]: register schedule C:\Users\user\Desktop\react-egg\server\node_modules\_egg-multipart@2.9.0@egg-multipart\app\schedule\clean_tmpdir.js
2019-08-21 14:57:03,876 INFO 20524 [egg-schedule]: register schedule C:\Users\user\Desktop\react-egg\server\node_modules\_egg-logrotator@3.1.0@egg-logrotator\app\schedule\clean_log.js
2019-08-21 14:57:03,876 INFO 20524 [egg-schedule]: register schedule C:\Users\user\Desktop\react-egg\server\node_modules\_egg-logrotator@3.1.0@egg-logrotator\app\schedule\rotate_by_file.js
2019-08-21 15:01:23,249 INFO 22076 [egg-schedule]: register schedule C:\Users\user\Desktop\react-egg\server\node_modules\_egg-multipart@2.9.0@egg-multipart\app\schedule\clean_tmpdir.js
2019-08-21 15:01:23,249 INFO 22076 [egg-schedule]: register schedule C:\Users\user\Desktop\react-egg\server\node_modules\_egg-logrotator@3.1.0@egg-logrotator\app\schedule\clean_log.js
2019-08-21 15:01:23,249 INFO 22076 [egg-schedule]: register schedule C:\Users\user\Desktop\react-egg\server\node_modules\_egg-logrotator@3.1.0@egg-logrotator\app\schedule\rotate_by_file.js
2019-08-21 15:01:23,668 INFO 2016 [Timer] C:\Users\user\Desktop\react-egg\server\node_modules\_egg-multipart@2.9.0@egg-multipart\app\schedule\clean_tmpdir.js next time will execute after 48516335ms at 2019-08-22 04:30:00.003
2019-08-21 15:01:23,669 INFO 2016 [Timer] C:\Users\user\Desktop\react-egg\server\node_modules\_egg-logrotator@3.1.0@egg-logrotator\app\schedule\clean_log.js next time will execute after 32316332ms at 2019-08-22 00:00:00.001
2019-08-21 15:01:23,669 INFO 2016 [Timer] C:\Users\user\Desktop\react-egg\server\node_modules\_egg-logrotator@3.1.0@egg-logrotator\app\schedule\rotate_by_file.js next time will execute after 32317331ms at 2019-08-22 00:00:01.000
2019-08-21 15:03:38,176 INFO 19832 [egg-schedule]: register schedule C:\Users\user\Desktop\react-egg\server\node_modules\_egg-multipart@2.9.0@egg-multipart\app\schedule\clean_tmpdir.js
2019-08-21 15:03:38,176 INFO 19832 [egg-schedule]: register schedule C:\Users\user\Desktop\react-egg\server\node_modules\_egg-logrotator@3.1.0@egg-logrotator\app\schedule\clean_log.js
2019-08-21 15:03:38,176 INFO 19832 [egg-schedule]: register schedule C:\Users\user\Desktop\react-egg\server\node_modules\_egg-logrotator@3.1.0@egg-logrotator\app\schedule\rotate_by_file.js
2019-08-21 15:04:02,745 INFO 27576 [egg-schedule]: register schedule C:\Users\user\Desktop\react-egg\server\node_modules\_egg-multipart@2.9.0@egg-multipart\app\schedule\clean_tmpdir.js
2019-08-21 15:04:02,745 INFO 27576 [egg-schedule]: register schedule C:\Users\user\Desktop\react-egg\server\node_modules\_egg-logrotator@3.1.0@egg-logrotator\app\schedule\clean_log.js
2019-08-21 15:04:02,745 INFO 27576 [egg-schedule]: register schedule C:\Users\user\Desktop\react-egg\server\node_modules\_egg-logrotator@3.1.0@egg-logrotator\app\schedule\rotate_by_file.js
2019-08-21 15:06:09,547 INFO 30268 [egg-schedule]: register schedule C:\Users\user\Desktop\react-egg\server\node_modules\_egg-multipart@2.9.0@egg-multipart\app\schedule\clean_tmpdir.js
2019-08-21 15:06:09,547 INFO 30268 [egg-schedule]: register schedule C:\Users\user\Desktop\react-egg\server\node_modules\_egg-logrotator@3.1.0@egg-logrotator\app\schedule\clean_log.js
2019-08-21 15:06:09,547 INFO 30268 [egg-schedule]: register schedule C:\Users\user\Desktop\react-egg\server\node_modules\_egg-logrotator@3.1.0@egg-logrotator\app\schedule\rotate_by_file.js
2019-08-21 15:06:26,345 INFO 24980 [egg-schedule]: register schedule C:\Users\user\Desktop\react-egg\server\node_modules\_egg-multipart@2.9.0@egg-multipart\app\schedule\clean_tmpdir.js
2019-08-21 15:06:26,345 INFO 24980 [egg-schedule]: register schedule C:\Users\user\Desktop\react-egg\server\node_modules\_egg-logrotator@3.1.0@egg-logrotator\app\schedule\clean_log.js
2019-08-21 15:06:26,345 INFO 24980 [egg-schedule]: register schedule C:\Users\user\Desktop\react-egg\server\node_modules\_egg-logrotator@3.1.0@egg-logrotator\app\schedule\rotate_by_file.js
2019-08-21 15:07:21,484 INFO 9900 [egg-schedule]: register schedule C:\Users\user\Desktop\react-egg\server\node_modules\_egg-multipart@2.9.0@egg-multipart\app\schedule\clean_tmpdir.js
2019-08-21 15:07:21,484 INFO 9900 [egg-schedule]: register schedule C:\Users\user\Desktop\react-egg\server\node_modules\_egg-logrotator@3.1.0@egg-logrotator\app\schedule\clean_log.js
2019-08-21 15:07:21,484 INFO 9900 [egg-schedule]: register schedule C:\Users\user\Desktop\react-egg\server\node_modules\_egg-logrotator@3.1.0@egg-logrotator\app\schedule\rotate_by_file.js
2019-08-21 15:09:29,059 INFO 31296 [egg-schedule]: register schedule C:\Users\user\Desktop\react-egg\server\node_modules\_egg-multipart@2.9.0@egg-multipart\app\schedule\clean_tmpdir.js
2019-08-21 15:09:29,059 INFO 31296 [egg-schedule]: register schedule C:\Users\user\Desktop\react-egg\server\node_modules\_egg-logrotator@3.1.0@egg-logrotator\app\schedule\clean_log.js
2019-08-21 15:09:29,059 INFO 31296 [egg-schedule]: register schedule C:\Users\user\Desktop\react-egg\server\node_modules\_egg-logrotator@3.1.0@egg-logrotator\app\schedule\rotate_by_file.js
2019-08-21 15:09:47,096 INFO 23616 [egg-schedule]: register schedule C:\Users\user\Desktop\react-egg\server\node_modules\_egg-multipart@2.9.0@egg-multipart\app\schedule\clean_tmpdir.js
2019-08-21 15:09:47,096 INFO 23616 [egg-schedule]: register schedule C:\Users\user\Desktop\react-egg\server\node_modules\_egg-logrotator@3.1.0@egg-logrotator\app\schedule\clean_log.js
2019-08-21 15:09:47,096 INFO 23616 [egg-schedule]: register schedule C:\Users\user\Desktop\react-egg\server\node_modules\_egg-logrotator@3.1.0@egg-logrotator\app\schedule\rotate_by_file.js
2019-08-21 15:15:36,565 INFO 18124 [egg-schedule]: register schedule C:\Users\user\Desktop\react-egg\server\node_modules\_egg-multipart@2.9.0@egg-multipart\app\schedule\clean_tmpdir.js
2019-08-21 15:15:36,565 INFO 18124 [egg-schedule]: register schedule C:\Users\user\Desktop\react-egg\server\node_modules\_egg-logrotator@3.1.0@egg-logrotator\app\schedule\clean_log.js
2019-08-21 15:15:36,565 INFO 18124 [egg-schedule]: register schedule C:\Users\user\Desktop\react-egg\server\node_modules\_egg-logrotator@3.1.0@egg-logrotator\app\schedule\rotate_by_file.js
2019-08-21 15:17:08,036 INFO 3472 [egg-schedule]: register schedule C:\Users\user\Desktop\react-egg\server\node_modules\_egg-multipart@2.9.0@egg-multipart\app\schedule\clean_tmpdir.js
2019-08-21 15:17:08,036 INFO 3472 [egg-schedule]: register schedule C:\Users\user\Desktop\react-egg\server\node_modules\_egg-logrotator@3.1.0@egg-logrotator\app\schedule\clean_log.js
2019-08-21 15:17:08,036 INFO 3472 [egg-schedule]: register schedule C:\Users\user\Desktop\react-egg\server\node_modules\_egg-logrotator@3.1.0@egg-logrotator\app\schedule\rotate_by_file.js
2019-08-21 15:17:23,680 INFO 20092 [egg-schedule]: register schedule C:\Users\user\Desktop\react-egg\server\node_modules\_egg-multipart@2.9.0@egg-multipart\app\schedule\clean_tmpdir.js
2019-08-21 15:17:23,680 INFO 20092 [egg-schedule]: register schedule C:\Users\user\Desktop\react-egg\server\node_modules\_egg-logrotator@3.1.0@egg-logrotator\app\schedule\clean_log.js
2019-08-21 15:17:23,680 INFO 20092 [egg-schedule]: register schedule C:\Users\user\Desktop\react-egg\server\node_modules\_egg-logrotator@3.1.0@egg-logrotator\app\schedule\rotate_by_file.js
2019-08-21 15:19:16,723 INFO 28532 [egg-schedule]: register schedule C:\Users\user\Desktop\react-egg\server\node_modules\_egg-multipart@2.9.0@egg-multipart\app\schedule\clean_tmpdir.js
2019-08-21 15:19:16,723 INFO 28532 [egg-schedule]: register schedule C:\Users\user\Desktop\react-egg\server\node_modules\_egg-logrotator@3.1.0@egg-logrotator\app\schedule\clean_log.js
2019-08-21 15:19:16,723 INFO 28532 [egg-schedule]: register schedule C:\Users\user\Desktop\react-egg\server\node_modules\_egg-logrotator@3.1.0@egg-logrotator\app\schedule\rotate_by_file.js
2019-08-21 15:19:44,044 INFO 20964 [egg-schedule]: register schedule C:\Users\user\Desktop\react-egg\server\node_modules\_egg-multipart@2.9.0@egg-multipart\app\schedule\clean_tmpdir.js
2019-08-21 15:19:44,044 INFO 20964 [egg-schedule]: register schedule C:\Users\user\Desktop\react-egg\server\node_modules\_egg-logrotator@3.1.0@egg-logrotator\app\schedule\clean_log.js
2019-08-21 15:19:44,044 INFO 20964 [egg-schedule]: register schedule C:\Users\user\Desktop\react-egg\server\node_modules\_egg-logrotator@3.1.0@egg-logrotator\app\schedule\rotate_by_file.js
2019-08-21 15:22:39,434 INFO 20396 [egg-schedule]: register schedule C:\Users\user\Desktop\react-egg\server\node_modules\_egg-multipart@2.9.0@egg-multipart\app\schedule\clean_tmpdir.js
2019-08-21 15:22:39,434 INFO 20396 [egg-schedule]: register schedule C:\Users\user\Desktop\react-egg\server\node_modules\_egg-logrotator@3.1.0@egg-logrotator\app\schedule\clean_log.js
2019-08-21 15:22:39,434 INFO 20396 [egg-schedule]: register schedule C:\Users\user\Desktop\react-egg\server\node_modules\_egg-logrotator@3.1.0@egg-logrotator\app\schedule\rotate_by_file.js
2019-08-21 15:22:39,990 INFO 22192 [Timer] C:\Users\user\Desktop\react-egg\server\node_modules\_egg-multipart@2.9.0@egg-multipart\app\schedule\clean_tmpdir.js next time will execute after 47240014ms at 2019-08-22 04:30:00.004
2019-08-21 15:22:39,990 INFO 22192 [Timer] C:\Users\user\Desktop\react-egg\server\node_modules\_egg-logrotator@3.1.0@egg-logrotator\app\schedule\clean_log.js next time will execute after 31040010ms at 2019-08-22 00:00:00.000
2019-08-21 15:22:39,990 INFO 22192 [Timer] C:\Users\user\Desktop\react-egg\server\node_modules\_egg-logrotator@3.1.0@egg-logrotator\app\schedule\rotate_by_file.js next time will execute after 31041010ms at 2019-08-22 00:00:01.000
2019-08-21 15:22:49,832 INFO 20564 [egg-schedule]: register schedule C:\Users\user\Desktop\react-egg\server\node_modules\_egg-multipart@2.9.0@egg-multipart\app\schedule\clean_tmpdir.js
2019-08-21 15:22:49,832 INFO 20564 [egg-schedule]: register schedule C:\Users\user\Desktop\react-egg\server\node_modules\_egg-logrotator@3.1.0@egg-logrotator\app\schedule\clean_log.js
2019-08-21 15:22:49,832 INFO 20564 [egg-schedule]: register schedule C:\Users\user\Desktop\react-egg\server\node_modules\_egg-logrotator@3.1.0@egg-logrotator\app\schedule\rotate_by_file.js
2019-08-21 15:24:36,169 INFO 31716 [egg-schedule]: register schedule C:\Users\user\Desktop\react-egg\server\node_modules\_egg-multipart@2.9.0@egg-multipart\app\schedule\clean_tmpdir.js
2019-08-21 15:24:36,169 INFO 31716 [egg-schedule]: register schedule C:\Users\user\Desktop\react-egg\server\node_modules\_egg-logrotator@3.1.0@egg-logrotator\app\schedule\clean_log.js
2019-08-21 15:24:36,169 INFO 31716 [egg-schedule]: register schedule C:\Users\user\Desktop\react-egg\server\node_modules\_egg-logrotator@3.1.0@egg-logrotator\app\schedule\rotate_by_file.js
2019-08-21 15:25:03,244 INFO 24352 [egg-schedule]: register schedule C:\Users\user\Desktop\react-egg\server\node_modules\_egg-multipart@2.9.0@egg-multipart\app\schedule\clean_tmpdir.js
2019-08-21 15:25:03,244 INFO 24352 [egg-schedule]: register schedule C:\Users\user\Desktop\react-egg\server\node_modules\_egg-logrotator@3.1.0@egg-logrotator\app\schedule\clean_log.js
2019-08-21 15:25:03,244 INFO 24352 [egg-schedule]: register schedule C:\Users\user\Desktop\react-egg\server\node_modules\_egg-logrotator@3.1.0@egg-logrotator\app\schedule\rotate_by_file.js
2019-08-21 15:25:39,350 INFO 26916 [egg-schedule]: register schedule C:\Users\user\Desktop\react-egg\server\node_modules\_egg-multipart@2.9.0@egg-multipart\app\schedule\clean_tmpdir.js
2019-08-21 15:25:39,350 INFO 26916 [egg-schedule]: register schedule C:\Users\user\Desktop\react-egg\server\node_modules\_egg-logrotator@3.1.0@egg-logrotator\app\schedule\clean_log.js
2019-08-21 15:25:39,350 INFO 26916 [egg-schedule]: register schedule C:\Users\user\Desktop\react-egg\server\node_modules\_egg-logrotator@3.1.0@egg-logrotator\app\schedule\rotate_by_file.js
2019-08-21 15:26:08,633 INFO 16032 [Timer] C:\Users\user\Desktop\react-egg\server\node_modules\_egg-multipart@2.9.0@egg-multipart\app\schedule\clean_tmpdir.js next time will execute after 47031373ms at 2019-08-22 04:30:00.006
2019-08-21 15:26:08,633 INFO 16032 [Timer] C:\Users\user\Desktop\react-egg\server\node_modules\_egg-logrotator@3.1.0@egg-logrotator\app\schedule\clean_log.js next time will execute after 30831367ms at 2019-08-22 00:00:00.000
2019-08-21 15:26:08,634 INFO 16032 [Timer] C:\Users\user\Desktop\react-egg\server\node_modules\_egg-logrotator@3.1.0@egg-logrotator\app\schedule\rotate_by_file.js next time will execute after 30832367ms at 2019-08-22 00:00:01.001
2019-08-21 15:26:08,114 INFO 17872 [egg-schedule]: register schedule C:\Users\user\Desktop\react-egg\server\node_modules\_egg-multipart@2.9.0@egg-multipart\app\schedule\clean_tmpdir.js
2019-08-21 15:26:08,114 INFO 17872 [egg-schedule]: register schedule C:\Users\user\Desktop\react-egg\server\node_modules\_egg-logrotator@3.1.0@egg-logrotator\app\schedule\clean_log.js
2019-08-21 15:26:08,114 INFO 17872 [egg-schedule]: register schedule C:\Users\user\Desktop\react-egg\server\node_modules\_egg-logrotator@3.1.0@egg-logrotator\app\schedule\rotate_by_file.js
2019-08-21 15:26:44,422 INFO 31492 [egg-schedule]: register schedule C:\Users\user\Desktop\react-egg\server\node_modules\_egg-multipart@2.9.0@egg-multipart\app\schedule\clean_tmpdir.js
2019-08-21 15:26:44,422 INFO 31492 [egg-schedule]: register schedule C:\Users\user\Desktop\react-egg\server\node_modules\_egg-logrotator@3.1.0@egg-logrotator\app\schedule\clean_log.js
2019-08-21 15:26:44,422 INFO 31492 [egg-schedule]: register schedule C:\Users\user\Desktop\react-egg\server\node_modules\_egg-logrotator@3.1.0@egg-logrotator\app\schedule\rotate_by_file.js
2019-08-21 15:26:58,843 INFO 12832 [egg-schedule]: register schedule C:\Users\user\Desktop\react-egg\server\node_modules\_egg-multipart@2.9.0@egg-multipart\app\schedule\clean_tmpdir.js
2019-08-21 15:26:58,844 INFO 12832 [egg-schedule]: register schedule C:\Users\user\Desktop\react-egg\server\node_modules\_egg-logrotator@3.1.0@egg-logrotator\app\schedule\clean_log.js
2019-08-21 15:26:58,844 INFO 12832 [egg-schedule]: register schedule C:\Users\user\Desktop\react-egg\server\node_modules\_egg-logrotator@3.1.0@egg-logrotator\app\schedule\rotate_by_file.js
2019-08-21 15:27:59,015 INFO 2812 [egg-schedule]: register schedule C:\Users\user\Desktop\react-egg\server\node_modules\_egg-multipart@2.9.0@egg-multipart\app\schedule\clean_tmpdir.js
2019-08-21 15:27:59,015 INFO 2812 [egg-schedule]: register schedule C:\Users\user\Desktop\react-egg\server\node_modules\_egg-logrotator@3.1.0@egg-logrotator\app\schedule\clean_log.js
2019-08-21 15:27:59,015 INFO 2812 [egg-schedule]: register schedule C:\Users\user\Desktop\react-egg\server\node_modules\_egg-logrotator@3.1.0@egg-logrotator\app\schedule\rotate_by_file.js
2019-08-21 15:28:22,282 INFO 16428 [egg-schedule]: register schedule C:\Users\user\Desktop\react-egg\server\node_modules\_egg-multipart@2.9.0@egg-multipart\app\schedule\clean_tmpdir.js
2019-08-21 15:28:22,282 INFO 16428 [egg-schedule]: register schedule C:\Users\user\Desktop\react-egg\server\node_modules\_egg-logrotator@3.1.0@egg-logrotator\app\schedule\clean_log.js
2019-08-21 15:28:22,282 INFO 16428 [egg-schedule]: register schedule C:\Users\user\Desktop\react-egg\server\node_modules\_egg-logrotator@3.1.0@egg-logrotator\app\schedule\rotate_by_file.js
2019-08-21 15:28:54,552 INFO 1052 [egg-schedule]: register schedule C:\Users\user\Desktop\react-egg\server\node_modules\_egg-multipart@2.9.0@egg-multipart\app\schedule\clean_tmpdir.js
2019-08-21 15:28:54,552 INFO 1052 [egg-schedule]: register schedule C:\Users\user\Desktop\react-egg\server\node_modules\_egg-logrotator@3.1.0@egg-logrotator\app\schedule\clean_log.js
2019-08-21 15:28:54,552 INFO 1052 [egg-schedule]: register schedule C:\Users\user\Desktop\react-egg\server\node_modules\_egg-logrotator@3.1.0@egg-logrotator\app\schedule\rotate_by_file.js
2019-08-21 15:29:35,242 INFO 25596 [egg-schedule]: register schedule C:\Users\user\Desktop\react-egg\server\node_modules\_egg-multipart@2.9.0@egg-multipart\app\schedule\clean_tmpdir.js
2019-08-21 15:29:35,242 INFO 25596 [egg-schedule]: register schedule C:\Users\user\Desktop\react-egg\server\node_modules\_egg-logrotator@3.1.0@egg-logrotator\app\schedule\clean_log.js
2019-08-21 15:29:35,242 INFO 25596 [egg-schedule]: register schedule C:\Users\user\Desktop\react-egg\server\node_modules\_egg-logrotator@3.1.0@egg-logrotator\app\schedule\rotate_by_file.js
2019-08-21 15:29:57,880 INFO 26020 [egg-schedule]: register schedule C:\Users\user\Desktop\react-egg\server\node_modules\_egg-multipart@2.9.0@egg-multipart\app\schedule\clean_tmpdir.js
2019-08-21 15:29:57,880 INFO 26020 [egg-schedule]: register schedule C:\Users\user\Desktop\react-egg\server\node_modules\_egg-logrotator@3.1.0@egg-logrotator\app\schedule\clean_log.js
2019-08-21 15:29:57,880 INFO 26020 [egg-schedule]: register schedule C:\Users\user\Desktop\react-egg\server\node_modules\_egg-logrotator@3.1.0@egg-logrotator\app\schedule\rotate_by_file.js
2019-08-21 15:30:21,382 INFO 3472 [egg-schedule]: register schedule C:\Users\user\Desktop\react-egg\server\node_modules\_egg-multipart@2.9.0@egg-multipart\app\schedule\clean_tmpdir.js
2019-08-21 15:30:21,382 INFO 3472 [egg-schedule]: register schedule C:\Users\user\Desktop\react-egg\server\node_modules\_egg-logrotator@3.1.0@egg-logrotator\app\schedule\clean_log.js
2019-08-21 15:30:21,382 INFO 3472 [egg-schedule]: register schedule C:\Users\user\Desktop\react-egg\server\node_modules\_egg-logrotator@3.1.0@egg-logrotator\app\schedule\rotate_by_file.js
2019-08-21 15:30:21,852 INFO 21864 [Timer] C:\Users\user\Desktop\react-egg\server\node_modules\_egg-multipart@2.9.0@egg-multipart\app\schedule\clean_tmpdir.js next time will execute after 46778152ms at 2019-08-22 04:30:00.004
2019-08-21 15:30:21,852 INFO 21864 [Timer] C:\Users\user\Desktop\react-egg\server\node_modules\_egg-logrotator@3.1.0@egg-logrotator\app\schedule\clean_log.js next time will execute after 30578148ms at 2019-08-22 00:00:00.000
2019-08-21 15:30:21,852 INFO 21864 [Timer] C:\Users\user\Desktop\react-egg\server\node_modules\_egg-logrotator@3.1.0@egg-logrotator\app\schedule\rotate_by_file.js next time will execute after 30579148ms at 2019-08-22 00:00:01.000
2019-08-21 15:30:58,998 INFO 29740 [egg-schedule]: register schedule C:\Users\user\Desktop\react-egg\server\node_modules\_egg-multipart@2.9.0@egg-multipart\app\schedule\clean_tmpdir.js
2019-08-21 15:30:58,998 INFO 29740 [egg-schedule]: register schedule C:\Users\user\Desktop\react-egg\server\node_modules\_egg-logrotator@3.1.0@egg-logrotator\app\schedule\clean_log.js
2019-08-21 15:30:58,998 INFO 29740 [egg-schedule]: register schedule C:\Users\user\Desktop\react-egg\server\node_modules\_egg-logrotator@3.1.0@egg-logrotator\app\schedule\rotate_by_file.js
2019-08-21 15:31:25,755 INFO 16252 [egg-schedule]: register schedule C:\Users\user\Desktop\react-egg\server\node_modules\_egg-multipart@2.9.0@egg-multipart\app\schedule\clean_tmpdir.js
2019-08-21 15:31:25,756 INFO 16252 [egg-schedule]: register schedule C:\Users\user\Desktop\react-egg\server\node_modules\_egg-logrotator@3.1.0@egg-logrotator\app\schedule\clean_log.js
2019-08-21 15:31:25,756 INFO 16252 [egg-schedule]: register schedule C:\Users\user\Desktop\react-egg\server\node_modules\_egg-logrotator@3.1.0@egg-logrotator\app\schedule\rotate_by_file.js
2019-08-21 15:31:27,331 INFO 29676 [Timer] C:\Users\user\Desktop\react-egg\server\node_modules\_egg-multipart@2.9.0@egg-multipart\app\schedule\clean_tmpdir.js next time will execute after 46712672ms at 2019-08-22 04:30:00.003
2019-08-21 15:31:27,332 INFO 29676 [Timer] C:\Users\user\Desktop\react-egg\server\node_modules\_egg-logrotator@3.1.0@egg-logrotator\app\schedule\clean_log.js next time will execute after 30512669ms at 2019-08-22 00:00:00.001
2019-08-21 15:31:27,332 INFO 29676 [Timer] C:\Users\user\Desktop\react-egg\server\node_modules\_egg-logrotator@3.1.0@egg-logrotator\app\schedule\rotate_by_file.js next time will execute after 30513668ms at 2019-08-22 00:00:01.000
2019-08-21 15:42:46,274 INFO 13004 [Timer] C:\Users\user\Desktop\react-egg\server\node_modules\_egg-multipart@2.9.0@egg-multipart\app\schedule\clean_tmpdir.js next time will execute after 46033730ms at 2019-08-22 04:30:00.004
2019-08-21 15:42:46,274 INFO 13004 [Timer] C:\Users\user\Desktop\react-egg\server\node_modules\_egg-logrotator@3.1.0@egg-logrotator\app\schedule\clean_log.js next time will execute after 29833726ms at 2019-08-22 00:00:00.000
2019-08-21 15:42:46,274 INFO 13004 [Timer] C:\Users\user\Desktop\react-egg\server\node_modules\_egg-logrotator@3.1.0@egg-logrotator\app\schedule\rotate_by_file.js next time will execute after 29834726ms at 2019-08-22 00:00:01.000
2019-08-21 15:42:45,776 INFO 7084 [egg-schedule]: register schedule C:\Users\user\Desktop\react-egg\server\node_modules\_egg-multipart@2.9.0@egg-multipart\app\schedule\clean_tmpdir.js
2019-08-21 15:42:45,776 INFO 7084 [egg-schedule]: register schedule C:\Users\user\Desktop\react-egg\server\node_modules\_egg-logrotator@3.1.0@egg-logrotator\app\schedule\clean_log.js
2019-08-21 15:42:45,776 INFO 7084 [egg-schedule]: register schedule C:\Users\user\Desktop\react-egg\server\node_modules\_egg-logrotator@3.1.0@egg-logrotator\app\schedule\rotate_by_file.js
2019-08-21 15:49:18,479 INFO 26580 [egg-schedule]: register schedule C:\Users\user\Desktop\react-egg\server\node_modules\_egg-multipart@2.9.0@egg-multipart\app\schedule\clean_tmpdir.js
2019-08-21 15:49:18,479 INFO 26580 [egg-schedule]: register schedule C:\Users\user\Desktop\react-egg\server\node_modules\_egg-logrotator@3.1.0@egg-logrotator\app\schedule\clean_log.js
2019-08-21 15:49:18,479 INFO 26580 [egg-schedule]: register schedule C:\Users\user\Desktop\react-egg\server\node_modules\_egg-logrotator@3.1.0@egg-logrotator\app\schedule\rotate_by_file.js
2019-08-21 15:49:22,454 INFO 19464 [egg-schedule]: register schedule C:\Users\user\Desktop\react-egg\server\node_modules\_egg-multipart@2.9.0@egg-multipart\app\schedule\clean_tmpdir.js
2019-08-21 15:49:22,454 INFO 19464 [egg-schedule]: register schedule C:\Users\user\Desktop\react-egg\server\node_modules\_egg-logrotator@3.1.0@egg-logrotator\app\schedule\clean_log.js
2019-08-21 15:49:22,454 INFO 19464 [egg-schedule]: register schedule C:\Users\user\Desktop\react-egg\server\node_modules\_egg-logrotator@3.1.0@egg-logrotator\app\schedule\rotate_by_file.js
2019-08-21 15:49:36,212 INFO 28896 [egg-schedule]: register schedule C:\Users\user\Desktop\react-egg\server\node_modules\_egg-multipart@2.9.0@egg-multipart\app\schedule\clean_tmpdir.js
2019-08-21 15:49:36,212 INFO 28896 [egg-schedule]: register schedule C:\Users\user\Desktop\react-egg\server\node_modules\_egg-logrotator@3.1.0@egg-logrotator\app\schedule\clean_log.js
2019-08-21 15:49:36,212 INFO 28896 [egg-schedule]: register schedule C:\Users\user\Desktop\react-egg\server\node_modules\_egg-logrotator@3.1.0@egg-logrotator\app\schedule\rotate_by_file.js
2019-08-21 15:56:02,554 INFO 1808 [egg-schedule]: register schedule C:\Users\user\Desktop\react-egg\server\node_modules\_egg-multipart@2.9.0@egg-multipart\app\schedule\clean_tmpdir.js
2019-08-21 15:56:02,554 INFO 1808 [egg-schedule]: register schedule C:\Users\user\Desktop\react-egg\server\node_modules\_egg-logrotator@3.1.0@egg-logrotator\app\schedule\clean_log.js
2019-08-21 15:56:02,554 INFO 1808 [egg-schedule]: register schedule C:\Users\user\Desktop\react-egg\server\node_modules\_egg-logrotator@3.1.0@egg-logrotator\app\schedule\rotate_by_file.js
2019-08-21 20:47:09,225 INFO 27616 [egg-schedule]: register schedule C:\Users\user\Desktop\react-egg\server\node_modules\_egg-multipart@2.9.0@egg-multipart\app\schedule\clean_tmpdir.js
2019-08-21 20:47:09,225 INFO 27616 [egg-schedule]: register schedule C:\Users\user\Desktop\react-egg\server\node_modules\_egg-logrotator@3.1.0@egg-logrotator\app\schedule\clean_log.js
2019-08-21 20:47:09,225 INFO 27616 [egg-schedule]: register schedule C:\Users\user\Desktop\react-egg\server\node_modules\_egg-logrotator@3.1.0@egg-logrotator\app\schedule\rotate_by_file.js
2019-08-21 20:47:09,687 INFO 2812 [Timer] C:\Users\user\Desktop\react-egg\server\node_modules\_egg-multipart@2.9.0@egg-multipart\app\schedule\clean_tmpdir.js next time will execute after 27770316ms at 2019-08-22 04:30:00.003
2019-08-21 20:47:09,687 INFO 2812 [Timer] C:\Users\user\Desktop\react-egg\server\node_modules\_egg-logrotator@3.1.0@egg-logrotator\app\schedule\clean_log.js next time will execute after 11570313ms at 2019-08-22 00:00:00.000
2019-08-21 20:47:09,687 INFO 2812 [Timer] C:\Users\user\Desktop\react-egg\server\node_modules\_egg-logrotator@3.1.0@egg-logrotator\app\schedule\rotate_by_file.js next time will execute after 11571313ms at 2019-08-22 00:00:01.000
2019-08-22 08:45:41,753 INFO 8596 [egg-schedule]: register schedule C:\Users\user\Desktop\react-egg\server\node_modules\_egg-multipart@2.9.0@egg-multipart\app\schedule\clean_tmpdir.js
2019-08-22 08:45:41,753 INFO 8596 [egg-schedule]: register schedule C:\Users\user\Desktop\react-egg\server\node_modules\_egg-logrotator@3.1.0@egg-logrotator\app\schedule\clean_log.js
2019-08-22 08:45:41,753 INFO 8596 [egg-schedule]: register schedule C:\Users\user\Desktop\react-egg\server\node_modules\_egg-logrotator@3.1.0@egg-logrotator\app\schedule\rotate_by_file.js
2019-08-22 08:45:42,273 INFO 16192 [Timer] C:\Users\user\Desktop\react-egg\server\node_modules\_egg-multipart@2.9.0@egg-multipart\app\schedule\clean_tmpdir.js next time will execute after 71057732ms at 2019-08-23 04:30:00.004
2019-08-22 08:45:42,273 INFO 16192 [Timer] C:\Users\user\Desktop\react-egg\server\node_modules\_egg-logrotator@3.1.0@egg-logrotator\app\schedule\clean_log.js next time will execute after 54857727ms at 2019-08-23 00:00:00.000
2019-08-22 08:45:42,274 INFO 16192 [Timer] C:\Users\user\Desktop\react-egg\server\node_modules\_egg-logrotator@3.1.0@egg-logrotator\app\schedule\rotate_by_file.js next time will execute after 54858727ms at 2019-08-23 00:00:01.001
2019-08-22 09:27:04,668 INFO 29372 [egg-schedule]: register schedule C:\Users\user\Desktop\react-egg\server\node_modules\_egg-multipart@2.9.0@egg-multipart\app\schedule\clean_tmpdir.js
2019-08-22 09:27:04,668 INFO 29372 [egg-schedule]: register schedule C:\Users\user\Desktop\react-egg\server\node_modules\_egg-logrotator@3.1.0@egg-logrotator\app\schedule\clean_log.js
2019-08-22 09:27:04,668 INFO 29372 [egg-schedule]: register schedule C:\Users\user\Desktop\react-egg\server\node_modules\_egg-logrotator@3.1.0@egg-logrotator\app\schedule\rotate_by_file.js
2019-08-22 09:31:36,207 INFO 20152 [egg-schedule]: register schedule C:\Users\user\Desktop\react-egg\server\node_modules\_egg-multipart@2.9.0@egg-multipart\app\schedule\clean_tmpdir.js
2019-08-22 09:31:36,207 INFO 20152 [egg-schedule]: register schedule C:\Users\user\Desktop\react-egg\server\node_modules\_egg-logrotator@3.1.0@egg-logrotator\app\schedule\clean_log.js
2019-08-22 09:31:36,207 INFO 20152 [egg-schedule]: register schedule C:\Users\user\Desktop\react-egg\server\node_modules\_egg-logrotator@3.1.0@egg-logrotator\app\schedule\rotate_by_file.js
2019-08-22 09:33:43,269 INFO 29692 [egg-schedule]: register schedule C:\Users\user\Desktop\react-egg\server\node_modules\_egg-multipart@2.9.0@egg-multipart\app\schedule\clean_tmpdir.js
2019-08-22 09:33:43,269 INFO 29692 [egg-schedule]: register schedule C:\Users\user\Desktop\react-egg\server\node_modules\_egg-logrotator@3.1.0@egg-logrotator\app\schedule\clean_log.js
2019-08-22 09:33:43,269 INFO 29692 [egg-schedule]: register schedule C:\Users\user\Desktop\react-egg\server\node_modules\_egg-logrotator@3.1.0@egg-logrotator\app\schedule\rotate_by_file.js
2019-08-22 10:17:06,781 INFO 22376 [egg-schedule]: register schedule C:\Users\user\Desktop\react-egg\server\node_modules\_egg-multipart@2.9.0@egg-multipart\app\schedule\clean_tmpdir.js
2019-08-22 10:17:06,781 INFO 22376 [egg-schedule]: register schedule C:\Users\user\Desktop\react-egg\server\node_modules\_egg-logrotator@3.1.0@egg-logrotator\app\schedule\clean_log.js
2019-08-22 10:17:06,781 INFO 22376 [egg-schedule]: register schedule C:\Users\user\Desktop\react-egg\server\node_modules\_egg-logrotator@3.1.0@egg-logrotator\app\schedule\rotate_by_file.js
2019-08-22 10:17:56,999 INFO 9972 [egg-schedule]: register schedule C:\Users\user\Desktop\react-egg\server\node_modules\_egg-multipart@2.9.0@egg-multipart\app\schedule\clean_tmpdir.js
2019-08-22 10:17:56,999 INFO 9972 [egg-schedule]: register schedule C:\Users\user\Desktop\react-egg\server\node_modules\_egg-logrotator@3.1.0@egg-logrotator\app\schedule\clean_log.js
2019-08-22 10:17:56,999 INFO 9972 [egg-schedule]: register schedule C:\Users\user\Desktop\react-egg\server\node_modules\_egg-logrotator@3.1.0@egg-logrotator\app\schedule\rotate_by_file.js
2019-08-22 11:04:38,824 INFO 23992 [egg-schedule]: register schedule C:\Users\user\Desktop\react-egg\server\node_modules\_egg-multipart@2.9.0@egg-multipart\app\schedule\clean_tmpdir.js
2019-08-22 11:04:38,824 INFO 23992 [egg-schedule]: register schedule C:\Users\user\Desktop\react-egg\server\node_modules\_egg-logrotator@3.1.0@egg-logrotator\app\schedule\clean_log.js
2019-08-22 11:04:38,824 INFO 23992 [egg-schedule]: register schedule C:\Users\user\Desktop\react-egg\server\node_modules\_egg-logrotator@3.1.0@egg-logrotator\app\schedule\rotate_by_file.js
2019-08-22 11:04:39,508 INFO 4548 [Timer] C:\Users\user\Desktop\react-egg\server\node_modules\_egg-multipart@2.9.0@egg-multipart\app\schedule\clean_tmpdir.js next time will execute after 62720499ms at 2019-08-23 04:30:00.007
2019-08-22 11:04:39,509 INFO 4548 [Timer] C:\Users\user\Desktop\react-egg\server\node_modules\_egg-logrotator@3.1.0@egg-logrotator\app\schedule\clean_log.js next time will execute after 46520492ms at 2019-08-23 00:00:00.001
2019-08-22 11:04:39,509 INFO 4548 [Timer] C:\Users\user\Desktop\react-egg\server\node_modules\_egg-logrotator@3.1.0@egg-logrotator\app\schedule\rotate_by_file.js next time will execute after 46521491ms at 2019-08-23 00:00:01.000
2019-08-22 11:08:56,597 INFO 26164 [egg-schedule]: register schedule C:\Users\user\Desktop\react-egg\server\node_modules\_egg-multipart@2.9.0@egg-multipart\app\schedule\clean_tmpdir.js
2019-08-22 11:08:56,597 INFO 26164 [egg-schedule]: register schedule C:\Users\user\Desktop\react-egg\server\node_modules\_egg-logrotator@3.1.0@egg-logrotator\app\schedule\clean_log.js
2019-08-22 11:08:56,597 INFO 26164 [egg-schedule]: register schedule C:\Users\user\Desktop\react-egg\server\node_modules\_egg-logrotator@3.1.0@egg-logrotator\app\schedule\rotate_by_file.js
2019-08-22 11:14:02,293 INFO 29448 [egg-schedule]: register schedule C:\Users\user\Desktop\react-egg\server\node_modules\_egg-multipart@2.9.0@egg-multipart\app\schedule\clean_tmpdir.js
2019-08-22 11:14:02,293 INFO 29448 [egg-schedule]: register schedule C:\Users\user\Desktop\react-egg\server\node_modules\_egg-logrotator@3.1.0@egg-logrotator\app\schedule\clean_log.js
2019-08-22 11:14:02,293 INFO 29448 [egg-schedule]: register schedule C:\Users\user\Desktop\react-egg\server\node_modules\_egg-logrotator@3.1.0@egg-logrotator\app\schedule\rotate_by_file.js
2019-08-22 11:15:10,622 INFO 27028 [egg-schedule]: register schedule C:\Users\user\Desktop\react-egg\server\node_modules\_egg-multipart@2.9.0@egg-multipart\app\schedule\clean_tmpdir.js
2019-08-22 11:15:10,622 INFO 27028 [egg-schedule]: register schedule C:\Users\user\Desktop\react-egg\server\node_modules\_egg-logrotator@3.1.0@egg-logrotator\app\schedule\clean_log.js
2019-08-22 11:15:10,622 INFO 27028 [egg-schedule]: register schedule C:\Users\user\Desktop\react-egg\server\node_modules\_egg-logrotator@3.1.0@egg-logrotator\app\schedule\rotate_by_file.js
2019-08-22 16:45:04,725 INFO 14504 [egg-schedule]: register schedule C:\Users\user\Desktop\react-egg\server\node_modules\_egg-multipart@2.9.0@egg-multipart\app\schedule\clean_tmpdir.js
2019-08-22 16:45:04,725 INFO 14504 [egg-schedule]: register schedule C:\Users\user\Desktop\react-egg\server\node_modules\_egg-logrotator@3.1.0@egg-logrotator\app\schedule\clean_log.js
2019-08-22 16:45:04,725 INFO 14504 [egg-schedule]: register schedule C:\Users\user\Desktop\react-egg\server\node_modules\_egg-logrotator@3.1.0@egg-logrotator\app\schedule\rotate_by_file.js
2019-08-22 16:45:54,311 INFO 21444 [egg-schedule]: register schedule C:\Users\user\Desktop\react-egg\server\node_modules\_egg-multipart@2.9.0@egg-multipart\app\schedule\clean_tmpdir.js
2019-08-22 16:45:54,311 INFO 21444 [egg-schedule]: register schedule C:\Users\user\Desktop\react-egg\server\node_modules\_egg-logrotator@3.1.0@egg-logrotator\app\schedule\clean_log.js
2019-08-22 16:45:54,311 INFO 21444 [egg-schedule]: register schedule C:\Users\user\Desktop\react-egg\server\node_modules\_egg-logrotator@3.1.0@egg-logrotator\app\schedule\rotate_by_file.js
2019-08-22 16:49:35,160 INFO 14656 [egg-schedule]: register schedule C:\Users\user\Desktop\react-egg\server\node_modules\_egg-multipart@2.9.0@egg-multipart\app\schedule\clean_tmpdir.js
2019-08-22 16:49:35,160 INFO 14656 [egg-schedule]: register schedule C:\Users\user\Desktop\react-egg\server\node_modules\_egg-logrotator@3.1.0@egg-logrotator\app\schedule\clean_log.js
2019-08-22 16:49:35,160 INFO 14656 [egg-schedule]: register schedule C:\Users\user\Desktop\react-egg\server\node_modules\_egg-logrotator@3.1.0@egg-logrotator\app\schedule\rotate_by_file.js
2019-08-22 16:50:55,485 INFO 9356 [egg-schedule]: register schedule C:\Users\user\Desktop\react-egg\server\node_modules\_egg-multipart@2.9.0@egg-multipart\app\schedule\clean_tmpdir.js
2019-08-22 16:50:55,485 INFO 9356 [egg-schedule]: register schedule C:\Users\user\Desktop\react-egg\server\node_modules\_egg-logrotator@3.1.0@egg-logrotator\app\schedule\clean_log.js
2019-08-22 16:50:55,485 INFO 9356 [egg-schedule]: register schedule C:\Users\user\Desktop\react-egg\server\node_modules\_egg-logrotator@3.1.0@egg-logrotator\app\schedule\rotate_by_file.js
2019-08-22 16:51:32,305 INFO 29844 [egg-schedule]: register schedule C:\Users\user\Desktop\react-egg\server\node_modules\_egg-multipart@2.9.0@egg-multipart\app\schedule\clean_tmpdir.js
2019-08-22 16:51:32,305 INFO 29844 [egg-schedule]: register schedule C:\Users\user\Desktop\react-egg\server\node_modules\_egg-logrotator@3.1.0@egg-logrotator\app\schedule\clean_log.js
2019-08-22 16:51:32,305 INFO 29844 [egg-schedule]: register schedule C:\Users\user\Desktop\react-egg\server\node_modules\_egg-logrotator@3.1.0@egg-logrotator\app\schedule\rotate_by_file.js
2019-08-22 16:52:12,093 INFO 20552 [egg-schedule]: register schedule C:\Users\user\Desktop\react-egg\server\node_modules\_egg-multipart@2.9.0@egg-multipart\app\schedule\clean_tmpdir.js
2019-08-22 16:52:12,093 INFO 20552 [egg-schedule]: register schedule C:\Users\user\Desktop\react-egg\server\node_modules\_egg-logrotator@3.1.0@egg-logrotator\app\schedule\clean_log.js
2019-08-22 16:52:12,093 INFO 20552 [egg-schedule]: register schedule C:\Users\user\Desktop\react-egg\server\node_modules\_egg-logrotator@3.1.0@egg-logrotator\app\schedule\rotate_by_file.js
2019-08-22 16:55:26,540 INFO 11312 [egg-schedule]: register schedule C:\Users\user\Desktop\react-egg\server\node_modules\_egg-multipart@2.9.0@egg-multipart\app\schedule\clean_tmpdir.js
2019-08-22 16:55:26,540 INFO 11312 [egg-schedule]: register schedule C:\Users\user\Desktop\react-egg\server\node_modules\_egg-logrotator@3.1.0@egg-logrotator\app\schedule\clean_log.js
2019-08-22 16:55:26,540 INFO 11312 [egg-schedule]: register schedule C:\Users\user\Desktop\react-egg\server\node_modules\_egg-logrotator@3.1.0@egg-logrotator\app\schedule\rotate_by_file.js
2019-08-22 18:55:39,725 INFO 20620 [Timer] C:\Users\user\Desktop\react-egg\server\node_modules\_egg-multipart@2.9.0@egg-multipart\app\schedule\clean_tmpdir.js next time will execute after 34460280ms at 2019-08-23 04:30:00.005
2019-08-22 18:55:39,725 INFO 20620 [Timer] C:\Users\user\Desktop\react-egg\server\node_modules\_egg-logrotator@3.1.0@egg-logrotator\app\schedule\clean_log.js next time will execute after 18260275ms at 2019-08-23 00:00:00.000
2019-08-22 18:55:39,726 INFO 20620 [Timer] C:\Users\user\Desktop\react-egg\server\node_modules\_egg-logrotator@3.1.0@egg-logrotator\app\schedule\rotate_by_file.js next time will execute after 18261275ms at 2019-08-23 00:00:01.001
2019-08-22 18:55:39,201 INFO 21216 [egg-schedule]: register schedule C:\Users\user\Desktop\react-egg\server\node_modules\_egg-multipart@2.9.0@egg-multipart\app\schedule\clean_tmpdir.js
2019-08-22 18:55:39,201 INFO 21216 [egg-schedule]: register schedule C:\Users\user\Desktop\react-egg\server\node_modules\_egg-logrotator@3.1.0@egg-logrotator\app\schedule\clean_log.js
2019-08-22 18:55:39,201 INFO 21216 [egg-schedule]: register schedule C:\Users\user\Desktop\react-egg\server\node_modules\_egg-logrotator@3.1.0@egg-logrotator\app\schedule\rotate_by_file.js
2019-08-22 19:22:46,679 INFO 3096 [egg-schedule]: register schedule C:\Users\user\Desktop\react-egg\server\node_modules\_egg-multipart@2.9.0@egg-multipart\app\schedule\clean_tmpdir.js
2019-08-22 19:22:46,679 INFO 3096 [egg-schedule]: register schedule C:\Users\user\Desktop\react-egg\server\node_modules\_egg-logrotator@3.1.0@egg-logrotator\app\schedule\clean_log.js
2019-08-22 19:22:46,679 INFO 3096 [egg-schedule]: register schedule C:\Users\user\Desktop\react-egg\server\node_modules\_egg-logrotator@3.1.0@egg-logrotator\app\schedule\rotate_by_file.js
2019-08-22 19:25:03,684 INFO 3016 [egg-schedule]: register schedule C:\Users\user\Desktop\react-egg\server\node_modules\_egg-multipart@2.9.0@egg-multipart\app\schedule\clean_tmpdir.js
2019-08-22 19:25:03,684 INFO 3016 [egg-schedule]: register schedule C:\Users\user\Desktop\react-egg\server\node_modules\_egg-logrotator@3.1.0@egg-logrotator\app\schedule\clean_log.js
2019-08-22 19:25:03,685 INFO 3016 [egg-schedule]: register schedule C:\Users\user\Desktop\react-egg\server\node_modules\_egg-logrotator@3.1.0@egg-logrotator\app\schedule\rotate_by_file.js
2019-08-22 19:25:13,450 INFO 13628 [egg-schedule]: register schedule C:\Users\user\Desktop\react-egg\server\node_modules\_egg-multipart@2.9.0@egg-multipart\app\schedule\clean_tmpdir.js
2019-08-22 19:25:13,450 INFO 13628 [egg-schedule]: register schedule C:\Users\user\Desktop\react-egg\server\node_modules\_egg-logrotator@3.1.0@egg-logrotator\app\schedule\clean_log.js
2019-08-22 19:25:13,450 INFO 13628 [egg-schedule]: register schedule C:\Users\user\Desktop\react-egg\server\node_modules\_egg-logrotator@3.1.0@egg-logrotator\app\schedule\rotate_by_file.js
2019-08-22 19:25:19,176 INFO 4428 [egg-schedule]: register schedule C:\Users\user\Desktop\react-egg\server\node_modules\_egg-multipart@2.9.0@egg-multipart\app\schedule\clean_tmpdir.js
2019-08-22 19:25:19,176 INFO 4428 [egg-schedule]: register schedule C:\Users\user\Desktop\react-egg\server\node_modules\_egg-logrotator@3.1.0@egg-logrotator\app\schedule\clean_log.js
2019-08-22 19:25:19,177 INFO 4428 [egg-schedule]: register schedule C:\Users\user\Desktop\react-egg\server\node_modules\_egg-logrotator@3.1.0@egg-logrotator\app\schedule\rotate_by_file.js
2019-08-22 19:26:51,196 INFO 1868 [egg-schedule]: register schedule C:\Users\user\Desktop\react-egg\server\node_modules\_egg-multipart@2.9.0@egg-multipart\app\schedule\clean_tmpdir.js
2019-08-22 19:26:51,196 INFO 1868 [egg-schedule]: register schedule C:\Users\user\Desktop\react-egg\server\node_modules\_egg-logrotator@3.1.0@egg-logrotator\app\schedule\clean_log.js
2019-08-22 19:26:51,196 INFO 1868 [egg-schedule]: register schedule C:\Users\user\Desktop\react-egg\server\node_modules\_egg-logrotator@3.1.0@egg-logrotator\app\schedule\rotate_by_file.js
2019-08-22 19:29:25,697 INFO 26336 [egg-schedule]: register schedule C:\Users\user\Desktop\react-egg\server\node_modules\_egg-multipart@2.9.0@egg-multipart\app\schedule\clean_tmpdir.js
2019-08-22 19:29:25,697 INFO 26336 [egg-schedule]: register schedule C:\Users\user\Desktop\react-egg\server\node_modules\_egg-logrotator@3.1.0@egg-logrotator\app\schedule\clean_log.js
2019-08-22 19:29:25,697 INFO 26336 [egg-schedule]: register schedule C:\Users\user\Desktop\react-egg\server\node_modules\_egg-logrotator@3.1.0@egg-logrotator\app\schedule\rotate_by_file.js
2019-08-22 19:30:19,855 INFO 8168 [egg-schedule]: register schedule C:\Users\user\Desktop\react-egg\server\node_modules\_egg-multipart@2.9.0@egg-multipart\app\schedule\clean_tmpdir.js
2019-08-22 19:30:19,855 INFO 8168 [egg-schedule]: register schedule C:\Users\user\Desktop\react-egg\server\node_modules\_egg-logrotator@3.1.0@egg-logrotator\app\schedule\clean_log.js
2019-08-22 19:30:19,855 INFO 8168 [egg-schedule]: register schedule C:\Users\user\Desktop\react-egg\server\node_modules\_egg-logrotator@3.1.0@egg-logrotator\app\schedule\rotate_by_file.js
2019-08-22 19:30:20,277 INFO 13356 [Timer] C:\Users\user\Desktop\react-egg\server\node_modules\_egg-multipart@2.9.0@egg-multipart\app\schedule\clean_tmpdir.js next time will execute after 32379728ms at 2019-08-23 04:30:00.005
2019-08-22 19:30:20,277 INFO 13356 [Timer] C:\Users\user\Desktop\react-egg\server\node_modules\_egg-logrotator@3.1.0@egg-logrotator\app\schedule\clean_log.js next time will execute after 16179723ms at 2019-08-23 00:00:00.000
2019-08-22 19:30:20,277 INFO 13356 [Timer] C:\Users\user\Desktop\react-egg\server\node_modules\_egg-logrotator@3.1.0@egg-logrotator\app\schedule\rotate_by_file.js next time will execute after 16180723ms at 2019-08-23 00:00:01.000
2019-08-22 19:30:50,498 INFO 22816 [egg-schedule]: register schedule C:\Users\user\Desktop\react-egg\server\node_modules\_egg-multipart@2.9.0@egg-multipart\app\schedule\clean_tmpdir.js
2019-08-22 19:30:50,498 INFO 22816 [egg-schedule]: register schedule C:\Users\user\Desktop\react-egg\server\node_modules\_egg-logrotator@3.1.0@egg-logrotator\app\schedule\clean_log.js
2019-08-22 19:30:50,498 INFO 22816 [egg-schedule]: register schedule C:\Users\user\Desktop\react-egg\server\node_modules\_egg-logrotator@3.1.0@egg-logrotator\app\schedule\rotate_by_file.js
2019-08-22 19:43:08,944 INFO 17624 [egg-schedule]: register schedule C:\Users\user\Desktop\react-egg\server\node_modules\_egg-multipart@2.9.0@egg-multipart\app\schedule\clean_tmpdir.js
2019-08-22 19:43:08,944 INFO 17624 [egg-schedule]: register schedule C:\Users\user\Desktop\react-egg\server\node_modules\_egg-logrotator@3.1.0@egg-logrotator\app\schedule\clean_log.js
2019-08-22 19:43:08,944 INFO 17624 [egg-schedule]: register schedule C:\Users\user\Desktop\react-egg\server\node_modules\_egg-logrotator@3.1.0@egg-logrotator\app\schedule\rotate_by_file.js
2019-08-22 19:43:30,184 INFO 14192 [egg-schedule]: register schedule C:\Users\user\Desktop\react-egg\server\node_modules\_egg-multipart@2.9.0@egg-multipart\app\schedule\clean_tmpdir.js
2019-08-22 19:43:30,184 INFO 14192 [egg-schedule]: register schedule C:\Users\user\Desktop\react-egg\server\node_modules\_egg-logrotator@3.1.0@egg-logrotator\app\schedule\clean_log.js
2019-08-22 19:43:30,184 INFO 14192 [egg-schedule]: register schedule C:\Users\user\Desktop\react-egg\server\node_modules\_egg-logrotator@3.1.0@egg-logrotator\app\schedule\rotate_by_file.js
2019-08-26 20:26:33,058 INFO 15340 [Timer] C:\Users\user\Desktop\react-egg\server\node_modules\_egg-multipart@2.9.0@egg-multipart\app\schedule\clean_tmpdir.js next time will execute after 29006945ms at 2019-08-27 04:30:00.003
2019-08-26 20:26:33,058 INFO 15340 [Timer] C:\Users\user\Desktop\react-egg\server\node_modules\_egg-logrotator@3.1.0@egg-logrotator\app\schedule\clean_log.js next time will execute after 12806942ms at 2019-08-27 00:00:00.000
2019-08-26 20:26:33,058 INFO 15340 [Timer] C:\Users\user\Desktop\react-egg\server\node_modules\_egg-logrotator@3.1.0@egg-logrotator\app\schedule\rotate_by_file.js next time will execute after 12807942ms at 2019-08-27 00:00:01.000
2019-08-26 20:26:32,379 INFO 7616 [egg-schedule]: register schedule C:\Users\user\Desktop\react-egg\server\node_modules\_egg-multipart@2.9.0@egg-multipart\app\schedule\clean_tmpdir.js
2019-08-26 20:26:32,379 INFO 7616 [egg-schedule]: register schedule C:\Users\user\Desktop\react-egg\server\node_modules\_egg-logrotator@3.1.0@egg-logrotator\app\schedule\clean_log.js
2019-08-26 20:26:32,379 INFO 7616 [egg-schedule]: register schedule C:\Users\user\Desktop\react-egg\server\node_modules\_egg-logrotator@3.1.0@egg-logrotator\app\schedule\rotate_by_file.js
2019-08-26 20:37:54,580 INFO 4576 [egg-schedule]: register schedule C:\Users\user\Desktop\react-egg\server\node_modules\_egg-multipart@2.9.0@egg-multipart\app\schedule\clean_tmpdir.js
2019-08-26 20:37:54,580 INFO 4576 [egg-schedule]: register schedule C:\Users\user\Desktop\react-egg\server\node_modules\_egg-logrotator@3.1.0@egg-logrotator\app\schedule\clean_log.js
2019-08-26 20:37:54,580 INFO 4576 [egg-schedule]: register schedule C:\Users\user\Desktop\react-egg\server\node_modules\_egg-logrotator@3.1.0@egg-logrotator\app\schedule\rotate_by_file.js
2019-08-26 20:38:05,046 INFO 17132 [egg-schedule]: register schedule C:\Users\user\Desktop\react-egg\server\node_modules\_egg-multipart@2.9.0@egg-multipart\app\schedule\clean_tmpdir.js
2019-08-26 20:38:05,046 INFO 17132 [egg-schedule]: register schedule C:\Users\user\Desktop\react-egg\server\node_modules\_egg-logrotator@3.1.0@egg-logrotator\app\schedule\clean_log.js
2019-08-26 20:38:05,046 INFO 17132 [egg-schedule]: register schedule C:\Users\user\Desktop\react-egg\server\node_modules\_egg-logrotator@3.1.0@egg-logrotator\app\schedule\rotate_by_file.js
2019-08-26 20:38:47,454 INFO 22264 [egg-schedule]: register schedule C:\Users\user\Desktop\react-egg\server\node_modules\_egg-multipart@2.9.0@egg-multipart\app\schedule\clean_tmpdir.js
2019-08-26 20:38:47,454 INFO 22264 [egg-schedule]: register schedule C:\Users\user\Desktop\react-egg\server\node_modules\_egg-logrotator@3.1.0@egg-logrotator\app\schedule\clean_log.js
2019-08-26 20:38:47,454 INFO 22264 [egg-schedule]: register schedule C:\Users\user\Desktop\react-egg\server\node_modules\_egg-logrotator@3.1.0@egg-logrotator\app\schedule\rotate_by_file.js
2019-08-26 20:39:46,264 INFO 20636 [egg-schedule]: register schedule C:\Users\user\Desktop\react-egg\server\node_modules\_egg-multipart@2.9.0@egg-multipart\app\schedule\clean_tmpdir.js
2019-08-26 20:39:46,264 INFO 20636 [egg-schedule]: register schedule C:\Users\user\Desktop\react-egg\server\node_modules\_egg-logrotator@3.1.0@egg-logrotator\app\schedule\clean_log.js
2019-08-26 20:39:46,264 INFO 20636 [egg-schedule]: register schedule C:\Users\user\Desktop\react-egg\server\node_modules\_egg-logrotator@3.1.0@egg-logrotator\app\schedule\rotate_by_file.js
2019-08-26 20:43:47,261 INFO 2376 [egg-schedule]: register schedule C:\Users\user\Desktop\react-egg\server\node_modules\_egg-multipart@2.9.0@egg-multipart\app\schedule\clean_tmpdir.js
2019-08-26 20:43:47,261 INFO 2376 [egg-schedule]: register schedule C:\Users\user\Desktop\react-egg\server\node_modules\_egg-logrotator@3.1.0@egg-logrotator\app\schedule\clean_log.js
2019-08-26 20:43:47,261 INFO 2376 [egg-schedule]: register schedule C:\Users\user\Desktop\react-egg\server\node_modules\_egg-logrotator@3.1.0@egg-logrotator\app\schedule\rotate_by_file.js
2019-08-26 20:47:25,795 INFO 18168 [egg-schedule]: register schedule C:\Users\user\Desktop\react-egg\server\node_modules\_egg-multipart@2.9.0@egg-multipart\app\schedule\clean_tmpdir.js
2019-08-26 20:47:25,795 INFO 18168 [egg-schedule]: register schedule C:\Users\user\Desktop\react-egg\server\node_modules\_egg-logrotator@3.1.0@egg-logrotator\app\schedule\clean_log.js
2019-08-26 20:47:25,795 INFO 18168 [egg-schedule]: register schedule C:\Users\user\Desktop\react-egg\server\node_modules\_egg-logrotator@3.1.0@egg-logrotator\app\schedule\rotate_by_file.js
2019-08-26 20:47:35,098 INFO 2860 [egg-schedule]: register schedule C:\Users\user\Desktop\react-egg\server\node_modules\_egg-multipart@2.9.0@egg-multipart\app\schedule\clean_tmpdir.js
2019-08-26 20:47:35,098 INFO 2860 [egg-schedule]: register schedule C:\Users\user\Desktop\react-egg\server\node_modules\_egg-logrotator@3.1.0@egg-logrotator\app\schedule\clean_log.js
2019-08-26 20:47:35,098 INFO 2860 [egg-schedule]: register schedule C:\Users\user\Desktop\react-egg\server\node_modules\_egg-logrotator@3.1.0@egg-logrotator\app\schedule\rotate_by_file.js
2019-08-26 20:48:18,372 INFO 19148 [egg-schedule]: register schedule C:\Users\user\Desktop\react-egg\server\node_modules\_egg-multipart@2.9.0@egg-multipart\app\schedule\clean_tmpdir.js
2019-08-26 20:48:18,372 INFO 19148 [egg-schedule]: register schedule C:\Users\user\Desktop\react-egg\server\node_modules\_egg-logrotator@3.1.0@egg-logrotator\app\schedule\clean_log.js
2019-08-26 20:48:18,372 INFO 19148 [egg-schedule]: register schedule C:\Users\user\Desktop\react-egg\server\node_modules\_egg-logrotator@3.1.0@egg-logrotator\app\schedule\rotate_by_file.js
2019-08-26 20:48:22,615 INFO 17668 [egg-schedule]: register schedule C:\Users\user\Desktop\react-egg\server\node_modules\_egg-multipart@2.9.0@egg-multipart\app\schedule\clean_tmpdir.js
2019-08-26 20:48:22,615 INFO 17668 [egg-schedule]: register schedule C:\Users\user\Desktop\react-egg\server\node_modules\_egg-logrotator@3.1.0@egg-logrotator\app\schedule\clean_log.js
2019-08-26 20:48:22,615 INFO 17668 [egg-schedule]: register schedule C:\Users\user\Desktop\react-egg\server\node_modules\_egg-logrotator@3.1.0@egg-logrotator\app\schedule\rotate_by_file.js
2019-08-26 20:53:39,935 INFO 760 [egg-schedule]: register schedule C:\Users\user\Desktop\react-egg\server\node_modules\_egg-multipart@2.9.0@egg-multipart\app\schedule\clean_tmpdir.js
2019-08-26 20:53:39,935 INFO 760 [egg-schedule]: register schedule C:\Users\user\Desktop\react-egg\server\node_modules\_egg-logrotator@3.1.0@egg-logrotator\app\schedule\clean_log.js
2019-08-26 20:53:39,935 INFO 760 [egg-schedule]: register schedule C:\Users\user\Desktop\react-egg\server\node_modules\_egg-logrotator@3.1.0@egg-logrotator\app\schedule\rotate_by_file.js
2019-08-26 20:54:29,643 INFO 23040 [egg-schedule]: register schedule C:\Users\user\Desktop\react-egg\server\node_modules\_egg-multipart@2.9.0@egg-multipart\app\schedule\clean_tmpdir.js
2019-08-26 20:54:29,643 INFO 23040 [egg-schedule]: register schedule C:\Users\user\Desktop\react-egg\server\node_modules\_egg-logrotator@3.1.0@egg-logrotator\app\schedule\clean_log.js
2019-08-26 20:54:29,643 INFO 23040 [egg-schedule]: register schedule C:\Users\user\Desktop\react-egg\server\node_modules\_egg-logrotator@3.1.0@egg-logrotator\app\schedule\rotate_by_file.js
