2019-08-16 11:03:51,847 INFO 13652 [egg-schedule]: register schedule C:\Users\user\Desktop\big_egg\server\node_modules\_egg-multipart@2.9.0@egg-multipart\app\schedule\clean_tmpdir.js
2019-08-16 11:03:51,847 INFO 13652 [egg-schedule]: register schedule C:\Users\user\Desktop\big_egg\server\node_modules\_egg-logrotator@3.1.0@egg-logrotator\app\schedule\clean_log.js
2019-08-16 11:03:51,847 INFO 13652 [egg-schedule]: register schedule C:\Users\user\Desktop\big_egg\server\node_modules\_egg-logrotator@3.1.0@egg-logrotator\app\schedule\rotate_by_file.js
2019-08-16 11:03:52,703 INFO 14796 [Timer] C:\Users\user\Desktop\big_egg\server\node_modules\_egg-multipart@2.9.0@egg-multipart\app\schedule\clean_tmpdir.js next time will execute after 62767307ms at 2019-08-17 04:30:00.010
2019-08-16 11:03:52,704 INFO 14796 [Timer] C:\Users\user\Desktop\big_egg\server\node_modules\_egg-logrotator@3.1.0@egg-logrotator\app\schedule\clean_log.js next time will execute after 46567297ms at 2019-08-17 00:00:00.001
2019-08-16 11:03:52,704 INFO 14796 [Timer] C:\Users\user\Desktop\big_egg\server\node_modules\_egg-logrotator@3.1.0@egg-logrotator\app\schedule\rotate_by_file.js next time will execute after 46568296ms at 2019-08-17 00:00:01.000
2019-08-16 11:06:41,791 INFO 16380 [egg-schedule]: register schedule C:\Users\user\Desktop\big_egg\server\node_modules\_egg-multipart@2.9.0@egg-multipart\app\schedule\clean_tmpdir.js
2019-08-16 11:06:41,791 INFO 16380 [egg-schedule]: register schedule C:\Users\user\Desktop\big_egg\server\node_modules\_egg-logrotator@3.1.0@egg-logrotator\app\schedule\clean_log.js
2019-08-16 11:06:41,791 INFO 16380 [egg-schedule]: register schedule C:\Users\user\Desktop\big_egg\server\node_modules\_egg-logrotator@3.1.0@egg-logrotator\app\schedule\rotate_by_file.js
2019-08-16 11:09:03,176 INFO 5548 [egg-schedule]: register schedule C:\Users\user\Desktop\big_egg\server\node_modules\_egg-multipart@2.9.0@egg-multipart\app\schedule\clean_tmpdir.js
2019-08-16 11:09:03,176 INFO 5548 [egg-schedule]: register schedule C:\Users\user\Desktop\big_egg\server\node_modules\_egg-logrotator@3.1.0@egg-logrotator\app\schedule\clean_log.js
2019-08-16 11:09:03,176 INFO 5548 [egg-schedule]: register schedule C:\Users\user\Desktop\big_egg\server\node_modules\_egg-logrotator@3.1.0@egg-logrotator\app\schedule\rotate_by_file.js
2019-08-16 11:09:07,502 INFO 11088 [egg-schedule]: register schedule C:\Users\user\Desktop\big_egg\server\node_modules\_egg-multipart@2.9.0@egg-multipart\app\schedule\clean_tmpdir.js
2019-08-16 11:09:07,502 INFO 11088 [egg-schedule]: register schedule C:\Users\user\Desktop\big_egg\server\node_modules\_egg-logrotator@3.1.0@egg-logrotator\app\schedule\clean_log.js
2019-08-16 11:09:07,502 INFO 11088 [egg-schedule]: register schedule C:\Users\user\Desktop\big_egg\server\node_modules\_egg-logrotator@3.1.0@egg-logrotator\app\schedule\rotate_by_file.js
2019-08-16 11:09:15,126 INFO 6360 [egg-schedule]: register schedule C:\Users\user\Desktop\big_egg\server\node_modules\_egg-multipart@2.9.0@egg-multipart\app\schedule\clean_tmpdir.js
2019-08-16 11:09:15,126 INFO 6360 [egg-schedule]: register schedule C:\Users\user\Desktop\big_egg\server\node_modules\_egg-logrotator@3.1.0@egg-logrotator\app\schedule\clean_log.js
2019-08-16 11:09:15,126 INFO 6360 [egg-schedule]: register schedule C:\Users\user\Desktop\big_egg\server\node_modules\_egg-logrotator@3.1.0@egg-logrotator\app\schedule\rotate_by_file.js
2019-08-16 11:09:44,746 INFO 10152 [egg-schedule]: register schedule C:\Users\user\Desktop\big_egg\server\node_modules\_egg-multipart@2.9.0@egg-multipart\app\schedule\clean_tmpdir.js
2019-08-16 11:09:44,746 INFO 10152 [egg-schedule]: register schedule C:\Users\user\Desktop\big_egg\server\node_modules\_egg-logrotator@3.1.0@egg-logrotator\app\schedule\clean_log.js
2019-08-16 11:09:44,747 INFO 10152 [egg-schedule]: register schedule C:\Users\user\Desktop\big_egg\server\node_modules\_egg-logrotator@3.1.0@egg-logrotator\app\schedule\rotate_by_file.js
2019-08-16 11:10:08,144 INFO 8260 [egg-schedule]: register schedule C:\Users\user\Desktop\big_egg\server\node_modules\_egg-multipart@2.9.0@egg-multipart\app\schedule\clean_tmpdir.js
2019-08-16 11:10:08,144 INFO 8260 [egg-schedule]: register schedule C:\Users\user\Desktop\big_egg\server\node_modules\_egg-logrotator@3.1.0@egg-logrotator\app\schedule\clean_log.js
2019-08-16 11:10:08,144 INFO 8260 [egg-schedule]: register schedule C:\Users\user\Desktop\big_egg\server\node_modules\_egg-logrotator@3.1.0@egg-logrotator\app\schedule\rotate_by_file.js
2019-08-16 11:10:08,880 INFO 14112 [Timer] C:\Users\user\Desktop\big_egg\server\node_modules\_egg-multipart@2.9.0@egg-multipart\app\schedule\clean_tmpdir.js next time will execute after 62391123ms at 2019-08-17 04:30:00.003
2019-08-16 11:10:08,881 INFO 14112 [Timer] C:\Users\user\Desktop\big_egg\server\node_modules\_egg-logrotator@3.1.0@egg-logrotator\app\schedule\clean_log.js next time will execute after 46191119ms at 2019-08-17 00:00:00.000
2019-08-16 11:10:08,882 INFO 14112 [Timer] C:\Users\user\Desktop\big_egg\server\node_modules\_egg-logrotator@3.1.0@egg-logrotator\app\schedule\rotate_by_file.js next time will execute after 46192119ms at 2019-08-17 00:00:01.001
2019-08-16 11:14:06,758 INFO 12992 [egg-schedule]: register schedule C:\Users\user\Desktop\big_egg\server\node_modules\_egg-multipart@2.9.0@egg-multipart\app\schedule\clean_tmpdir.js
2019-08-16 11:14:06,758 INFO 12992 [egg-schedule]: register schedule C:\Users\user\Desktop\big_egg\server\node_modules\_egg-logrotator@3.1.0@egg-logrotator\app\schedule\clean_log.js
2019-08-16 11:14:06,758 INFO 12992 [egg-schedule]: register schedule C:\Users\user\Desktop\big_egg\server\node_modules\_egg-logrotator@3.1.0@egg-logrotator\app\schedule\rotate_by_file.js
2019-08-16 11:15:10,675 INFO 11936 [egg-schedule]: register schedule C:\Users\user\Desktop\big_egg\server\node_modules\_egg-multipart@2.9.0@egg-multipart\app\schedule\clean_tmpdir.js
2019-08-16 11:15:10,675 INFO 11936 [egg-schedule]: register schedule C:\Users\user\Desktop\big_egg\server\node_modules\_egg-logrotator@3.1.0@egg-logrotator\app\schedule\clean_log.js
2019-08-16 11:15:10,675 INFO 11936 [egg-schedule]: register schedule C:\Users\user\Desktop\big_egg\server\node_modules\_egg-logrotator@3.1.0@egg-logrotator\app\schedule\rotate_by_file.js
2019-08-16 11:15:38,962 INFO 7172 [egg-schedule]: register schedule C:\Users\user\Desktop\big_egg\server\node_modules\_egg-multipart@2.9.0@egg-multipart\app\schedule\clean_tmpdir.js
2019-08-16 11:15:38,962 INFO 7172 [egg-schedule]: register schedule C:\Users\user\Desktop\big_egg\server\node_modules\_egg-logrotator@3.1.0@egg-logrotator\app\schedule\clean_log.js
2019-08-16 11:15:38,962 INFO 7172 [egg-schedule]: register schedule C:\Users\user\Desktop\big_egg\server\node_modules\_egg-logrotator@3.1.0@egg-logrotator\app\schedule\rotate_by_file.js
2019-08-16 11:15:39,830 INFO 15640 [Timer] C:\Users\user\Desktop\big_egg\server\node_modules\_egg-multipart@2.9.0@egg-multipart\app\schedule\clean_tmpdir.js next time will execute after 62060176ms at 2019-08-17 04:30:00.006
2019-08-16 11:15:39,830 INFO 15640 [Timer] C:\Users\user\Desktop\big_egg\server\node_modules\_egg-logrotator@3.1.0@egg-logrotator\app\schedule\clean_log.js next time will execute after 45860170ms at 2019-08-17 00:00:00.000
2019-08-16 11:15:39,831 INFO 15640 [Timer] C:\Users\user\Desktop\big_egg\server\node_modules\_egg-logrotator@3.1.0@egg-logrotator\app\schedule\rotate_by_file.js next time will execute after 45861170ms at 2019-08-17 00:00:01.001
2019-08-16 11:33:13,808 INFO 6012 [egg-schedule]: register schedule C:\Users\user\Desktop\big_egg\server\node_modules\_egg-multipart@2.9.0@egg-multipart\app\schedule\clean_tmpdir.js
2019-08-16 11:33:13,808 INFO 6012 [egg-schedule]: register schedule C:\Users\user\Desktop\big_egg\server\node_modules\_egg-logrotator@3.1.0@egg-logrotator\app\schedule\clean_log.js
2019-08-16 11:33:13,808 INFO 6012 [egg-schedule]: register schedule C:\Users\user\Desktop\big_egg\server\node_modules\_egg-logrotator@3.1.0@egg-logrotator\app\schedule\rotate_by_file.js
2019-08-16 11:33:14,808 INFO 14432 [Timer] C:\Users\user\Desktop\big_egg\server\node_modules\_egg-multipart@2.9.0@egg-multipart\app\schedule\clean_tmpdir.js next time will execute after 61005197ms at 2019-08-17 04:30:00.005
2019-08-16 11:33:14,809 INFO 14432 [Timer] C:\Users\user\Desktop\big_egg\server\node_modules\_egg-logrotator@3.1.0@egg-logrotator\app\schedule\clean_log.js next time will execute after 44805192ms at 2019-08-17 00:00:00.001
2019-08-16 11:33:14,809 INFO 14432 [Timer] C:\Users\user\Desktop\big_egg\server\node_modules\_egg-logrotator@3.1.0@egg-logrotator\app\schedule\rotate_by_file.js next time will execute after 44806191ms at 2019-08-17 00:00:01.000
2019-08-16 11:33:46,353 INFO 13680 [egg-schedule]: register schedule C:\Users\user\Desktop\big_egg\server\node_modules\_egg-multipart@2.9.0@egg-multipart\app\schedule\clean_tmpdir.js
2019-08-16 11:33:46,353 INFO 13680 [egg-schedule]: register schedule C:\Users\user\Desktop\big_egg\server\node_modules\_egg-logrotator@3.1.0@egg-logrotator\app\schedule\clean_log.js
2019-08-16 11:33:46,353 INFO 13680 [egg-schedule]: register schedule C:\Users\user\Desktop\big_egg\server\node_modules\_egg-logrotator@3.1.0@egg-logrotator\app\schedule\rotate_by_file.js
2019-08-16 11:34:58,109 INFO 13844 [egg-schedule]: register schedule C:\Users\user\Desktop\big_egg\server\node_modules\_egg-multipart@2.9.0@egg-multipart\app\schedule\clean_tmpdir.js
2019-08-16 11:34:58,109 INFO 13844 [egg-schedule]: register schedule C:\Users\user\Desktop\big_egg\server\node_modules\_egg-logrotator@3.1.0@egg-logrotator\app\schedule\clean_log.js
2019-08-16 11:34:58,109 INFO 13844 [egg-schedule]: register schedule C:\Users\user\Desktop\big_egg\server\node_modules\_egg-logrotator@3.1.0@egg-logrotator\app\schedule\rotate_by_file.js
2019-08-16 11:37:29,332 INFO 10976 [egg-schedule]: register schedule C:\Users\user\Desktop\big_egg\server\node_modules\_egg-multipart@2.9.0@egg-multipart\app\schedule\clean_tmpdir.js
2019-08-16 11:37:29,332 INFO 10976 [egg-schedule]: register schedule C:\Users\user\Desktop\big_egg\server\node_modules\_egg-logrotator@3.1.0@egg-logrotator\app\schedule\clean_log.js
2019-08-16 11:37:29,332 INFO 10976 [egg-schedule]: register schedule C:\Users\user\Desktop\big_egg\server\node_modules\_egg-logrotator@3.1.0@egg-logrotator\app\schedule\rotate_by_file.js
2019-08-16 11:37:33,584 INFO 20136 [egg-schedule]: register schedule C:\Users\user\Desktop\big_egg\server\node_modules\_egg-multipart@2.9.0@egg-multipart\app\schedule\clean_tmpdir.js
2019-08-16 11:37:33,585 INFO 20136 [egg-schedule]: register schedule C:\Users\user\Desktop\big_egg\server\node_modules\_egg-logrotator@3.1.0@egg-logrotator\app\schedule\clean_log.js
2019-08-16 11:37:33,585 INFO 20136 [egg-schedule]: register schedule C:\Users\user\Desktop\big_egg\server\node_modules\_egg-logrotator@3.1.0@egg-logrotator\app\schedule\rotate_by_file.js
2019-08-16 11:58:41,795 INFO 3172 [egg-schedule]: register schedule C:\Users\user\Desktop\big_egg\server\node_modules\egg-multipart\app\schedule\clean_tmpdir.js
2019-08-16 11:58:41,795 INFO 3172 [egg-schedule]: register schedule C:\Users\user\Desktop\big_egg\server\node_modules\egg-logrotator\app\schedule\clean_log.js
2019-08-16 11:58:41,795 INFO 3172 [egg-schedule]: register schedule C:\Users\user\Desktop\big_egg\server\node_modules\egg-logrotator\app\schedule\rotate_by_file.js
2019-08-16 11:58:42,876 INFO 15232 [Timer] C:\Users\user\Desktop\big_egg\server\node_modules\egg-multipart\app\schedule\clean_tmpdir.js next time will execute after 59477129ms at 2019-08-17 04:30:00.005
2019-08-16 11:58:42,876 INFO 15232 [Timer] C:\Users\user\Desktop\big_egg\server\node_modules\egg-logrotator\app\schedule\clean_log.js next time will execute after 43277124ms at 2019-08-17 00:00:00.000
2019-08-16 11:58:42,877 INFO 15232 [Timer] C:\Users\user\Desktop\big_egg\server\node_modules\egg-logrotator\app\schedule\rotate_by_file.js next time will execute after 43278124ms at 2019-08-17 00:00:01.001
2019-08-16 11:59:54,440 INFO 5780 [egg-schedule]: register schedule C:\Users\user\Desktop\big_egg\server\node_modules\egg-multipart\app\schedule\clean_tmpdir.js
2019-08-16 11:59:54,440 INFO 5780 [egg-schedule]: register schedule C:\Users\user\Desktop\big_egg\server\node_modules\egg-logrotator\app\schedule\clean_log.js
2019-08-16 11:59:54,440 INFO 5780 [egg-schedule]: register schedule C:\Users\user\Desktop\big_egg\server\node_modules\egg-logrotator\app\schedule\rotate_by_file.js
2019-08-16 12:00:32,533 INFO 17516 [egg-schedule]: register schedule C:\Users\user\Desktop\big_egg\server\node_modules\egg-multipart\app\schedule\clean_tmpdir.js
2019-08-16 12:00:32,533 INFO 17516 [egg-schedule]: register schedule C:\Users\user\Desktop\big_egg\server\node_modules\egg-logrotator\app\schedule\clean_log.js
2019-08-16 12:00:32,533 INFO 17516 [egg-schedule]: register schedule C:\Users\user\Desktop\big_egg\server\node_modules\egg-logrotator\app\schedule\rotate_by_file.js
2019-08-16 12:00:58,434 INFO 15100 [egg-schedule]: register schedule C:\Users\user\Desktop\big_egg\server\node_modules\egg-multipart\app\schedule\clean_tmpdir.js
2019-08-16 12:00:58,434 INFO 15100 [egg-schedule]: register schedule C:\Users\user\Desktop\big_egg\server\node_modules\egg-logrotator\app\schedule\clean_log.js
2019-08-16 12:00:58,434 INFO 15100 [egg-schedule]: register schedule C:\Users\user\Desktop\big_egg\server\node_modules\egg-logrotator\app\schedule\rotate_by_file.js
2019-08-16 12:01:46,614 INFO 18384 [egg-schedule]: register schedule C:\Users\user\Desktop\big_egg\server\node_modules\egg-multipart\app\schedule\clean_tmpdir.js
2019-08-16 12:01:46,614 INFO 18384 [egg-schedule]: register schedule C:\Users\user\Desktop\big_egg\server\node_modules\egg-logrotator\app\schedule\clean_log.js
2019-08-16 12:01:46,614 INFO 18384 [egg-schedule]: register schedule C:\Users\user\Desktop\big_egg\server\node_modules\egg-logrotator\app\schedule\rotate_by_file.js
2019-08-16 13:58:05,020 INFO 8316 [egg-schedule]: register schedule C:\Users\user\Desktop\big_egg\server\node_modules\egg-multipart\app\schedule\clean_tmpdir.js
2019-08-16 13:58:05,020 INFO 8316 [egg-schedule]: register schedule C:\Users\user\Desktop\big_egg\server\node_modules\egg-logrotator\app\schedule\clean_log.js
2019-08-16 13:58:05,020 INFO 8316 [egg-schedule]: register schedule C:\Users\user\Desktop\big_egg\server\node_modules\egg-logrotator\app\schedule\rotate_by_file.js
2019-08-16 13:59:34,261 INFO 11040 [egg-schedule]: register schedule C:\Users\user\Desktop\big_egg\server\node_modules\egg-multipart\app\schedule\clean_tmpdir.js
2019-08-16 13:59:34,261 INFO 11040 [egg-schedule]: register schedule C:\Users\user\Desktop\big_egg\server\node_modules\egg-logrotator\app\schedule\clean_log.js
2019-08-16 13:59:34,261 INFO 11040 [egg-schedule]: register schedule C:\Users\user\Desktop\big_egg\server\node_modules\egg-logrotator\app\schedule\rotate_by_file.js
2019-08-16 13:59:35,095 INFO 12404 [Timer] C:\Users\user\Desktop\big_egg\server\node_modules\egg-multipart\app\schedule\clean_tmpdir.js next time will execute after 52224908ms at 2019-08-17 04:30:00.003
2019-08-16 13:59:35,095 INFO 12404 [Timer] C:\Users\user\Desktop\big_egg\server\node_modules\egg-logrotator\app\schedule\clean_log.js next time will execute after 36024905ms at 2019-08-17 00:00:00.000
2019-08-16 13:59:35,096 INFO 12404 [Timer] C:\Users\user\Desktop\big_egg\server\node_modules\egg-logrotator\app\schedule\rotate_by_file.js next time will execute after 36025905ms at 2019-08-17 00:00:01.001
2019-08-16 14:02:36,128 INFO 22500 [egg-schedule]: register schedule C:\Users\user\Desktop\big_egg\server\node_modules\egg-multipart\app\schedule\clean_tmpdir.js
2019-08-16 14:02:36,128 INFO 22500 [egg-schedule]: register schedule C:\Users\user\Desktop\big_egg\server\node_modules\egg-logrotator\app\schedule\clean_log.js
2019-08-16 14:02:36,128 INFO 22500 [egg-schedule]: register schedule C:\Users\user\Desktop\big_egg\server\node_modules\egg-logrotator\app\schedule\rotate_by_file.js
2019-08-16 14:03:47,072 INFO 13380 [Timer] C:\Users\user\Desktop\big_egg\server\node_modules\egg-multipart\app\schedule\clean_tmpdir.js next time will execute after 51972932ms at 2019-08-17 04:30:00.004
2019-08-16 14:03:47,072 INFO 13380 [Timer] C:\Users\user\Desktop\big_egg\server\node_modules\egg-logrotator\app\schedule\clean_log.js next time will execute after 35772928ms at 2019-08-17 00:00:00.000
2019-08-16 14:03:47,073 INFO 13380 [Timer] C:\Users\user\Desktop\big_egg\server\node_modules\egg-logrotator\app\schedule\rotate_by_file.js next time will execute after 35773928ms at 2019-08-17 00:00:01.001
2019-08-16 14:03:46,205 INFO 16896 [egg-schedule]: register schedule C:\Users\user\Desktop\big_egg\server\node_modules\egg-multipart\app\schedule\clean_tmpdir.js
2019-08-16 14:03:46,205 INFO 16896 [egg-schedule]: register schedule C:\Users\user\Desktop\big_egg\server\node_modules\egg-logrotator\app\schedule\clean_log.js
2019-08-16 14:03:46,205 INFO 16896 [egg-schedule]: register schedule C:\Users\user\Desktop\big_egg\server\node_modules\egg-logrotator\app\schedule\rotate_by_file.js
2019-08-16 14:43:55,972 INFO 16964 [Timer] C:\Users\user\Desktop\big_egg\server\node_modules\egg-multipart\app\schedule\clean_tmpdir.js next time will execute after 49564031ms at 2019-08-17 04:30:00.003
2019-08-16 14:43:55,973 INFO 16964 [Timer] C:\Users\user\Desktop\big_egg\server\node_modules\egg-logrotator\app\schedule\clean_log.js next time will execute after 33364027ms at 2019-08-17 00:00:00.000
2019-08-16 14:43:55,973 INFO 16964 [Timer] C:\Users\user\Desktop\big_egg\server\node_modules\egg-logrotator\app\schedule\rotate_by_file.js next time will execute after 33365027ms at 2019-08-17 00:00:01.000
2019-08-16 14:43:55,064 INFO 20496 [egg-schedule]: register schedule C:\Users\user\Desktop\big_egg\server\node_modules\egg-multipart\app\schedule\clean_tmpdir.js
2019-08-16 14:43:55,064 INFO 20496 [egg-schedule]: register schedule C:\Users\user\Desktop\big_egg\server\node_modules\egg-logrotator\app\schedule\clean_log.js
2019-08-16 14:43:55,064 INFO 20496 [egg-schedule]: register schedule C:\Users\user\Desktop\big_egg\server\node_modules\egg-logrotator\app\schedule\rotate_by_file.js
2019-08-16 14:44:32,545 INFO 19428 [egg-schedule]: register schedule C:\Users\user\Desktop\big_egg\server\node_modules\egg-multipart\app\schedule\clean_tmpdir.js
2019-08-16 14:44:32,545 INFO 19428 [egg-schedule]: register schedule C:\Users\user\Desktop\big_egg\server\node_modules\egg-logrotator\app\schedule\clean_log.js
2019-08-16 14:44:32,545 INFO 19428 [egg-schedule]: register schedule C:\Users\user\Desktop\big_egg\server\node_modules\egg-logrotator\app\schedule\rotate_by_file.js
2019-08-16 14:45:50,861 INFO 20388 [egg-schedule]: register schedule C:\Users\user\Desktop\big_egg\server\node_modules\egg-multipart\app\schedule\clean_tmpdir.js
2019-08-16 14:45:50,861 INFO 20388 [egg-schedule]: register schedule C:\Users\user\Desktop\big_egg\server\node_modules\egg-logrotator\app\schedule\clean_log.js
2019-08-16 14:45:50,861 INFO 20388 [egg-schedule]: register schedule C:\Users\user\Desktop\big_egg\server\node_modules\egg-logrotator\app\schedule\rotate_by_file.js
2019-08-16 17:07:17,942 INFO 19592 [egg-schedule]: register schedule C:\Users\user\Desktop\big_egg\server\node_modules\egg-multipart\app\schedule\clean_tmpdir.js
2019-08-16 17:07:17,942 INFO 19592 [egg-schedule]: register schedule C:\Users\user\Desktop\big_egg\server\node_modules\egg-logrotator\app\schedule\clean_log.js
2019-08-16 17:07:17,942 INFO 19592 [egg-schedule]: register schedule C:\Users\user\Desktop\big_egg\server\node_modules\egg-logrotator\app\schedule\rotate_by_file.js
2019-08-16 17:27:55,432 INFO 6392 [egg-schedule]: register schedule C:\Users\user\Desktop\big_egg\server\node_modules\egg-multipart\app\schedule\clean_tmpdir.js
2019-08-16 17:27:55,432 INFO 6392 [egg-schedule]: register schedule C:\Users\user\Desktop\big_egg\server\node_modules\egg-logrotator\app\schedule\clean_log.js
2019-08-16 17:27:55,432 INFO 6392 [egg-schedule]: register schedule C:\Users\user\Desktop\big_egg\server\node_modules\egg-logrotator\app\schedule\rotate_by_file.js
2019-08-16 17:29:01,215 INFO 10428 [egg-schedule]: register schedule C:\Users\user\Desktop\big_egg\server\node_modules\egg-multipart\app\schedule\clean_tmpdir.js
2019-08-16 17:29:01,215 INFO 10428 [egg-schedule]: register schedule C:\Users\user\Desktop\big_egg\server\node_modules\egg-logrotator\app\schedule\clean_log.js
2019-08-16 17:29:01,215 INFO 10428 [egg-schedule]: register schedule C:\Users\user\Desktop\big_egg\server\node_modules\egg-logrotator\app\schedule\rotate_by_file.js
2019-08-16 17:31:04,839 INFO 23016 [egg-schedule]: register schedule C:\Users\user\Desktop\big_egg\server\node_modules\egg-multipart\app\schedule\clean_tmpdir.js
2019-08-16 17:31:04,839 INFO 23016 [egg-schedule]: register schedule C:\Users\user\Desktop\big_egg\server\node_modules\egg-logrotator\app\schedule\clean_log.js
2019-08-16 17:31:04,839 INFO 23016 [egg-schedule]: register schedule C:\Users\user\Desktop\big_egg\server\node_modules\egg-logrotator\app\schedule\rotate_by_file.js
2019-08-16 19:55:05,110 INFO 21712 [egg-schedule]: register schedule C:\Users\user\Desktop\big_egg\server\node_modules\egg-multipart\app\schedule\clean_tmpdir.js
2019-08-16 19:55:05,110 INFO 21712 [egg-schedule]: register schedule C:\Users\user\Desktop\big_egg\server\node_modules\egg-logrotator\app\schedule\clean_log.js
2019-08-16 19:55:05,111 INFO 21712 [egg-schedule]: register schedule C:\Users\user\Desktop\big_egg\server\node_modules\egg-logrotator\app\schedule\rotate_by_file.js
2019-08-16 19:56:21,263 INFO 23016 [egg-schedule]: register schedule C:\Users\user\Desktop\big_egg\server\node_modules\egg-multipart\app\schedule\clean_tmpdir.js
2019-08-16 19:56:21,264 INFO 23016 [egg-schedule]: register schedule C:\Users\user\Desktop\big_egg\server\node_modules\egg-logrotator\app\schedule\clean_log.js
2019-08-16 19:56:21,264 INFO 23016 [egg-schedule]: register schedule C:\Users\user\Desktop\big_egg\server\node_modules\egg-logrotator\app\schedule\rotate_by_file.js
2019-08-16 19:56:56,674 INFO 7064 [egg-schedule]: register schedule C:\Users\user\Desktop\big_egg\server\node_modules\egg-multipart\app\schedule\clean_tmpdir.js
2019-08-16 19:56:56,675 INFO 7064 [egg-schedule]: register schedule C:\Users\user\Desktop\big_egg\server\node_modules\egg-logrotator\app\schedule\clean_log.js
2019-08-16 19:56:56,675 INFO 7064 [egg-schedule]: register schedule C:\Users\user\Desktop\big_egg\server\node_modules\egg-logrotator\app\schedule\rotate_by_file.js
2019-08-16 19:57:37,661 INFO 26208 [egg-schedule]: register schedule C:\Users\user\Desktop\big_egg\server\node_modules\egg-multipart\app\schedule\clean_tmpdir.js
2019-08-16 19:57:37,661 INFO 26208 [egg-schedule]: register schedule C:\Users\user\Desktop\big_egg\server\node_modules\egg-logrotator\app\schedule\clean_log.js
2019-08-16 19:57:37,661 INFO 26208 [egg-schedule]: register schedule C:\Users\user\Desktop\big_egg\server\node_modules\egg-logrotator\app\schedule\rotate_by_file.js
2019-08-16 19:59:30,271 INFO 27472 [egg-schedule]: register schedule C:\Users\user\Desktop\big_egg\server\node_modules\egg-multipart\app\schedule\clean_tmpdir.js
2019-08-16 19:59:30,271 INFO 27472 [egg-schedule]: register schedule C:\Users\user\Desktop\big_egg\server\node_modules\egg-logrotator\app\schedule\clean_log.js
2019-08-16 19:59:30,271 INFO 27472 [egg-schedule]: register schedule C:\Users\user\Desktop\big_egg\server\node_modules\egg-logrotator\app\schedule\rotate_by_file.js
2019-08-16 20:00:30,751 INFO 20324 [egg-schedule]: register schedule C:\Users\user\Desktop\big_egg\server\node_modules\egg-multipart\app\schedule\clean_tmpdir.js
2019-08-16 20:00:30,751 INFO 20324 [egg-schedule]: register schedule C:\Users\user\Desktop\big_egg\server\node_modules\egg-logrotator\app\schedule\clean_log.js
2019-08-16 20:00:30,751 INFO 20324 [egg-schedule]: register schedule C:\Users\user\Desktop\big_egg\server\node_modules\egg-logrotator\app\schedule\rotate_by_file.js
2019-08-16 20:00:57,151 INFO 26112 [egg-schedule]: register schedule C:\Users\user\Desktop\big_egg\server\node_modules\egg-multipart\app\schedule\clean_tmpdir.js
2019-08-16 20:00:57,151 INFO 26112 [egg-schedule]: register schedule C:\Users\user\Desktop\big_egg\server\node_modules\egg-logrotator\app\schedule\clean_log.js
2019-08-16 20:00:57,151 INFO 26112 [egg-schedule]: register schedule C:\Users\user\Desktop\big_egg\server\node_modules\egg-logrotator\app\schedule\rotate_by_file.js
2019-08-16 20:02:31,449 INFO 27508 [egg-schedule]: register schedule C:\Users\user\Desktop\big_egg\server\node_modules\egg-multipart\app\schedule\clean_tmpdir.js
2019-08-16 20:02:31,449 INFO 27508 [egg-schedule]: register schedule C:\Users\user\Desktop\big_egg\server\node_modules\egg-logrotator\app\schedule\clean_log.js
2019-08-16 20:02:31,449 INFO 27508 [egg-schedule]: register schedule C:\Users\user\Desktop\big_egg\server\node_modules\egg-logrotator\app\schedule\rotate_by_file.js
2019-08-16 20:02:53,819 INFO 26692 [egg-schedule]: register schedule C:\Users\user\Desktop\big_egg\server\node_modules\egg-multipart\app\schedule\clean_tmpdir.js
2019-08-16 20:02:53,819 INFO 26692 [egg-schedule]: register schedule C:\Users\user\Desktop\big_egg\server\node_modules\egg-logrotator\app\schedule\clean_log.js
2019-08-16 20:02:53,819 INFO 26692 [egg-schedule]: register schedule C:\Users\user\Desktop\big_egg\server\node_modules\egg-logrotator\app\schedule\rotate_by_file.js
2019-08-16 20:03:47,799 INFO 25284 [egg-schedule]: register schedule C:\Users\user\Desktop\big_egg\server\node_modules\egg-multipart\app\schedule\clean_tmpdir.js
2019-08-16 20:03:47,799 INFO 25284 [egg-schedule]: register schedule C:\Users\user\Desktop\big_egg\server\node_modules\egg-logrotator\app\schedule\clean_log.js
2019-08-16 20:03:47,799 INFO 25284 [egg-schedule]: register schedule C:\Users\user\Desktop\big_egg\server\node_modules\egg-logrotator\app\schedule\rotate_by_file.js
2019-08-16 20:05:01,275 INFO 27116 [egg-schedule]: register schedule C:\Users\user\Desktop\big_egg\server\node_modules\egg-multipart\app\schedule\clean_tmpdir.js
2019-08-16 20:05:01,275 INFO 27116 [egg-schedule]: register schedule C:\Users\user\Desktop\big_egg\server\node_modules\egg-logrotator\app\schedule\clean_log.js
2019-08-16 20:05:01,275 INFO 27116 [egg-schedule]: register schedule C:\Users\user\Desktop\big_egg\server\node_modules\egg-logrotator\app\schedule\rotate_by_file.js
2019-08-16 20:05:33,644 INFO 20720 [egg-schedule]: register schedule C:\Users\user\Desktop\big_egg\server\node_modules\egg-multipart\app\schedule\clean_tmpdir.js
2019-08-16 20:05:33,644 INFO 20720 [egg-schedule]: register schedule C:\Users\user\Desktop\big_egg\server\node_modules\egg-logrotator\app\schedule\clean_log.js
2019-08-16 20:05:33,644 INFO 20720 [egg-schedule]: register schedule C:\Users\user\Desktop\big_egg\server\node_modules\egg-logrotator\app\schedule\rotate_by_file.js
2019-08-16 20:05:51,940 INFO 27100 [egg-schedule]: register schedule C:\Users\user\Desktop\big_egg\server\node_modules\egg-multipart\app\schedule\clean_tmpdir.js
2019-08-16 20:05:51,940 INFO 27100 [egg-schedule]: register schedule C:\Users\user\Desktop\big_egg\server\node_modules\egg-logrotator\app\schedule\clean_log.js
2019-08-16 20:05:51,940 INFO 27100 [egg-schedule]: register schedule C:\Users\user\Desktop\big_egg\server\node_modules\egg-logrotator\app\schedule\rotate_by_file.js
2019-08-16 20:08:18,801 INFO 21436 [egg-schedule]: register schedule C:\Users\user\Desktop\big_egg\server\node_modules\egg-multipart\app\schedule\clean_tmpdir.js
2019-08-16 20:08:18,801 INFO 21436 [egg-schedule]: register schedule C:\Users\user\Desktop\big_egg\server\node_modules\egg-logrotator\app\schedule\clean_log.js
2019-08-16 20:08:18,801 INFO 21436 [egg-schedule]: register schedule C:\Users\user\Desktop\big_egg\server\node_modules\egg-logrotator\app\schedule\rotate_by_file.js
2019-08-16 20:09:47,868 INFO 15224 [egg-schedule]: register schedule C:\Users\user\Desktop\big_egg\server\node_modules\egg-multipart\app\schedule\clean_tmpdir.js
2019-08-16 20:09:47,868 INFO 15224 [egg-schedule]: register schedule C:\Users\user\Desktop\big_egg\server\node_modules\egg-logrotator\app\schedule\clean_log.js
2019-08-16 20:09:47,868 INFO 15224 [egg-schedule]: register schedule C:\Users\user\Desktop\big_egg\server\node_modules\egg-logrotator\app\schedule\rotate_by_file.js
2019-08-16 20:12:47,481 INFO 26696 [egg-schedule]: register schedule C:\Users\user\Desktop\big_egg\server\node_modules\egg-multipart\app\schedule\clean_tmpdir.js
2019-08-16 20:12:47,481 INFO 26696 [egg-schedule]: register schedule C:\Users\user\Desktop\big_egg\server\node_modules\egg-logrotator\app\schedule\clean_log.js
2019-08-16 20:12:47,481 INFO 26696 [egg-schedule]: register schedule C:\Users\user\Desktop\big_egg\server\node_modules\egg-logrotator\app\schedule\rotate_by_file.js
2019-08-16 20:13:16,982 INFO 21372 [egg-schedule]: register schedule C:\Users\user\Desktop\big_egg\server\node_modules\egg-multipart\app\schedule\clean_tmpdir.js
2019-08-16 20:13:16,982 INFO 21372 [egg-schedule]: register schedule C:\Users\user\Desktop\big_egg\server\node_modules\egg-logrotator\app\schedule\clean_log.js
2019-08-16 20:13:16,982 INFO 21372 [egg-schedule]: register schedule C:\Users\user\Desktop\big_egg\server\node_modules\egg-logrotator\app\schedule\rotate_by_file.js
2019-08-16 20:16:45,319 INFO 25900 [egg-schedule]: register schedule C:\Users\user\Desktop\big_egg\server\node_modules\egg-multipart\app\schedule\clean_tmpdir.js
2019-08-16 20:16:45,319 INFO 25900 [egg-schedule]: register schedule C:\Users\user\Desktop\big_egg\server\node_modules\egg-logrotator\app\schedule\clean_log.js
2019-08-16 20:16:45,319 INFO 25900 [egg-schedule]: register schedule C:\Users\user\Desktop\big_egg\server\node_modules\egg-logrotator\app\schedule\rotate_by_file.js
2019-08-16 20:17:42,484 INFO 23184 [egg-schedule]: register schedule C:\Users\user\Desktop\big_egg\server\node_modules\egg-multipart\app\schedule\clean_tmpdir.js
2019-08-16 20:17:42,484 INFO 23184 [egg-schedule]: register schedule C:\Users\user\Desktop\big_egg\server\node_modules\egg-logrotator\app\schedule\clean_log.js
2019-08-16 20:17:42,484 INFO 23184 [egg-schedule]: register schedule C:\Users\user\Desktop\big_egg\server\node_modules\egg-logrotator\app\schedule\rotate_by_file.js
2019-08-16 20:18:11,048 INFO 17684 [egg-schedule]: register schedule C:\Users\user\Desktop\big_egg\server\node_modules\egg-multipart\app\schedule\clean_tmpdir.js
2019-08-16 20:18:11,048 INFO 17684 [egg-schedule]: register schedule C:\Users\user\Desktop\big_egg\server\node_modules\egg-logrotator\app\schedule\clean_log.js
2019-08-16 20:18:11,048 INFO 17684 [egg-schedule]: register schedule C:\Users\user\Desktop\big_egg\server\node_modules\egg-logrotator\app\schedule\rotate_by_file.js
2019-08-16 20:18:38,281 INFO 25360 [egg-schedule]: register schedule C:\Users\user\Desktop\big_egg\server\node_modules\egg-multipart\app\schedule\clean_tmpdir.js
2019-08-16 20:18:38,281 INFO 25360 [egg-schedule]: register schedule C:\Users\user\Desktop\big_egg\server\node_modules\egg-logrotator\app\schedule\clean_log.js
2019-08-16 20:18:38,281 INFO 25360 [egg-schedule]: register schedule C:\Users\user\Desktop\big_egg\server\node_modules\egg-logrotator\app\schedule\rotate_by_file.js
2019-08-16 20:37:53,570 INFO 26628 [egg-schedule]: register schedule C:\Users\user\Desktop\big_egg\server\node_modules\egg-multipart\app\schedule\clean_tmpdir.js
2019-08-16 20:37:53,570 INFO 26628 [egg-schedule]: register schedule C:\Users\user\Desktop\big_egg\server\node_modules\egg-logrotator\app\schedule\clean_log.js
2019-08-16 20:37:53,570 INFO 26628 [egg-schedule]: register schedule C:\Users\user\Desktop\big_egg\server\node_modules\egg-logrotator\app\schedule\rotate_by_file.js
2019-08-16 20:37:57,871 INFO 23644 [egg-schedule]: register schedule C:\Users\user\Desktop\big_egg\server\node_modules\egg-multipart\app\schedule\clean_tmpdir.js
2019-08-16 20:37:57,871 INFO 23644 [egg-schedule]: register schedule C:\Users\user\Desktop\big_egg\server\node_modules\egg-logrotator\app\schedule\clean_log.js
2019-08-16 20:37:57,871 INFO 23644 [egg-schedule]: register schedule C:\Users\user\Desktop\big_egg\server\node_modules\egg-logrotator\app\schedule\rotate_by_file.js
2019-08-16 20:38:04,813 INFO 13968 [egg-schedule]: register schedule C:\Users\user\Desktop\big_egg\server\node_modules\egg-multipart\app\schedule\clean_tmpdir.js
2019-08-16 20:38:04,813 INFO 13968 [egg-schedule]: register schedule C:\Users\user\Desktop\big_egg\server\node_modules\egg-logrotator\app\schedule\clean_log.js
2019-08-16 20:38:04,813 INFO 13968 [egg-schedule]: register schedule C:\Users\user\Desktop\big_egg\server\node_modules\egg-logrotator\app\schedule\rotate_by_file.js
2019-08-17 08:35:37,510 INFO 9708 [egg-schedule]: register schedule C:\Users\user\Desktop\big_egg\server\node_modules\egg-multipart\app\schedule\clean_tmpdir.js
2019-08-17 08:35:37,510 INFO 9708 [egg-schedule]: register schedule C:\Users\user\Desktop\big_egg\server\node_modules\egg-logrotator\app\schedule\clean_log.js
2019-08-17 08:35:37,510 INFO 9708 [egg-schedule]: register schedule C:\Users\user\Desktop\big_egg\server\node_modules\egg-logrotator\app\schedule\rotate_by_file.js
2019-08-17 08:35:38,763 INFO 12524 [Timer] C:\Users\user\Desktop\big_egg\server\node_modules\egg-multipart\app\schedule\clean_tmpdir.js next time will execute after 71661241ms at 2019-08-18 04:30:00.004
2019-08-17 08:35:38,764 INFO 12524 [Timer] C:\Users\user\Desktop\big_egg\server\node_modules\egg-logrotator\app\schedule\clean_log.js next time will execute after 55461237ms at 2019-08-18 00:00:00.001
2019-08-17 08:35:38,764 INFO 12524 [Timer] C:\Users\user\Desktop\big_egg\server\node_modules\egg-logrotator\app\schedule\rotate_by_file.js next time will execute after 55462236ms at 2019-08-18 00:00:01.000
2019-08-19 15:59:52,428 INFO 16532 [egg-schedule]: register schedule C:\Users\user\Desktop\big_egg\server\node_modules\egg-multipart\app\schedule\clean_tmpdir.js
2019-08-19 15:59:52,428 INFO 16532 [egg-schedule]: register schedule C:\Users\user\Desktop\big_egg\server\node_modules\egg-logrotator\app\schedule\clean_log.js
2019-08-19 15:59:52,428 INFO 16532 [egg-schedule]: register schedule C:\Users\user\Desktop\big_egg\server\node_modules\egg-logrotator\app\schedule\rotate_by_file.js
2019-08-19 15:59:53,380 INFO 15136 [Timer] C:\Users\user\Desktop\big_egg\server\node_modules\egg-multipart\app\schedule\clean_tmpdir.js next time will execute after 45006623ms at 2019-08-20 04:30:00.003
2019-08-19 15:59:53,380 INFO 15136 [Timer] C:\Users\user\Desktop\big_egg\server\node_modules\egg-logrotator\app\schedule\clean_log.js next time will execute after 28806620ms at 2019-08-20 00:00:00.000
2019-08-19 15:59:53,381 INFO 15136 [Timer] C:\Users\user\Desktop\big_egg\server\node_modules\egg-logrotator\app\schedule\rotate_by_file.js next time will execute after 28807620ms at 2019-08-20 00:00:01.001
2019-08-19 16:01:14,772 INFO 22356 [egg-schedule]: register schedule C:\Users\user\Desktop\big_egg\server\node_modules\egg-multipart\app\schedule\clean_tmpdir.js
2019-08-19 16:01:14,772 INFO 22356 [egg-schedule]: register schedule C:\Users\user\Desktop\big_egg\server\node_modules\egg-logrotator\app\schedule\clean_log.js
2019-08-19 16:01:14,772 INFO 22356 [egg-schedule]: register schedule C:\Users\user\Desktop\big_egg\server\node_modules\egg-logrotator\app\schedule\rotate_by_file.js
2019-08-19 16:02:29,274 INFO 23724 [egg-schedule]: register schedule C:\Users\user\Desktop\big_egg\server\node_modules\egg-multipart\app\schedule\clean_tmpdir.js
2019-08-19 16:02:29,274 INFO 23724 [egg-schedule]: register schedule C:\Users\user\Desktop\big_egg\server\node_modules\egg-logrotator\app\schedule\clean_log.js
2019-08-19 16:02:29,274 INFO 23724 [egg-schedule]: register schedule C:\Users\user\Desktop\big_egg\server\node_modules\egg-logrotator\app\schedule\rotate_by_file.js
2019-08-19 16:02:42,531 INFO 12036 [Timer] C:\Users\user\Desktop\big_egg\server\node_modules\egg-multipart\app\schedule\clean_tmpdir.js next time will execute after 44837472ms at 2019-08-20 04:30:00.003
2019-08-19 16:02:42,531 INFO 12036 [Timer] C:\Users\user\Desktop\big_egg\server\node_modules\egg-logrotator\app\schedule\clean_log.js next time will execute after 28637469ms at 2019-08-20 00:00:00.000
2019-08-19 16:02:42,532 INFO 12036 [Timer] C:\Users\user\Desktop\big_egg\server\node_modules\egg-logrotator\app\schedule\rotate_by_file.js next time will execute after 28638469ms at 2019-08-20 00:00:01.001
2019-08-19 16:02:41,643 INFO 4328 [egg-schedule]: register schedule C:\Users\user\Desktop\big_egg\server\node_modules\egg-multipart\app\schedule\clean_tmpdir.js
2019-08-19 16:02:41,643 INFO 4328 [egg-schedule]: register schedule C:\Users\user\Desktop\big_egg\server\node_modules\egg-logrotator\app\schedule\clean_log.js
2019-08-19 16:02:41,643 INFO 4328 [egg-schedule]: register schedule C:\Users\user\Desktop\big_egg\server\node_modules\egg-logrotator\app\schedule\rotate_by_file.js
2019-08-19 16:03:28,782 INFO 22708 [egg-schedule]: register schedule C:\Users\user\Desktop\big_egg\server\node_modules\egg-multipart\app\schedule\clean_tmpdir.js
2019-08-19 16:03:28,782 INFO 22708 [egg-schedule]: register schedule C:\Users\user\Desktop\big_egg\server\node_modules\egg-logrotator\app\schedule\clean_log.js
2019-08-19 16:03:28,782 INFO 22708 [egg-schedule]: register schedule C:\Users\user\Desktop\big_egg\server\node_modules\egg-logrotator\app\schedule\rotate_by_file.js
2019-08-19 16:03:34,400 INFO 16844 [egg-schedule]: register schedule C:\Users\user\Desktop\big_egg\server\node_modules\egg-multipart\app\schedule\clean_tmpdir.js
2019-08-19 16:03:34,401 INFO 16844 [egg-schedule]: register schedule C:\Users\user\Desktop\big_egg\server\node_modules\egg-logrotator\app\schedule\clean_log.js
2019-08-19 16:03:34,401 INFO 16844 [egg-schedule]: register schedule C:\Users\user\Desktop\big_egg\server\node_modules\egg-logrotator\app\schedule\rotate_by_file.js
2019-08-19 16:27:30,938 INFO 23724 [egg-schedule]: register schedule C:\Users\user\Desktop\big_egg\server\node_modules\egg-multipart\app\schedule\clean_tmpdir.js
2019-08-19 16:27:30,938 INFO 23724 [egg-schedule]: register schedule C:\Users\user\Desktop\big_egg\server\node_modules\egg-logrotator\app\schedule\clean_log.js
2019-08-19 16:27:30,938 INFO 23724 [egg-schedule]: register schedule C:\Users\user\Desktop\big_egg\server\node_modules\egg-logrotator\app\schedule\rotate_by_file.js
2019-08-19 16:28:22,144 INFO 1372 [egg-schedule]: register schedule C:\Users\user\Desktop\big_egg\server\node_modules\egg-multipart\app\schedule\clean_tmpdir.js
2019-08-19 16:28:22,144 INFO 1372 [egg-schedule]: register schedule C:\Users\user\Desktop\big_egg\server\node_modules\egg-logrotator\app\schedule\clean_log.js
2019-08-19 16:28:22,144 INFO 1372 [egg-schedule]: register schedule C:\Users\user\Desktop\big_egg\server\node_modules\egg-logrotator\app\schedule\rotate_by_file.js
2019-08-19 16:31:41,988 INFO 17320 [egg-schedule]: register schedule C:\Users\user\Desktop\big_egg\server\node_modules\egg-multipart\app\schedule\clean_tmpdir.js
2019-08-19 16:31:41,988 INFO 17320 [egg-schedule]: register schedule C:\Users\user\Desktop\big_egg\server\node_modules\egg-logrotator\app\schedule\clean_log.js
2019-08-19 16:31:41,989 INFO 17320 [egg-schedule]: register schedule C:\Users\user\Desktop\big_egg\server\node_modules\egg-logrotator\app\schedule\rotate_by_file.js
2019-08-19 16:34:23,814 INFO 19104 [egg-schedule]: register schedule C:\Users\user\Desktop\big_egg\server\node_modules\egg-multipart\app\schedule\clean_tmpdir.js
2019-08-19 16:34:23,814 INFO 19104 [egg-schedule]: register schedule C:\Users\user\Desktop\big_egg\server\node_modules\egg-logrotator\app\schedule\clean_log.js
2019-08-19 16:34:23,814 INFO 19104 [egg-schedule]: register schedule C:\Users\user\Desktop\big_egg\server\node_modules\egg-logrotator\app\schedule\rotate_by_file.js
2019-08-19 16:34:46,421 INFO 20436 [egg-schedule]: register schedule C:\Users\user\Desktop\big_egg\server\node_modules\egg-multipart\app\schedule\clean_tmpdir.js
2019-08-19 16:34:46,421 INFO 20436 [egg-schedule]: register schedule C:\Users\user\Desktop\big_egg\server\node_modules\egg-logrotator\app\schedule\clean_log.js
2019-08-19 16:34:46,421 INFO 20436 [egg-schedule]: register schedule C:\Users\user\Desktop\big_egg\server\node_modules\egg-logrotator\app\schedule\rotate_by_file.js
2019-08-19 16:37:41,606 INFO 1516 [egg-schedule]: register schedule C:\Users\user\Desktop\big_egg\server\node_modules\egg-multipart\app\schedule\clean_tmpdir.js
2019-08-19 16:37:41,606 INFO 1516 [egg-schedule]: register schedule C:\Users\user\Desktop\big_egg\server\node_modules\egg-logrotator\app\schedule\clean_log.js
2019-08-19 16:37:41,606 INFO 1516 [egg-schedule]: register schedule C:\Users\user\Desktop\big_egg\server\node_modules\egg-logrotator\app\schedule\rotate_by_file.js
2019-08-19 16:38:08,879 INFO 23976 [egg-schedule]: register schedule C:\Users\user\Desktop\big_egg\server\node_modules\egg-multipart\app\schedule\clean_tmpdir.js
2019-08-19 16:38:08,879 INFO 23976 [egg-schedule]: register schedule C:\Users\user\Desktop\big_egg\server\node_modules\egg-logrotator\app\schedule\clean_log.js
2019-08-19 16:38:08,879 INFO 23976 [egg-schedule]: register schedule C:\Users\user\Desktop\big_egg\server\node_modules\egg-logrotator\app\schedule\rotate_by_file.js
2019-08-19 16:49:10,771 INFO 20956 [egg-schedule]: register schedule C:\Users\user\Desktop\big_egg\server\node_modules\egg-multipart\app\schedule\clean_tmpdir.js
2019-08-19 16:49:10,771 INFO 20956 [egg-schedule]: register schedule C:\Users\user\Desktop\big_egg\server\node_modules\egg-logrotator\app\schedule\clean_log.js
2019-08-19 16:49:10,771 INFO 20956 [egg-schedule]: register schedule C:\Users\user\Desktop\big_egg\server\node_modules\egg-logrotator\app\schedule\rotate_by_file.js
2019-08-19 16:54:21,006 INFO 11208 [egg-schedule]: register schedule C:\Users\user\Desktop\big_egg\server\node_modules\egg-multipart\app\schedule\clean_tmpdir.js
2019-08-19 16:54:21,006 INFO 11208 [egg-schedule]: register schedule C:\Users\user\Desktop\big_egg\server\node_modules\egg-logrotator\app\schedule\clean_log.js
2019-08-19 16:54:21,006 INFO 11208 [egg-schedule]: register schedule C:\Users\user\Desktop\big_egg\server\node_modules\egg-logrotator\app\schedule\rotate_by_file.js
2019-08-19 16:54:21,905 INFO 20996 [Timer] C:\Users\user\Desktop\big_egg\server\node_modules\egg-multipart\app\schedule\clean_tmpdir.js next time will execute after 41738098ms at 2019-08-20 04:30:00.003
2019-08-19 16:54:21,905 INFO 20996 [Timer] C:\Users\user\Desktop\big_egg\server\node_modules\egg-logrotator\app\schedule\clean_log.js next time will execute after 25538095ms at 2019-08-20 00:00:00.000
2019-08-19 16:54:21,905 INFO 20996 [Timer] C:\Users\user\Desktop\big_egg\server\node_modules\egg-logrotator\app\schedule\rotate_by_file.js next time will execute after 25539095ms at 2019-08-20 00:00:01.000
2019-08-19 19:45:55,466 INFO 18956 [egg-schedule]: register schedule C:\Users\user\Desktop\big_egg\server\node_modules\egg-multipart\app\schedule\clean_tmpdir.js
2019-08-19 19:45:55,466 INFO 18956 [egg-schedule]: register schedule C:\Users\user\Desktop\big_egg\server\node_modules\egg-logrotator\app\schedule\clean_log.js
2019-08-19 19:45:55,466 INFO 18956 [egg-schedule]: register schedule C:\Users\user\Desktop\big_egg\server\node_modules\egg-logrotator\app\schedule\rotate_by_file.js
2019-08-19 19:46:17,415 INFO 7688 [egg-schedule]: register schedule C:\Users\user\Desktop\big_egg\server\node_modules\egg-multipart\app\schedule\clean_tmpdir.js
2019-08-19 19:46:17,416 INFO 7688 [egg-schedule]: register schedule C:\Users\user\Desktop\big_egg\server\node_modules\egg-logrotator\app\schedule\clean_log.js
2019-08-19 19:46:17,416 INFO 7688 [egg-schedule]: register schedule C:\Users\user\Desktop\big_egg\server\node_modules\egg-logrotator\app\schedule\rotate_by_file.js
2019-08-19 19:46:33,966 INFO 21816 [egg-schedule]: register schedule C:\Users\user\Desktop\big_egg\server\node_modules\egg-multipart\app\schedule\clean_tmpdir.js
2019-08-19 19:46:33,967 INFO 21816 [egg-schedule]: register schedule C:\Users\user\Desktop\big_egg\server\node_modules\egg-logrotator\app\schedule\clean_log.js
2019-08-19 19:46:33,967 INFO 21816 [egg-schedule]: register schedule C:\Users\user\Desktop\big_egg\server\node_modules\egg-logrotator\app\schedule\rotate_by_file.js
2019-08-19 19:46:56,184 INFO 21500 [egg-schedule]: register schedule C:\Users\user\Desktop\big_egg\server\node_modules\egg-multipart\app\schedule\clean_tmpdir.js
2019-08-19 19:46:56,184 INFO 21500 [egg-schedule]: register schedule C:\Users\user\Desktop\big_egg\server\node_modules\egg-logrotator\app\schedule\clean_log.js
2019-08-19 19:46:56,184 INFO 21500 [egg-schedule]: register schedule C:\Users\user\Desktop\big_egg\server\node_modules\egg-logrotator\app\schedule\rotate_by_file.js
2019-08-19 19:55:43,716 INFO 23984 [egg-schedule]: register schedule C:\Users\user\Desktop\big_egg\server\node_modules\egg-multipart\app\schedule\clean_tmpdir.js
2019-08-19 19:55:43,716 INFO 23984 [egg-schedule]: register schedule C:\Users\user\Desktop\big_egg\server\node_modules\egg-logrotator\app\schedule\clean_log.js
2019-08-19 19:55:43,716 INFO 23984 [egg-schedule]: register schedule C:\Users\user\Desktop\big_egg\server\node_modules\egg-logrotator\app\schedule\rotate_by_file.js
2019-08-19 19:55:44,664 INFO 16148 [Timer] C:\Users\user\Desktop\big_egg\server\node_modules\egg-multipart\app\schedule\clean_tmpdir.js next time will execute after 30855340ms at 2019-08-20 04:30:00.004
2019-08-19 19:55:44,664 INFO 16148 [Timer] C:\Users\user\Desktop\big_egg\server\node_modules\egg-logrotator\app\schedule\clean_log.js next time will execute after 14655336ms at 2019-08-20 00:00:00.000
2019-08-19 19:55:44,664 INFO 16148 [Timer] C:\Users\user\Desktop\big_egg\server\node_modules\egg-logrotator\app\schedule\rotate_by_file.js next time will execute after 14656336ms at 2019-08-20 00:00:01.000
2019-08-19 19:57:06,690 INFO 13700 [egg-schedule]: register schedule C:\Users\user\Desktop\big_egg\server\node_modules\egg-multipart\app\schedule\clean_tmpdir.js
2019-08-19 19:57:06,691 INFO 13700 [egg-schedule]: register schedule C:\Users\user\Desktop\big_egg\server\node_modules\egg-logrotator\app\schedule\clean_log.js
2019-08-19 19:57:06,691 INFO 13700 [egg-schedule]: register schedule C:\Users\user\Desktop\big_egg\server\node_modules\egg-logrotator\app\schedule\rotate_by_file.js
2019-08-19 19:58:20,212 INFO 22508 [egg-schedule]: register schedule C:\Users\user\Desktop\big_egg\server\node_modules\egg-multipart\app\schedule\clean_tmpdir.js
2019-08-19 19:58:20,212 INFO 22508 [egg-schedule]: register schedule C:\Users\user\Desktop\big_egg\server\node_modules\egg-logrotator\app\schedule\clean_log.js
2019-08-19 19:58:20,212 INFO 22508 [egg-schedule]: register schedule C:\Users\user\Desktop\big_egg\server\node_modules\egg-logrotator\app\schedule\rotate_by_file.js
2019-08-19 20:01:36,082 INFO 6460 [egg-schedule]: register schedule C:\Users\user\Desktop\big_egg\server\node_modules\egg-multipart\app\schedule\clean_tmpdir.js
2019-08-19 20:01:36,082 INFO 6460 [egg-schedule]: register schedule C:\Users\user\Desktop\big_egg\server\node_modules\egg-logrotator\app\schedule\clean_log.js
2019-08-19 20:01:36,082 INFO 6460 [egg-schedule]: register schedule C:\Users\user\Desktop\big_egg\server\node_modules\egg-logrotator\app\schedule\rotate_by_file.js
2019-08-19 20:14:35,774 INFO 25460 [egg-schedule]: register schedule C:\Users\user\Desktop\big_egg\server\node_modules\egg-multipart\app\schedule\clean_tmpdir.js
2019-08-19 20:14:35,774 INFO 25460 [egg-schedule]: register schedule C:\Users\user\Desktop\big_egg\server\node_modules\egg-logrotator\app\schedule\clean_log.js
2019-08-19 20:14:35,774 INFO 25460 [egg-schedule]: register schedule C:\Users\user\Desktop\big_egg\server\node_modules\egg-logrotator\app\schedule\rotate_by_file.js
2019-08-19 20:16:27,996 INFO 25140 [egg-schedule]: register schedule C:\Users\user\Desktop\big_egg\server\node_modules\egg-multipart\app\schedule\clean_tmpdir.js
2019-08-19 20:16:27,996 INFO 25140 [egg-schedule]: register schedule C:\Users\user\Desktop\big_egg\server\node_modules\egg-logrotator\app\schedule\clean_log.js
2019-08-19 20:16:27,996 INFO 25140 [egg-schedule]: register schedule C:\Users\user\Desktop\big_egg\server\node_modules\egg-logrotator\app\schedule\rotate_by_file.js
2019-08-19 20:16:29,190 INFO 21600 [Timer] C:\Users\user\Desktop\big_egg\server\node_modules\egg-multipart\app\schedule\clean_tmpdir.js next time will execute after 29610815ms at 2019-08-20 04:30:00.005
2019-08-19 20:16:29,190 INFO 21600 [Timer] C:\Users\user\Desktop\big_egg\server\node_modules\egg-logrotator\app\schedule\clean_log.js next time will execute after 13410810ms at 2019-08-20 00:00:00.000
2019-08-19 20:16:29,190 INFO 21600 [Timer] C:\Users\user\Desktop\big_egg\server\node_modules\egg-logrotator\app\schedule\rotate_by_file.js next time will execute after 13411810ms at 2019-08-20 00:00:01.000
2019-08-19 20:22:03,427 INFO 24960 [egg-schedule]: register schedule C:\Users\user\Desktop\big_egg\server\node_modules\egg-multipart\app\schedule\clean_tmpdir.js
2019-08-19 20:22:03,427 INFO 24960 [egg-schedule]: register schedule C:\Users\user\Desktop\big_egg\server\node_modules\egg-logrotator\app\schedule\clean_log.js
2019-08-19 20:22:03,427 INFO 24960 [egg-schedule]: register schedule C:\Users\user\Desktop\big_egg\server\node_modules\egg-logrotator\app\schedule\rotate_by_file.js
2019-08-19 20:27:35,471 INFO 25416 [egg-schedule]: register schedule C:\Users\user\Desktop\big_egg\server\node_modules\egg-multipart\app\schedule\clean_tmpdir.js
2019-08-19 20:27:35,471 INFO 25416 [egg-schedule]: register schedule C:\Users\user\Desktop\big_egg\server\node_modules\egg-logrotator\app\schedule\clean_log.js
2019-08-19 20:27:35,471 INFO 25416 [egg-schedule]: register schedule C:\Users\user\Desktop\big_egg\server\node_modules\egg-logrotator\app\schedule\rotate_by_file.js
2019-08-19 20:28:31,806 INFO 21440 [egg-schedule]: register schedule C:\Users\user\Desktop\big_egg\server\node_modules\egg-multipart\app\schedule\clean_tmpdir.js
2019-08-19 20:28:31,806 INFO 21440 [egg-schedule]: register schedule C:\Users\user\Desktop\big_egg\server\node_modules\egg-logrotator\app\schedule\clean_log.js
2019-08-19 20:28:31,806 INFO 21440 [egg-schedule]: register schedule C:\Users\user\Desktop\big_egg\server\node_modules\egg-logrotator\app\schedule\rotate_by_file.js
2019-08-19 20:28:59,585 INFO 25100 [egg-schedule]: register schedule C:\Users\user\Desktop\big_egg\server\node_modules\egg-multipart\app\schedule\clean_tmpdir.js
2019-08-19 20:28:59,585 INFO 25100 [egg-schedule]: register schedule C:\Users\user\Desktop\big_egg\server\node_modules\egg-logrotator\app\schedule\clean_log.js
2019-08-19 20:28:59,585 INFO 25100 [egg-schedule]: register schedule C:\Users\user\Desktop\big_egg\server\node_modules\egg-logrotator\app\schedule\rotate_by_file.js
2019-08-19 20:29:15,197 INFO 10088 [egg-schedule]: register schedule C:\Users\user\Desktop\big_egg\server\node_modules\egg-multipart\app\schedule\clean_tmpdir.js
2019-08-19 20:29:15,197 INFO 10088 [egg-schedule]: register schedule C:\Users\user\Desktop\big_egg\server\node_modules\egg-logrotator\app\schedule\clean_log.js
2019-08-19 20:29:15,197 INFO 10088 [egg-schedule]: register schedule C:\Users\user\Desktop\big_egg\server\node_modules\egg-logrotator\app\schedule\rotate_by_file.js
2019-08-19 20:29:22,309 INFO 19588 [egg-schedule]: register schedule C:\Users\user\Desktop\big_egg\server\node_modules\egg-multipart\app\schedule\clean_tmpdir.js
2019-08-19 20:29:22,309 INFO 19588 [egg-schedule]: register schedule C:\Users\user\Desktop\big_egg\server\node_modules\egg-logrotator\app\schedule\clean_log.js
2019-08-19 20:29:22,309 INFO 19588 [egg-schedule]: register schedule C:\Users\user\Desktop\big_egg\server\node_modules\egg-logrotator\app\schedule\rotate_by_file.js
2019-08-19 20:29:30,157 INFO 9192 [egg-schedule]: register schedule C:\Users\user\Desktop\big_egg\server\node_modules\egg-multipart\app\schedule\clean_tmpdir.js
2019-08-19 20:29:30,157 INFO 9192 [egg-schedule]: register schedule C:\Users\user\Desktop\big_egg\server\node_modules\egg-logrotator\app\schedule\clean_log.js
2019-08-19 20:29:30,157 INFO 9192 [egg-schedule]: register schedule C:\Users\user\Desktop\big_egg\server\node_modules\egg-logrotator\app\schedule\rotate_by_file.js
2019-08-19 20:31:34,306 INFO 23064 [egg-schedule]: register schedule C:\Users\user\Desktop\big_egg\server\node_modules\egg-multipart\app\schedule\clean_tmpdir.js
2019-08-19 20:31:34,306 INFO 23064 [egg-schedule]: register schedule C:\Users\user\Desktop\big_egg\server\node_modules\egg-logrotator\app\schedule\clean_log.js
2019-08-19 20:31:34,306 INFO 23064 [egg-schedule]: register schedule C:\Users\user\Desktop\big_egg\server\node_modules\egg-logrotator\app\schedule\rotate_by_file.js
2019-08-19 20:41:39,674 INFO 22560 [egg-schedule]: register schedule C:\Users\user\Desktop\big_egg\server\node_modules\egg-multipart\app\schedule\clean_tmpdir.js
2019-08-19 20:41:39,674 INFO 22560 [egg-schedule]: register schedule C:\Users\user\Desktop\big_egg\server\node_modules\egg-logrotator\app\schedule\clean_log.js
2019-08-19 20:41:39,674 INFO 22560 [egg-schedule]: register schedule C:\Users\user\Desktop\big_egg\server\node_modules\egg-logrotator\app\schedule\rotate_by_file.js
2019-08-19 20:41:40,774 INFO 6868 [Timer] C:\Users\user\Desktop\big_egg\server\node_modules\egg-multipart\app\schedule\clean_tmpdir.js next time will execute after 28099229ms at 2019-08-20 04:30:00.003
2019-08-19 20:41:40,774 INFO 6868 [Timer] C:\Users\user\Desktop\big_egg\server\node_modules\egg-logrotator\app\schedule\clean_log.js next time will execute after 11899226ms at 2019-08-20 00:00:00.000
2019-08-19 20:41:40,775 INFO 6868 [Timer] C:\Users\user\Desktop\big_egg\server\node_modules\egg-logrotator\app\schedule\rotate_by_file.js next time will execute after 11900226ms at 2019-08-20 00:00:01.001
2019-08-20 10:56:19,526 INFO 19304 [egg-schedule]: register schedule C:\Users\user\Desktop\big_egg\server\node_modules\egg-multipart\app\schedule\clean_tmpdir.js
2019-08-20 10:56:19,526 INFO 19304 [egg-schedule]: register schedule C:\Users\user\Desktop\big_egg\server\node_modules\egg-logrotator\app\schedule\clean_log.js
2019-08-20 10:56:19,526 INFO 19304 [egg-schedule]: register schedule C:\Users\user\Desktop\big_egg\server\node_modules\egg-logrotator\app\schedule\rotate_by_file.js
2019-08-20 10:56:20,677 INFO 22532 [Timer] C:\Users\user\Desktop\big_egg\server\node_modules\egg-multipart\app\schedule\clean_tmpdir.js next time will execute after 63219326ms at 2019-08-21 04:30:00.003
2019-08-20 10:56:20,677 INFO 22532 [Timer] C:\Users\user\Desktop\big_egg\server\node_modules\egg-logrotator\app\schedule\clean_log.js next time will execute after 47019323ms at 2019-08-21 00:00:00.000
2019-08-20 10:56:20,678 INFO 22532 [Timer] C:\Users\user\Desktop\big_egg\server\node_modules\egg-logrotator\app\schedule\rotate_by_file.js next time will execute after 47020322ms at 2019-08-21 00:00:01.000
2019-08-20 11:01:33,839 INFO 256 [egg-schedule]: register schedule C:\Users\user\Desktop\big_egg\server\node_modules\egg-multipart\app\schedule\clean_tmpdir.js
2019-08-20 11:01:33,839 INFO 256 [egg-schedule]: register schedule C:\Users\user\Desktop\big_egg\server\node_modules\egg-logrotator\app\schedule\clean_log.js
2019-08-20 11:01:33,839 INFO 256 [egg-schedule]: register schedule C:\Users\user\Desktop\big_egg\server\node_modules\egg-logrotator\app\schedule\rotate_by_file.js
2019-08-20 11:01:48,645 INFO 17256 [egg-schedule]: register schedule C:\Users\user\Desktop\big_egg\server\node_modules\egg-multipart\app\schedule\clean_tmpdir.js
2019-08-20 11:01:48,645 INFO 17256 [egg-schedule]: register schedule C:\Users\user\Desktop\big_egg\server\node_modules\egg-logrotator\app\schedule\clean_log.js
2019-08-20 11:01:48,645 INFO 17256 [egg-schedule]: register schedule C:\Users\user\Desktop\big_egg\server\node_modules\egg-logrotator\app\schedule\rotate_by_file.js
2019-08-20 11:03:04,206 INFO 5180 [egg-schedule]: register schedule C:\Users\user\Desktop\big_egg\server\node_modules\egg-multipart\app\schedule\clean_tmpdir.js
2019-08-20 11:03:04,207 INFO 5180 [egg-schedule]: register schedule C:\Users\user\Desktop\big_egg\server\node_modules\egg-logrotator\app\schedule\clean_log.js
2019-08-20 11:03:04,207 INFO 5180 [egg-schedule]: register schedule C:\Users\user\Desktop\big_egg\server\node_modules\egg-logrotator\app\schedule\rotate_by_file.js
2019-08-20 11:04:10,851 INFO 15656 [egg-schedule]: register schedule C:\Users\user\Desktop\big_egg\server\node_modules\egg-multipart\app\schedule\clean_tmpdir.js
2019-08-20 11:04:10,852 INFO 15656 [egg-schedule]: register schedule C:\Users\user\Desktop\big_egg\server\node_modules\egg-logrotator\app\schedule\clean_log.js
2019-08-20 11:04:10,852 INFO 15656 [egg-schedule]: register schedule C:\Users\user\Desktop\big_egg\server\node_modules\egg-logrotator\app\schedule\rotate_by_file.js
2019-08-20 11:04:34,367 INFO 17364 [egg-schedule]: register schedule C:\Users\user\Desktop\big_egg\server\node_modules\egg-multipart\app\schedule\clean_tmpdir.js
2019-08-20 11:04:34,367 INFO 17364 [egg-schedule]: register schedule C:\Users\user\Desktop\big_egg\server\node_modules\egg-logrotator\app\schedule\clean_log.js
2019-08-20 11:04:34,367 INFO 17364 [egg-schedule]: register schedule C:\Users\user\Desktop\big_egg\server\node_modules\egg-logrotator\app\schedule\rotate_by_file.js
2019-08-20 11:11:08,931 INFO 5476 [egg-schedule]: register schedule C:\Users\user\Desktop\big_egg\server\node_modules\egg-multipart\app\schedule\clean_tmpdir.js
2019-08-20 11:11:08,931 INFO 5476 [egg-schedule]: register schedule C:\Users\user\Desktop\big_egg\server\node_modules\egg-logrotator\app\schedule\clean_log.js
2019-08-20 11:11:08,931 INFO 5476 [egg-schedule]: register schedule C:\Users\user\Desktop\big_egg\server\node_modules\egg-logrotator\app\schedule\rotate_by_file.js
2019-08-20 11:11:09,931 INFO 11388 [Timer] C:\Users\user\Desktop\big_egg\server\node_modules\egg-multipart\app\schedule\clean_tmpdir.js next time will execute after 62330072ms at 2019-08-21 04:30:00.003
2019-08-20 11:11:09,932 INFO 11388 [Timer] C:\Users\user\Desktop\big_egg\server\node_modules\egg-logrotator\app\schedule\clean_log.js next time will execute after 46130069ms at 2019-08-21 00:00:00.001
2019-08-20 11:11:09,932 INFO 11388 [Timer] C:\Users\user\Desktop\big_egg\server\node_modules\egg-logrotator\app\schedule\rotate_by_file.js next time will execute after 46131068ms at 2019-08-21 00:00:01.000
2019-08-20 11:14:23,972 INFO 22052 [egg-schedule]: register schedule C:\Users\user\Desktop\big_egg\server\node_modules\egg-multipart\app\schedule\clean_tmpdir.js
2019-08-20 11:14:23,972 INFO 22052 [egg-schedule]: register schedule C:\Users\user\Desktop\big_egg\server\node_modules\egg-logrotator\app\schedule\clean_log.js
2019-08-20 11:14:23,972 INFO 22052 [egg-schedule]: register schedule C:\Users\user\Desktop\big_egg\server\node_modules\egg-logrotator\app\schedule\rotate_by_file.js
2019-08-20 11:17:24,401 INFO 23476 [egg-schedule]: register schedule C:\Users\user\Desktop\big_egg\server\node_modules\egg-multipart\app\schedule\clean_tmpdir.js
2019-08-20 11:17:24,401 INFO 23476 [egg-schedule]: register schedule C:\Users\user\Desktop\big_egg\server\node_modules\egg-logrotator\app\schedule\clean_log.js
2019-08-20 11:17:24,401 INFO 23476 [egg-schedule]: register schedule C:\Users\user\Desktop\big_egg\server\node_modules\egg-logrotator\app\schedule\rotate_by_file.js
2019-08-20 11:19:48,052 INFO 11188 [egg-schedule]: register schedule C:\Users\user\Desktop\big_egg\server\node_modules\egg-multipart\app\schedule\clean_tmpdir.js
2019-08-20 11:19:48,052 INFO 11188 [egg-schedule]: register schedule C:\Users\user\Desktop\big_egg\server\node_modules\egg-logrotator\app\schedule\clean_log.js
2019-08-20 11:19:48,052 INFO 11188 [egg-schedule]: register schedule C:\Users\user\Desktop\big_egg\server\node_modules\egg-logrotator\app\schedule\rotate_by_file.js
2019-08-20 11:20:20,850 INFO 1892 [egg-schedule]: register schedule C:\Users\user\Desktop\big_egg\server\node_modules\egg-multipart\app\schedule\clean_tmpdir.js
2019-08-20 11:20:20,850 INFO 1892 [egg-schedule]: register schedule C:\Users\user\Desktop\big_egg\server\node_modules\egg-logrotator\app\schedule\clean_log.js
2019-08-20 11:20:20,850 INFO 1892 [egg-schedule]: register schedule C:\Users\user\Desktop\big_egg\server\node_modules\egg-logrotator\app\schedule\rotate_by_file.js
2019-08-20 11:20:32,907 INFO 11624 [egg-schedule]: register schedule C:\Users\user\Desktop\big_egg\server\node_modules\egg-multipart\app\schedule\clean_tmpdir.js
2019-08-20 11:20:32,907 INFO 11624 [egg-schedule]: register schedule C:\Users\user\Desktop\big_egg\server\node_modules\egg-logrotator\app\schedule\clean_log.js
2019-08-20 11:20:32,907 INFO 11624 [egg-schedule]: register schedule C:\Users\user\Desktop\big_egg\server\node_modules\egg-logrotator\app\schedule\rotate_by_file.js
2019-08-20 11:20:33,933 INFO 23492 [Timer] C:\Users\user\Desktop\big_egg\server\node_modules\egg-multipart\app\schedule\clean_tmpdir.js next time will execute after 61766070ms at 2019-08-21 04:30:00.003
2019-08-20 11:20:33,934 INFO 23492 [Timer] C:\Users\user\Desktop\big_egg\server\node_modules\egg-logrotator\app\schedule\clean_log.js next time will execute after 45566067ms at 2019-08-21 00:00:00.001
2019-08-20 11:20:33,934 INFO 23492 [Timer] C:\Users\user\Desktop\big_egg\server\node_modules\egg-logrotator\app\schedule\rotate_by_file.js next time will execute after 45567066ms at 2019-08-21 00:00:01.000
2019-08-20 11:28:08,033 INFO 11452 [egg-schedule]: register schedule C:\Users\user\Desktop\big_egg\server\node_modules\egg-multipart\app\schedule\clean_tmpdir.js
2019-08-20 11:28:08,033 INFO 11452 [egg-schedule]: register schedule C:\Users\user\Desktop\big_egg\server\node_modules\egg-logrotator\app\schedule\clean_log.js
2019-08-20 11:28:08,033 INFO 11452 [egg-schedule]: register schedule C:\Users\user\Desktop\big_egg\server\node_modules\egg-logrotator\app\schedule\rotate_by_file.js
2019-08-20 11:28:38,880 INFO 10888 [egg-schedule]: register schedule C:\Users\user\Desktop\big_egg\server\node_modules\egg-multipart\app\schedule\clean_tmpdir.js
2019-08-20 11:28:38,880 INFO 10888 [egg-schedule]: register schedule C:\Users\user\Desktop\big_egg\server\node_modules\egg-logrotator\app\schedule\clean_log.js
2019-08-20 11:28:38,880 INFO 10888 [egg-schedule]: register schedule C:\Users\user\Desktop\big_egg\server\node_modules\egg-logrotator\app\schedule\rotate_by_file.js
2019-08-20 11:30:22,395 INFO 21580 [egg-schedule]: register schedule C:\Users\user\Desktop\big_egg\server\node_modules\egg-multipart\app\schedule\clean_tmpdir.js
2019-08-20 11:30:22,395 INFO 21580 [egg-schedule]: register schedule C:\Users\user\Desktop\big_egg\server\node_modules\egg-logrotator\app\schedule\clean_log.js
2019-08-20 11:30:22,395 INFO 21580 [egg-schedule]: register schedule C:\Users\user\Desktop\big_egg\server\node_modules\egg-logrotator\app\schedule\rotate_by_file.js
2019-08-20 11:30:39,694 INFO 20760 [egg-schedule]: register schedule C:\Users\user\Desktop\big_egg\server\node_modules\egg-multipart\app\schedule\clean_tmpdir.js
2019-08-20 11:30:39,694 INFO 20760 [egg-schedule]: register schedule C:\Users\user\Desktop\big_egg\server\node_modules\egg-logrotator\app\schedule\clean_log.js
2019-08-20 11:30:39,694 INFO 20760 [egg-schedule]: register schedule C:\Users\user\Desktop\big_egg\server\node_modules\egg-logrotator\app\schedule\rotate_by_file.js
2019-08-20 11:37:21,027 INFO 8780 [egg-schedule]: register schedule C:\Users\user\Desktop\big_egg\server\node_modules\egg-multipart\app\schedule\clean_tmpdir.js
2019-08-20 11:37:21,027 INFO 8780 [egg-schedule]: register schedule C:\Users\user\Desktop\big_egg\server\node_modules\egg-logrotator\app\schedule\clean_log.js
2019-08-20 11:37:21,027 INFO 8780 [egg-schedule]: register schedule C:\Users\user\Desktop\big_egg\server\node_modules\egg-logrotator\app\schedule\rotate_by_file.js
2019-08-20 11:39:41,227 INFO 6464 [egg-schedule]: register schedule C:\Users\user\Desktop\big_egg\server\node_modules\egg-multipart\app\schedule\clean_tmpdir.js
2019-08-20 11:39:41,227 INFO 6464 [egg-schedule]: register schedule C:\Users\user\Desktop\big_egg\server\node_modules\egg-logrotator\app\schedule\clean_log.js
2019-08-20 11:39:41,227 INFO 6464 [egg-schedule]: register schedule C:\Users\user\Desktop\big_egg\server\node_modules\egg-logrotator\app\schedule\rotate_by_file.js
2019-08-20 11:41:31,897 INFO 9828 [egg-schedule]: register schedule C:\Users\user\Desktop\big_egg\server\node_modules\egg-multipart\app\schedule\clean_tmpdir.js
2019-08-20 11:41:31,897 INFO 9828 [egg-schedule]: register schedule C:\Users\user\Desktop\big_egg\server\node_modules\egg-logrotator\app\schedule\clean_log.js
2019-08-20 11:41:31,897 INFO 9828 [egg-schedule]: register schedule C:\Users\user\Desktop\big_egg\server\node_modules\egg-logrotator\app\schedule\rotate_by_file.js
2019-08-20 11:41:32,966 INFO 20808 [Timer] C:\Users\user\Desktop\big_egg\server\node_modules\egg-multipart\app\schedule\clean_tmpdir.js next time will execute after 60507037ms at 2019-08-21 04:30:00.003
2019-08-20 11:41:32,967 INFO 20808 [Timer] C:\Users\user\Desktop\big_egg\server\node_modules\egg-logrotator\app\schedule\clean_log.js next time will execute after 44307033ms at 2019-08-21 00:00:00.000
2019-08-20 11:41:32,967 INFO 20808 [Timer] C:\Users\user\Desktop\big_egg\server\node_modules\egg-logrotator\app\schedule\rotate_by_file.js next time will execute after 44308033ms at 2019-08-21 00:00:01.000
2019-08-20 11:43:05,212 INFO 24332 [egg-schedule]: register schedule C:\Users\user\Desktop\big_egg\server\node_modules\egg-multipart\app\schedule\clean_tmpdir.js
2019-08-20 11:43:05,212 INFO 24332 [egg-schedule]: register schedule C:\Users\user\Desktop\big_egg\server\node_modules\egg-logrotator\app\schedule\clean_log.js
2019-08-20 11:43:05,212 INFO 24332 [egg-schedule]: register schedule C:\Users\user\Desktop\big_egg\server\node_modules\egg-logrotator\app\schedule\rotate_by_file.js
2019-08-20 11:43:50,178 INFO 9060 [egg-schedule]: register schedule C:\Users\user\Desktop\big_egg\server\node_modules\egg-multipart\app\schedule\clean_tmpdir.js
2019-08-20 11:43:50,178 INFO 9060 [egg-schedule]: register schedule C:\Users\user\Desktop\big_egg\server\node_modules\egg-logrotator\app\schedule\clean_log.js
2019-08-20 11:43:50,178 INFO 9060 [egg-schedule]: register schedule C:\Users\user\Desktop\big_egg\server\node_modules\egg-logrotator\app\schedule\rotate_by_file.js
2019-08-20 11:44:28,393 INFO 2964 [egg-schedule]: register schedule C:\Users\user\Desktop\big_egg\server\node_modules\egg-multipart\app\schedule\clean_tmpdir.js
2019-08-20 11:44:28,393 INFO 2964 [egg-schedule]: register schedule C:\Users\user\Desktop\big_egg\server\node_modules\egg-logrotator\app\schedule\clean_log.js
2019-08-20 11:44:28,393 INFO 2964 [egg-schedule]: register schedule C:\Users\user\Desktop\big_egg\server\node_modules\egg-logrotator\app\schedule\rotate_by_file.js
2019-08-20 11:45:54,435 INFO 9928 [egg-schedule]: register schedule C:\Users\user\Desktop\big_egg\server\node_modules\egg-multipart\app\schedule\clean_tmpdir.js
2019-08-20 11:45:54,435 INFO 9928 [egg-schedule]: register schedule C:\Users\user\Desktop\big_egg\server\node_modules\egg-logrotator\app\schedule\clean_log.js
2019-08-20 11:45:54,435 INFO 9928 [egg-schedule]: register schedule C:\Users\user\Desktop\big_egg\server\node_modules\egg-logrotator\app\schedule\rotate_by_file.js
2019-08-20 11:46:37,354 INFO 11412 [egg-schedule]: register schedule C:\Users\user\Desktop\big_egg\server\node_modules\egg-multipart\app\schedule\clean_tmpdir.js
2019-08-20 11:46:37,354 INFO 11412 [egg-schedule]: register schedule C:\Users\user\Desktop\big_egg\server\node_modules\egg-logrotator\app\schedule\clean_log.js
2019-08-20 11:46:37,354 INFO 11412 [egg-schedule]: register schedule C:\Users\user\Desktop\big_egg\server\node_modules\egg-logrotator\app\schedule\rotate_by_file.js
2019-08-20 11:47:31,498 INFO 8492 [egg-schedule]: register schedule C:\Users\user\Desktop\big_egg\server\node_modules\egg-multipart\app\schedule\clean_tmpdir.js
2019-08-20 11:47:31,498 INFO 8492 [egg-schedule]: register schedule C:\Users\user\Desktop\big_egg\server\node_modules\egg-logrotator\app\schedule\clean_log.js
2019-08-20 11:47:31,498 INFO 8492 [egg-schedule]: register schedule C:\Users\user\Desktop\big_egg\server\node_modules\egg-logrotator\app\schedule\rotate_by_file.js
2019-08-20 11:49:21,953 INFO 980 [egg-schedule]: register schedule C:\Users\user\Desktop\big_egg\server\node_modules\egg-multipart\app\schedule\clean_tmpdir.js
2019-08-20 11:49:21,953 INFO 980 [egg-schedule]: register schedule C:\Users\user\Desktop\big_egg\server\node_modules\egg-logrotator\app\schedule\clean_log.js
2019-08-20 11:49:21,953 INFO 980 [egg-schedule]: register schedule C:\Users\user\Desktop\big_egg\server\node_modules\egg-logrotator\app\schedule\rotate_by_file.js
2019-08-20 11:52:25,553 INFO 13796 [egg-schedule]: register schedule C:\Users\user\Desktop\big_egg\server\node_modules\egg-multipart\app\schedule\clean_tmpdir.js
2019-08-20 11:52:25,553 INFO 13796 [egg-schedule]: register schedule C:\Users\user\Desktop\big_egg\server\node_modules\egg-logrotator\app\schedule\clean_log.js
2019-08-20 11:52:25,553 INFO 13796 [egg-schedule]: register schedule C:\Users\user\Desktop\big_egg\server\node_modules\egg-logrotator\app\schedule\rotate_by_file.js
2019-08-20 11:52:26,674 INFO 18088 [Timer] C:\Users\user\Desktop\big_egg\server\node_modules\egg-multipart\app\schedule\clean_tmpdir.js next time will execute after 59853330ms at 2019-08-21 04:30:00.004
2019-08-20 11:52:26,674 INFO 18088 [Timer] C:\Users\user\Desktop\big_egg\server\node_modules\egg-logrotator\app\schedule\clean_log.js next time will execute after 43653326ms at 2019-08-21 00:00:00.000
2019-08-20 11:52:26,674 INFO 18088 [Timer] C:\Users\user\Desktop\big_egg\server\node_modules\egg-logrotator\app\schedule\rotate_by_file.js next time will execute after 43654326ms at 2019-08-21 00:00:01.000
2019-08-20 11:53:29,875 INFO 23496 [egg-schedule]: register schedule C:\Users\user\Desktop\big_egg\server\node_modules\egg-multipart\app\schedule\clean_tmpdir.js
2019-08-20 11:53:29,875 INFO 23496 [egg-schedule]: register schedule C:\Users\user\Desktop\big_egg\server\node_modules\egg-logrotator\app\schedule\clean_log.js
2019-08-20 11:53:29,875 INFO 23496 [egg-schedule]: register schedule C:\Users\user\Desktop\big_egg\server\node_modules\egg-logrotator\app\schedule\rotate_by_file.js
2019-08-20 11:54:50,920 INFO 20764 [egg-schedule]: register schedule C:\Users\user\Desktop\big_egg\server\node_modules\egg-multipart\app\schedule\clean_tmpdir.js
2019-08-20 11:54:50,920 INFO 20764 [egg-schedule]: register schedule C:\Users\user\Desktop\big_egg\server\node_modules\egg-logrotator\app\schedule\clean_log.js
2019-08-20 11:54:50,920 INFO 20764 [egg-schedule]: register schedule C:\Users\user\Desktop\big_egg\server\node_modules\egg-logrotator\app\schedule\rotate_by_file.js
2019-08-20 11:57:35,535 INFO 22728 [egg-schedule]: register schedule C:\Users\user\Desktop\big_egg\server\node_modules\egg-multipart\app\schedule\clean_tmpdir.js
2019-08-20 11:57:35,535 INFO 22728 [egg-schedule]: register schedule C:\Users\user\Desktop\big_egg\server\node_modules\egg-logrotator\app\schedule\clean_log.js
2019-08-20 11:57:35,535 INFO 22728 [egg-schedule]: register schedule C:\Users\user\Desktop\big_egg\server\node_modules\egg-logrotator\app\schedule\rotate_by_file.js
2019-08-20 11:58:24,441 INFO 24812 [egg-schedule]: register schedule C:\Users\user\Desktop\big_egg\server\node_modules\egg-multipart\app\schedule\clean_tmpdir.js
2019-08-20 11:58:24,441 INFO 24812 [egg-schedule]: register schedule C:\Users\user\Desktop\big_egg\server\node_modules\egg-logrotator\app\schedule\clean_log.js
2019-08-20 11:58:24,441 INFO 24812 [egg-schedule]: register schedule C:\Users\user\Desktop\big_egg\server\node_modules\egg-logrotator\app\schedule\rotate_by_file.js
2019-08-20 11:58:47,873 INFO 15816 [egg-schedule]: register schedule C:\Users\user\Desktop\big_egg\server\node_modules\egg-multipart\app\schedule\clean_tmpdir.js
2019-08-20 11:58:47,873 INFO 15816 [egg-schedule]: register schedule C:\Users\user\Desktop\big_egg\server\node_modules\egg-logrotator\app\schedule\clean_log.js
2019-08-20 11:58:47,873 INFO 15816 [egg-schedule]: register schedule C:\Users\user\Desktop\big_egg\server\node_modules\egg-logrotator\app\schedule\rotate_by_file.js
2019-08-20 11:59:43,433 INFO 11920 [egg-schedule]: register schedule C:\Users\user\Desktop\big_egg\server\node_modules\egg-multipart\app\schedule\clean_tmpdir.js
2019-08-20 11:59:43,433 INFO 11920 [egg-schedule]: register schedule C:\Users\user\Desktop\big_egg\server\node_modules\egg-logrotator\app\schedule\clean_log.js
2019-08-20 11:59:43,433 INFO 11920 [egg-schedule]: register schedule C:\Users\user\Desktop\big_egg\server\node_modules\egg-logrotator\app\schedule\rotate_by_file.js
2019-08-20 12:00:28,263 INFO 22180 [egg-schedule]: register schedule C:\Users\user\Desktop\big_egg\server\node_modules\egg-multipart\app\schedule\clean_tmpdir.js
2019-08-20 12:00:28,263 INFO 22180 [egg-schedule]: register schedule C:\Users\user\Desktop\big_egg\server\node_modules\egg-logrotator\app\schedule\clean_log.js
2019-08-20 12:00:28,263 INFO 22180 [egg-schedule]: register schedule C:\Users\user\Desktop\big_egg\server\node_modules\egg-logrotator\app\schedule\rotate_by_file.js
2019-08-20 12:01:18,683 INFO 6444 [egg-schedule]: register schedule C:\Users\user\Desktop\big_egg\server\node_modules\egg-multipart\app\schedule\clean_tmpdir.js
2019-08-20 12:01:18,683 INFO 6444 [egg-schedule]: register schedule C:\Users\user\Desktop\big_egg\server\node_modules\egg-logrotator\app\schedule\clean_log.js
2019-08-20 12:01:18,683 INFO 6444 [egg-schedule]: register schedule C:\Users\user\Desktop\big_egg\server\node_modules\egg-logrotator\app\schedule\rotate_by_file.js
2019-08-20 14:29:46,703 INFO 5284 [egg-schedule]: register schedule C:\Users\user\Desktop\big_egg\server\node_modules\egg-multipart\app\schedule\clean_tmpdir.js
2019-08-20 14:29:46,704 INFO 5284 [egg-schedule]: register schedule C:\Users\user\Desktop\big_egg\server\node_modules\egg-logrotator\app\schedule\clean_log.js
2019-08-20 14:29:46,704 INFO 5284 [egg-schedule]: register schedule C:\Users\user\Desktop\big_egg\server\node_modules\egg-logrotator\app\schedule\rotate_by_file.js
2019-08-20 14:30:08,433 INFO 18128 [egg-schedule]: register schedule C:\Users\user\Desktop\big_egg\server\node_modules\egg-multipart\app\schedule\clean_tmpdir.js
2019-08-20 14:30:08,433 INFO 18128 [egg-schedule]: register schedule C:\Users\user\Desktop\big_egg\server\node_modules\egg-logrotator\app\schedule\clean_log.js
2019-08-20 14:30:08,433 INFO 18128 [egg-schedule]: register schedule C:\Users\user\Desktop\big_egg\server\node_modules\egg-logrotator\app\schedule\rotate_by_file.js
2019-08-20 14:30:09,396 INFO 21320 [Timer] C:\Users\user\Desktop\big_egg\server\node_modules\egg-multipart\app\schedule\clean_tmpdir.js next time will execute after 50390607ms at 2019-08-21 04:30:00.003
2019-08-20 14:30:09,396 INFO 21320 [Timer] C:\Users\user\Desktop\big_egg\server\node_modules\egg-logrotator\app\schedule\clean_log.js next time will execute after 34190604ms at 2019-08-21 00:00:00.000
2019-08-20 14:30:09,397 INFO 21320 [Timer] C:\Users\user\Desktop\big_egg\server\node_modules\egg-logrotator\app\schedule\rotate_by_file.js next time will execute after 34191604ms at 2019-08-21 00:00:01.001
2019-08-20 14:31:41,155 INFO 24700 [egg-schedule]: register schedule C:\Users\user\Desktop\big_egg\server\node_modules\egg-multipart\app\schedule\clean_tmpdir.js
2019-08-20 14:31:41,155 INFO 24700 [egg-schedule]: register schedule C:\Users\user\Desktop\big_egg\server\node_modules\egg-logrotator\app\schedule\clean_log.js
2019-08-20 14:31:41,155 INFO 24700 [egg-schedule]: register schedule C:\Users\user\Desktop\big_egg\server\node_modules\egg-logrotator\app\schedule\rotate_by_file.js
2019-08-20 14:32:48,841 INFO 12072 [egg-schedule]: register schedule C:\Users\user\Desktop\big_egg\server\node_modules\egg-multipart\app\schedule\clean_tmpdir.js
2019-08-20 14:32:48,841 INFO 12072 [egg-schedule]: register schedule C:\Users\user\Desktop\big_egg\server\node_modules\egg-logrotator\app\schedule\clean_log.js
2019-08-20 14:32:48,841 INFO 12072 [egg-schedule]: register schedule C:\Users\user\Desktop\big_egg\server\node_modules\egg-logrotator\app\schedule\rotate_by_file.js
2019-08-20 14:35:35,264 INFO 26336 [egg-schedule]: register schedule C:\Users\user\Desktop\big_egg\server\node_modules\egg-multipart\app\schedule\clean_tmpdir.js
2019-08-20 14:35:35,264 INFO 26336 [egg-schedule]: register schedule C:\Users\user\Desktop\big_egg\server\node_modules\egg-logrotator\app\schedule\clean_log.js
2019-08-20 14:35:35,264 INFO 26336 [egg-schedule]: register schedule C:\Users\user\Desktop\big_egg\server\node_modules\egg-logrotator\app\schedule\rotate_by_file.js
2019-08-20 14:35:36,260 INFO 27100 [Timer] C:\Users\user\Desktop\big_egg\server\node_modules\egg-multipart\app\schedule\clean_tmpdir.js next time will execute after 50063745ms at 2019-08-21 04:30:00.004
2019-08-20 14:35:36,260 INFO 27100 [Timer] C:\Users\user\Desktop\big_egg\server\node_modules\egg-logrotator\app\schedule\clean_log.js next time will execute after 33863740ms at 2019-08-21 00:00:00.000
2019-08-20 14:35:36,260 INFO 27100 [Timer] C:\Users\user\Desktop\big_egg\server\node_modules\egg-logrotator\app\schedule\rotate_by_file.js next time will execute after 33864740ms at 2019-08-21 00:00:01.000
2019-08-20 14:38:58,639 INFO 11172 [egg-schedule]: register schedule C:\Users\user\Desktop\big_egg\server\node_modules\egg-multipart\app\schedule\clean_tmpdir.js
2019-08-20 14:38:58,639 INFO 11172 [egg-schedule]: register schedule C:\Users\user\Desktop\big_egg\server\node_modules\egg-logrotator\app\schedule\clean_log.js
2019-08-20 14:38:58,639 INFO 11172 [egg-schedule]: register schedule C:\Users\user\Desktop\big_egg\server\node_modules\egg-logrotator\app\schedule\rotate_by_file.js
2019-08-20 14:40:27,485 INFO 9284 [egg-schedule]: register schedule C:\Users\user\Desktop\big_egg\server\node_modules\egg-multipart\app\schedule\clean_tmpdir.js
2019-08-20 14:40:27,485 INFO 9284 [egg-schedule]: register schedule C:\Users\user\Desktop\big_egg\server\node_modules\egg-logrotator\app\schedule\clean_log.js
2019-08-20 14:40:27,485 INFO 9284 [egg-schedule]: register schedule C:\Users\user\Desktop\big_egg\server\node_modules\egg-logrotator\app\schedule\rotate_by_file.js
2019-08-20 14:41:36,424 INFO 27556 [egg-schedule]: register schedule C:\Users\user\Desktop\big_egg\server\node_modules\egg-multipart\app\schedule\clean_tmpdir.js
2019-08-20 14:41:36,424 INFO 27556 [egg-schedule]: register schedule C:\Users\user\Desktop\big_egg\server\node_modules\egg-logrotator\app\schedule\clean_log.js
2019-08-20 14:41:36,424 INFO 27556 [egg-schedule]: register schedule C:\Users\user\Desktop\big_egg\server\node_modules\egg-logrotator\app\schedule\rotate_by_file.js
2019-08-20 14:43:13,489 INFO 3588 [egg-schedule]: register schedule C:\Users\user\Desktop\big_egg\server\node_modules\egg-multipart\app\schedule\clean_tmpdir.js
2019-08-20 14:43:13,489 INFO 3588 [egg-schedule]: register schedule C:\Users\user\Desktop\big_egg\server\node_modules\egg-logrotator\app\schedule\clean_log.js
2019-08-20 14:43:13,489 INFO 3588 [egg-schedule]: register schedule C:\Users\user\Desktop\big_egg\server\node_modules\egg-logrotator\app\schedule\rotate_by_file.js
2019-08-20 14:43:47,672 INFO 10064 [egg-schedule]: register schedule C:\Users\user\Desktop\big_egg\server\node_modules\egg-multipart\app\schedule\clean_tmpdir.js
2019-08-20 14:43:47,672 INFO 10064 [egg-schedule]: register schedule C:\Users\user\Desktop\big_egg\server\node_modules\egg-logrotator\app\schedule\clean_log.js
2019-08-20 14:43:47,672 INFO 10064 [egg-schedule]: register schedule C:\Users\user\Desktop\big_egg\server\node_modules\egg-logrotator\app\schedule\rotate_by_file.js
2019-08-20 14:45:38,625 INFO 27224 [egg-schedule]: register schedule C:\Users\user\Desktop\big_egg\server\node_modules\egg-multipart\app\schedule\clean_tmpdir.js
2019-08-20 14:45:38,625 INFO 27224 [egg-schedule]: register schedule C:\Users\user\Desktop\big_egg\server\node_modules\egg-logrotator\app\schedule\clean_log.js
2019-08-20 14:45:38,625 INFO 27224 [egg-schedule]: register schedule C:\Users\user\Desktop\big_egg\server\node_modules\egg-logrotator\app\schedule\rotate_by_file.js
2019-08-20 14:46:34,995 INFO 11484 [egg-schedule]: register schedule C:\Users\user\Desktop\big_egg\server\node_modules\egg-multipart\app\schedule\clean_tmpdir.js
2019-08-20 14:46:34,995 INFO 11484 [egg-schedule]: register schedule C:\Users\user\Desktop\big_egg\server\node_modules\egg-logrotator\app\schedule\clean_log.js
2019-08-20 14:46:34,995 INFO 11484 [egg-schedule]: register schedule C:\Users\user\Desktop\big_egg\server\node_modules\egg-logrotator\app\schedule\rotate_by_file.js
2019-08-20 14:54:05,256 INFO 26584 [egg-schedule]: register schedule C:\Users\user\Desktop\big_egg\server\node_modules\egg-multipart\app\schedule\clean_tmpdir.js
2019-08-20 14:54:05,256 INFO 26584 [egg-schedule]: register schedule C:\Users\user\Desktop\big_egg\server\node_modules\egg-logrotator\app\schedule\clean_log.js
2019-08-20 14:54:05,256 INFO 26584 [egg-schedule]: register schedule C:\Users\user\Desktop\big_egg\server\node_modules\egg-logrotator\app\schedule\rotate_by_file.js
2019-08-20 14:57:42,956 INFO 25780 [egg-schedule]: register schedule C:\Users\user\Desktop\big_egg\server\node_modules\egg-multipart\app\schedule\clean_tmpdir.js
2019-08-20 14:57:42,956 INFO 25780 [egg-schedule]: register schedule C:\Users\user\Desktop\big_egg\server\node_modules\egg-logrotator\app\schedule\clean_log.js
2019-08-20 14:57:42,956 INFO 25780 [egg-schedule]: register schedule C:\Users\user\Desktop\big_egg\server\node_modules\egg-logrotator\app\schedule\rotate_by_file.js
2019-08-20 16:01:04,965 INFO 11448 [egg-schedule]: register schedule C:\Users\user\Desktop\big_egg\server\node_modules\egg-multipart\app\schedule\clean_tmpdir.js
2019-08-20 16:01:04,965 INFO 11448 [egg-schedule]: register schedule C:\Users\user\Desktop\big_egg\server\node_modules\egg-logrotator\app\schedule\clean_log.js
2019-08-20 16:01:04,965 INFO 11448 [egg-schedule]: register schedule C:\Users\user\Desktop\big_egg\server\node_modules\egg-logrotator\app\schedule\rotate_by_file.js
2019-08-20 16:05:50,206 INFO 25656 [egg-schedule]: register schedule C:\Users\user\Desktop\big_egg\server\node_modules\egg-multipart\app\schedule\clean_tmpdir.js
2019-08-20 16:05:50,206 INFO 25656 [egg-schedule]: register schedule C:\Users\user\Desktop\big_egg\server\node_modules\egg-logrotator\app\schedule\clean_log.js
2019-08-20 16:05:50,206 INFO 25656 [egg-schedule]: register schedule C:\Users\user\Desktop\big_egg\server\node_modules\egg-logrotator\app\schedule\rotate_by_file.js
2019-08-20 16:06:54,586 INFO 20544 [egg-schedule]: register schedule C:\Users\user\Desktop\big_egg\server\node_modules\egg-multipart\app\schedule\clean_tmpdir.js
2019-08-20 16:06:54,586 INFO 20544 [egg-schedule]: register schedule C:\Users\user\Desktop\big_egg\server\node_modules\egg-logrotator\app\schedule\clean_log.js
2019-08-20 16:06:54,586 INFO 20544 [egg-schedule]: register schedule C:\Users\user\Desktop\big_egg\server\node_modules\egg-logrotator\app\schedule\rotate_by_file.js
2019-08-20 16:07:20,313 INFO 16864 [egg-schedule]: register schedule C:\Users\user\Desktop\big_egg\server\node_modules\egg-multipart\app\schedule\clean_tmpdir.js
2019-08-20 16:07:20,313 INFO 16864 [egg-schedule]: register schedule C:\Users\user\Desktop\big_egg\server\node_modules\egg-logrotator\app\schedule\clean_log.js
2019-08-20 16:07:20,313 INFO 16864 [egg-schedule]: register schedule C:\Users\user\Desktop\big_egg\server\node_modules\egg-logrotator\app\schedule\rotate_by_file.js
2019-08-20 16:07:32,675 INFO 27160 [egg-schedule]: register schedule C:\Users\user\Desktop\big_egg\server\node_modules\egg-multipart\app\schedule\clean_tmpdir.js
2019-08-20 16:07:32,675 INFO 27160 [egg-schedule]: register schedule C:\Users\user\Desktop\big_egg\server\node_modules\egg-logrotator\app\schedule\clean_log.js
2019-08-20 16:07:32,675 INFO 27160 [egg-schedule]: register schedule C:\Users\user\Desktop\big_egg\server\node_modules\egg-logrotator\app\schedule\rotate_by_file.js
2019-08-20 16:08:15,003 INFO 19368 [egg-schedule]: register schedule C:\Users\user\Desktop\big_egg\server\node_modules\egg-multipart\app\schedule\clean_tmpdir.js
2019-08-20 16:08:15,003 INFO 19368 [egg-schedule]: register schedule C:\Users\user\Desktop\big_egg\server\node_modules\egg-logrotator\app\schedule\clean_log.js
2019-08-20 16:08:15,003 INFO 19368 [egg-schedule]: register schedule C:\Users\user\Desktop\big_egg\server\node_modules\egg-logrotator\app\schedule\rotate_by_file.js
2019-08-20 16:35:06,601 INFO 26064 [egg-schedule]: register schedule C:\Users\user\Desktop\big_egg\server\node_modules\egg-multipart\app\schedule\clean_tmpdir.js
2019-08-20 16:35:06,601 INFO 26064 [egg-schedule]: register schedule C:\Users\user\Desktop\big_egg\server\node_modules\egg-logrotator\app\schedule\clean_log.js
2019-08-20 16:35:06,601 INFO 26064 [egg-schedule]: register schedule C:\Users\user\Desktop\big_egg\server\node_modules\egg-logrotator\app\schedule\rotate_by_file.js
2019-08-20 16:35:07,598 INFO 26484 [Timer] C:\Users\user\Desktop\big_egg\server\node_modules\egg-multipart\app\schedule\clean_tmpdir.js next time will execute after 42892405ms at 2019-08-21 04:30:00.003
2019-08-20 16:35:07,598 INFO 26484 [Timer] C:\Users\user\Desktop\big_egg\server\node_modules\egg-logrotator\app\schedule\clean_log.js next time will execute after 26692402ms at 2019-08-21 00:00:00.000
2019-08-20 16:35:07,599 INFO 26484 [Timer] C:\Users\user\Desktop\big_egg\server\node_modules\egg-logrotator\app\schedule\rotate_by_file.js next time will execute after 26693402ms at 2019-08-21 00:00:01.001
2019-08-20 16:48:08,602 INFO 20604 [egg-schedule]: register schedule C:\Users\user\Desktop\big_egg\server\node_modules\egg-multipart\app\schedule\clean_tmpdir.js
2019-08-20 16:48:08,602 INFO 20604 [egg-schedule]: register schedule C:\Users\user\Desktop\big_egg\server\node_modules\egg-logrotator\app\schedule\clean_log.js
2019-08-20 16:48:08,602 INFO 20604 [egg-schedule]: register schedule C:\Users\user\Desktop\big_egg\server\node_modules\egg-logrotator\app\schedule\rotate_by_file.js
2019-08-20 16:48:15,653 INFO 14188 [egg-schedule]: register schedule C:\Users\user\Desktop\big_egg\server\node_modules\egg-multipart\app\schedule\clean_tmpdir.js
2019-08-20 16:48:15,653 INFO 14188 [egg-schedule]: register schedule C:\Users\user\Desktop\big_egg\server\node_modules\egg-logrotator\app\schedule\clean_log.js
2019-08-20 16:48:15,653 INFO 14188 [egg-schedule]: register schedule C:\Users\user\Desktop\big_egg\server\node_modules\egg-logrotator\app\schedule\rotate_by_file.js
2019-08-20 16:50:08,735 INFO 13408 [egg-schedule]: register schedule C:\Users\user\Desktop\big_egg\server\node_modules\egg-multipart\app\schedule\clean_tmpdir.js
2019-08-20 16:50:08,735 INFO 13408 [egg-schedule]: register schedule C:\Users\user\Desktop\big_egg\server\node_modules\egg-logrotator\app\schedule\clean_log.js
2019-08-20 16:50:08,735 INFO 13408 [egg-schedule]: register schedule C:\Users\user\Desktop\big_egg\server\node_modules\egg-logrotator\app\schedule\rotate_by_file.js
2019-08-20 19:32:05,593 INFO 19232 [egg-schedule]: register schedule C:\Users\user\Desktop\big_egg\server\node_modules\egg-multipart\app\schedule\clean_tmpdir.js
2019-08-20 19:32:05,593 INFO 19232 [egg-schedule]: register schedule C:\Users\user\Desktop\big_egg\server\node_modules\egg-logrotator\app\schedule\clean_log.js
2019-08-20 19:32:05,593 INFO 19232 [egg-schedule]: register schedule C:\Users\user\Desktop\big_egg\server\node_modules\egg-logrotator\app\schedule\rotate_by_file.js
2019-08-20 19:32:06,599 INFO 29612 [Timer] C:\Users\user\Desktop\big_egg\server\node_modules\egg-multipart\app\schedule\clean_tmpdir.js next time will execute after 32273404ms at 2019-08-21 04:30:00.003
2019-08-20 19:32:06,600 INFO 29612 [Timer] C:\Users\user\Desktop\big_egg\server\node_modules\egg-logrotator\app\schedule\clean_log.js next time will execute after 16073400ms at 2019-08-21 00:00:00.000
2019-08-20 19:32:06,600 INFO 29612 [Timer] C:\Users\user\Desktop\big_egg\server\node_modules\egg-logrotator\app\schedule\rotate_by_file.js next time will execute after 16074400ms at 2019-08-21 00:00:01.000
2019-08-20 19:39:50,582 INFO 29384 [egg-schedule]: register schedule C:\Users\user\Desktop\big_egg\server\node_modules\egg-multipart\app\schedule\clean_tmpdir.js
2019-08-20 19:39:50,582 INFO 29384 [egg-schedule]: register schedule C:\Users\user\Desktop\big_egg\server\node_modules\egg-logrotator\app\schedule\clean_log.js
2019-08-20 19:39:50,582 INFO 29384 [egg-schedule]: register schedule C:\Users\user\Desktop\big_egg\server\node_modules\egg-logrotator\app\schedule\rotate_by_file.js
2019-08-20 19:41:15,152 INFO 30620 [egg-schedule]: register schedule C:\Users\user\Desktop\big_egg\server\node_modules\egg-multipart\app\schedule\clean_tmpdir.js
2019-08-20 19:41:15,152 INFO 30620 [egg-schedule]: register schedule C:\Users\user\Desktop\big_egg\server\node_modules\egg-logrotator\app\schedule\clean_log.js
2019-08-20 19:41:15,152 INFO 30620 [egg-schedule]: register schedule C:\Users\user\Desktop\big_egg\server\node_modules\egg-logrotator\app\schedule\rotate_by_file.js
2019-08-20 19:43:20,119 INFO 16260 [egg-schedule]: register schedule C:\Users\user\Desktop\big_egg\server\node_modules\egg-multipart\app\schedule\clean_tmpdir.js
2019-08-20 19:43:20,119 INFO 16260 [egg-schedule]: register schedule C:\Users\user\Desktop\big_egg\server\node_modules\egg-logrotator\app\schedule\clean_log.js
2019-08-20 19:43:20,119 INFO 16260 [egg-schedule]: register schedule C:\Users\user\Desktop\big_egg\server\node_modules\egg-logrotator\app\schedule\rotate_by_file.js
2019-08-20 19:45:10,900 INFO 28412 [egg-schedule]: register schedule C:\Users\user\Desktop\big_egg\server\node_modules\egg-multipart\app\schedule\clean_tmpdir.js
2019-08-20 19:45:10,901 INFO 28412 [egg-schedule]: register schedule C:\Users\user\Desktop\big_egg\server\node_modules\egg-logrotator\app\schedule\clean_log.js
2019-08-20 19:45:10,901 INFO 28412 [egg-schedule]: register schedule C:\Users\user\Desktop\big_egg\server\node_modules\egg-logrotator\app\schedule\rotate_by_file.js
2019-08-20 19:46:02,922 INFO 3064 [egg-schedule]: register schedule C:\Users\user\Desktop\big_egg\server\node_modules\egg-multipart\app\schedule\clean_tmpdir.js
2019-08-20 19:46:02,922 INFO 3064 [egg-schedule]: register schedule C:\Users\user\Desktop\big_egg\server\node_modules\egg-logrotator\app\schedule\clean_log.js
2019-08-20 19:46:02,922 INFO 3064 [egg-schedule]: register schedule C:\Users\user\Desktop\big_egg\server\node_modules\egg-logrotator\app\schedule\rotate_by_file.js
2019-08-20 19:47:33,612 INFO 28112 [egg-schedule]: register schedule C:\Users\user\Desktop\big_egg\server\node_modules\egg-multipart\app\schedule\clean_tmpdir.js
2019-08-20 19:47:33,612 INFO 28112 [egg-schedule]: register schedule C:\Users\user\Desktop\big_egg\server\node_modules\egg-logrotator\app\schedule\clean_log.js
2019-08-20 19:47:33,612 INFO 28112 [egg-schedule]: register schedule C:\Users\user\Desktop\big_egg\server\node_modules\egg-logrotator\app\schedule\rotate_by_file.js
2019-08-20 19:53:15,207 INFO 28184 [egg-schedule]: register schedule C:\Users\user\Desktop\big_egg\server\node_modules\egg-multipart\app\schedule\clean_tmpdir.js
2019-08-20 19:53:15,207 INFO 28184 [egg-schedule]: register schedule C:\Users\user\Desktop\big_egg\server\node_modules\egg-logrotator\app\schedule\clean_log.js
2019-08-20 19:53:15,207 INFO 28184 [egg-schedule]: register schedule C:\Users\user\Desktop\big_egg\server\node_modules\egg-logrotator\app\schedule\rotate_by_file.js
2019-08-20 19:56:12,596 INFO 25392 [egg-schedule]: register schedule C:\Users\user\Desktop\big_egg\server\node_modules\egg-multipart\app\schedule\clean_tmpdir.js
2019-08-20 19:56:12,596 INFO 25392 [egg-schedule]: register schedule C:\Users\user\Desktop\big_egg\server\node_modules\egg-logrotator\app\schedule\clean_log.js
2019-08-20 19:56:12,596 INFO 25392 [egg-schedule]: register schedule C:\Users\user\Desktop\big_egg\server\node_modules\egg-logrotator\app\schedule\rotate_by_file.js
2019-08-20 19:58:08,127 INFO 25748 [egg-schedule]: register schedule C:\Users\user\Desktop\big_egg\server\node_modules\egg-multipart\app\schedule\clean_tmpdir.js
2019-08-20 19:58:08,127 INFO 25748 [egg-schedule]: register schedule C:\Users\user\Desktop\big_egg\server\node_modules\egg-logrotator\app\schedule\clean_log.js
2019-08-20 19:58:08,127 INFO 25748 [egg-schedule]: register schedule C:\Users\user\Desktop\big_egg\server\node_modules\egg-logrotator\app\schedule\rotate_by_file.js
2019-08-20 20:32:40,672 INFO 12144 [egg-schedule]: register schedule C:\Users\user\Desktop\big_egg\server\node_modules\egg-multipart\app\schedule\clean_tmpdir.js
2019-08-20 20:32:40,672 INFO 12144 [egg-schedule]: register schedule C:\Users\user\Desktop\big_egg\server\node_modules\egg-logrotator\app\schedule\clean_log.js
2019-08-20 20:32:40,672 INFO 12144 [egg-schedule]: register schedule C:\Users\user\Desktop\big_egg\server\node_modules\egg-logrotator\app\schedule\rotate_by_file.js
2019-08-20 20:33:13,348 INFO 432 [egg-schedule]: register schedule C:\Users\user\Desktop\big_egg\server\node_modules\egg-multipart\app\schedule\clean_tmpdir.js
2019-08-20 20:33:13,348 INFO 432 [egg-schedule]: register schedule C:\Users\user\Desktop\big_egg\server\node_modules\egg-logrotator\app\schedule\clean_log.js
2019-08-20 20:33:13,348 INFO 432 [egg-schedule]: register schedule C:\Users\user\Desktop\big_egg\server\node_modules\egg-logrotator\app\schedule\rotate_by_file.js
2019-08-20 20:33:27,677 INFO 29816 [egg-schedule]: register schedule C:\Users\user\Desktop\big_egg\server\node_modules\egg-multipart\app\schedule\clean_tmpdir.js
2019-08-20 20:33:27,678 INFO 29816 [egg-schedule]: register schedule C:\Users\user\Desktop\big_egg\server\node_modules\egg-logrotator\app\schedule\clean_log.js
2019-08-20 20:33:27,678 INFO 29816 [egg-schedule]: register schedule C:\Users\user\Desktop\big_egg\server\node_modules\egg-logrotator\app\schedule\rotate_by_file.js
2019-08-20 20:33:48,864 INFO 28996 [egg-schedule]: register schedule C:\Users\user\Desktop\big_egg\server\node_modules\egg-multipart\app\schedule\clean_tmpdir.js
2019-08-20 20:33:48,864 INFO 28996 [egg-schedule]: register schedule C:\Users\user\Desktop\big_egg\server\node_modules\egg-logrotator\app\schedule\clean_log.js
2019-08-20 20:33:48,864 INFO 28996 [egg-schedule]: register schedule C:\Users\user\Desktop\big_egg\server\node_modules\egg-logrotator\app\schedule\rotate_by_file.js
2019-08-20 20:34:03,958 INFO 29628 [egg-schedule]: register schedule C:\Users\user\Desktop\big_egg\server\node_modules\egg-multipart\app\schedule\clean_tmpdir.js
2019-08-20 20:34:03,959 INFO 29628 [egg-schedule]: register schedule C:\Users\user\Desktop\big_egg\server\node_modules\egg-logrotator\app\schedule\clean_log.js
2019-08-20 20:34:03,959 INFO 29628 [egg-schedule]: register schedule C:\Users\user\Desktop\big_egg\server\node_modules\egg-logrotator\app\schedule\rotate_by_file.js
2019-08-20 20:34:30,418 INFO 29808 [egg-schedule]: register schedule C:\Users\user\Desktop\big_egg\server\node_modules\egg-multipart\app\schedule\clean_tmpdir.js
2019-08-20 20:34:30,418 INFO 29808 [egg-schedule]: register schedule C:\Users\user\Desktop\big_egg\server\node_modules\egg-logrotator\app\schedule\clean_log.js
2019-08-20 20:34:30,418 INFO 29808 [egg-schedule]: register schedule C:\Users\user\Desktop\big_egg\server\node_modules\egg-logrotator\app\schedule\rotate_by_file.js
