2019-08-13 15:34:36,441 INFO 30564 [Timer] C:\Users\user\Desktop\image_upload\server\node_modules\_egg-multipart@2.9.0@egg-multipart\app\schedule\clean_tmpdir.js next time will execute after 46523565ms at 2019-08-14 04:30:00.006
2019-08-13 15:34:36,441 INFO 30564 [Timer] C:\Users\user\Desktop\image_upload\server\node_modules\_egg-logrotator@3.1.0@egg-logrotator\app\schedule\clean_log.js next time will execute after 30323559ms at 2019-08-14 00:00:00.000
2019-08-13 15:34:36,441 INFO 30564 [Timer] C:\Users\user\Desktop\image_upload\server\node_modules\_egg-logrotator@3.1.0@egg-logrotator\app\schedule\rotate_by_file.js next time will execute after 30324559ms at 2019-08-14 00:00:01.000
2019-08-13 15:34:36,163 INFO 20120 [egg-schedule]: register schedule C:\Users\user\Desktop\image_upload\server\node_modules\_egg-multipart@2.9.0@egg-multipart\app\schedule\clean_tmpdir.js
2019-08-13 15:34:36,163 INFO 20120 [egg-schedule]: register schedule C:\Users\user\Desktop\image_upload\server\node_modules\_egg-logrotator@3.1.0@egg-logrotator\app\schedule\clean_log.js
2019-08-13 15:34:36,163 INFO 20120 [egg-schedule]: register schedule C:\Users\user\Desktop\image_upload\server\node_modules\_egg-logrotator@3.1.0@egg-logrotator\app\schedule\rotate_by_file.js
2019-08-13 16:10:01,034 INFO 5876 [egg-schedule]: register schedule C:\Users\user\Desktop\image_upload\server\node_modules\_egg-multipart@2.9.0@egg-multipart\app\schedule\clean_tmpdir.js
2019-08-13 16:10:01,034 INFO 5876 [egg-schedule]: register schedule C:\Users\user\Desktop\image_upload\server\node_modules\_egg-logrotator@3.1.0@egg-logrotator\app\schedule\clean_log.js
2019-08-13 16:10:01,034 INFO 5876 [egg-schedule]: register schedule C:\Users\user\Desktop\image_upload\server\node_modules\_egg-logrotator@3.1.0@egg-logrotator\app\schedule\rotate_by_file.js
2019-08-13 16:17:59,845 INFO 8644 [egg-schedule]: register schedule C:\Users\user\Desktop\image_upload\server\node_modules\_egg-multipart@2.9.0@egg-multipart\app\schedule\clean_tmpdir.js
2019-08-13 16:17:59,845 INFO 8644 [egg-schedule]: register schedule C:\Users\user\Desktop\image_upload\server\node_modules\_egg-logrotator@3.1.0@egg-logrotator\app\schedule\clean_log.js
2019-08-13 16:17:59,845 INFO 8644 [egg-schedule]: register schedule C:\Users\user\Desktop\image_upload\server\node_modules\_egg-logrotator@3.1.0@egg-logrotator\app\schedule\rotate_by_file.js
2019-08-13 16:18:31,879 INFO 17464 [egg-schedule]: register schedule C:\Users\user\Desktop\image_upload\server\node_modules\_egg-multipart@2.9.0@egg-multipart\app\schedule\clean_tmpdir.js
2019-08-13 16:18:31,879 INFO 17464 [egg-schedule]: register schedule C:\Users\user\Desktop\image_upload\server\node_modules\_egg-logrotator@3.1.0@egg-logrotator\app\schedule\clean_log.js
2019-08-13 16:18:31,879 INFO 17464 [egg-schedule]: register schedule C:\Users\user\Desktop\image_upload\server\node_modules\_egg-logrotator@3.1.0@egg-logrotator\app\schedule\rotate_by_file.js
2019-08-13 16:21:47,773 INFO 20708 [egg-schedule]: register schedule C:\Users\user\Desktop\image_upload\server\node_modules\_egg-multipart@2.9.0@egg-multipart\app\schedule\clean_tmpdir.js
2019-08-13 16:21:47,773 INFO 20708 [egg-schedule]: register schedule C:\Users\user\Desktop\image_upload\server\node_modules\_egg-logrotator@3.1.0@egg-logrotator\app\schedule\clean_log.js
2019-08-13 16:21:47,773 INFO 20708 [egg-schedule]: register schedule C:\Users\user\Desktop\image_upload\server\node_modules\_egg-logrotator@3.1.0@egg-logrotator\app\schedule\rotate_by_file.js
2019-08-13 16:23:55,255 INFO 10736 [egg-schedule]: register schedule C:\Users\user\Desktop\image_upload\server\node_modules\_egg-multipart@2.9.0@egg-multipart\app\schedule\clean_tmpdir.js
2019-08-13 16:23:55,255 INFO 10736 [egg-schedule]: register schedule C:\Users\user\Desktop\image_upload\server\node_modules\_egg-logrotator@3.1.0@egg-logrotator\app\schedule\clean_log.js
2019-08-13 16:23:55,255 INFO 10736 [egg-schedule]: register schedule C:\Users\user\Desktop\image_upload\server\node_modules\_egg-logrotator@3.1.0@egg-logrotator\app\schedule\rotate_by_file.js
2019-08-13 16:25:26,615 INFO 11516 [egg-schedule]: register schedule C:\Users\user\Desktop\image_upload\server\node_modules\_egg-multipart@2.9.0@egg-multipart\app\schedule\clean_tmpdir.js
2019-08-13 16:25:26,615 INFO 11516 [egg-schedule]: register schedule C:\Users\user\Desktop\image_upload\server\node_modules\_egg-logrotator@3.1.0@egg-logrotator\app\schedule\clean_log.js
2019-08-13 16:25:26,615 INFO 11516 [egg-schedule]: register schedule C:\Users\user\Desktop\image_upload\server\node_modules\_egg-logrotator@3.1.0@egg-logrotator\app\schedule\rotate_by_file.js
2019-08-13 16:28:43,555 INFO 18348 [Timer] C:\Users\user\Desktop\image_upload\server\node_modules\_egg-multipart@2.9.0@egg-multipart\app\schedule\clean_tmpdir.js next time will execute after 43276449ms at 2019-08-14 04:30:00.004
2019-08-13 16:28:43,556 INFO 18348 [Timer] C:\Users\user\Desktop\image_upload\server\node_modules\_egg-logrotator@3.1.0@egg-logrotator\app\schedule\clean_log.js next time will execute after 27076445ms at 2019-08-14 00:00:00.000
2019-08-13 16:28:43,556 INFO 18348 [Timer] C:\Users\user\Desktop\image_upload\server\node_modules\_egg-logrotator@3.1.0@egg-logrotator\app\schedule\rotate_by_file.js next time will execute after 27077444ms at 2019-08-14 00:00:01.000
2019-08-13 16:28:43,331 INFO 29752 [egg-schedule]: register schedule C:\Users\user\Desktop\image_upload\server\node_modules\_egg-multipart@2.9.0@egg-multipart\app\schedule\clean_tmpdir.js
2019-08-13 16:28:43,331 INFO 29752 [egg-schedule]: register schedule C:\Users\user\Desktop\image_upload\server\node_modules\_egg-logrotator@3.1.0@egg-logrotator\app\schedule\clean_log.js
2019-08-13 16:28:43,331 INFO 29752 [egg-schedule]: register schedule C:\Users\user\Desktop\image_upload\server\node_modules\_egg-logrotator@3.1.0@egg-logrotator\app\schedule\rotate_by_file.js
2019-08-13 16:34:19,403 INFO 976 [egg-schedule]: register schedule C:\Users\user\Desktop\image_upload\server\node_modules\_egg-multipart@2.9.0@egg-multipart\app\schedule\clean_tmpdir.js
2019-08-13 16:34:19,403 INFO 976 [egg-schedule]: register schedule C:\Users\user\Desktop\image_upload\server\node_modules\_egg-logrotator@3.1.0@egg-logrotator\app\schedule\clean_log.js
2019-08-13 16:34:19,403 INFO 976 [egg-schedule]: register schedule C:\Users\user\Desktop\image_upload\server\node_modules\_egg-logrotator@3.1.0@egg-logrotator\app\schedule\rotate_by_file.js
2019-08-13 16:34:41,183 INFO 15488 [egg-schedule]: register schedule C:\Users\user\Desktop\image_upload\server\node_modules\_egg-multipart@2.9.0@egg-multipart\app\schedule\clean_tmpdir.js
2019-08-13 16:34:41,183 INFO 15488 [egg-schedule]: register schedule C:\Users\user\Desktop\image_upload\server\node_modules\_egg-logrotator@3.1.0@egg-logrotator\app\schedule\clean_log.js
2019-08-13 16:34:41,183 INFO 15488 [egg-schedule]: register schedule C:\Users\user\Desktop\image_upload\server\node_modules\_egg-logrotator@3.1.0@egg-logrotator\app\schedule\rotate_by_file.js
2019-08-13 16:38:07,004 INFO 26108 [egg-schedule]: register schedule C:\Users\user\Desktop\image_upload\server\node_modules\_egg-multipart@2.9.0@egg-multipart\app\schedule\clean_tmpdir.js
2019-08-13 16:38:07,004 INFO 26108 [egg-schedule]: register schedule C:\Users\user\Desktop\image_upload\server\node_modules\_egg-logrotator@3.1.0@egg-logrotator\app\schedule\clean_log.js
2019-08-13 16:38:07,004 INFO 26108 [egg-schedule]: register schedule C:\Users\user\Desktop\image_upload\server\node_modules\_egg-logrotator@3.1.0@egg-logrotator\app\schedule\rotate_by_file.js
2019-08-13 16:39:49,258 INFO 25916 [egg-schedule]: register schedule C:\Users\user\Desktop\image_upload\server\node_modules\_egg-multipart@2.9.0@egg-multipart\app\schedule\clean_tmpdir.js
2019-08-13 16:39:49,258 INFO 25916 [egg-schedule]: register schedule C:\Users\user\Desktop\image_upload\server\node_modules\_egg-logrotator@3.1.0@egg-logrotator\app\schedule\clean_log.js
2019-08-13 16:39:49,258 INFO 25916 [egg-schedule]: register schedule C:\Users\user\Desktop\image_upload\server\node_modules\_egg-logrotator@3.1.0@egg-logrotator\app\schedule\rotate_by_file.js
2019-08-13 16:41:20,620 INFO 25092 [egg-schedule]: register schedule C:\Users\user\Desktop\image_upload\server\node_modules\_egg-multipart@2.9.0@egg-multipart\app\schedule\clean_tmpdir.js
2019-08-13 16:41:20,620 INFO 25092 [egg-schedule]: register schedule C:\Users\user\Desktop\image_upload\server\node_modules\_egg-logrotator@3.1.0@egg-logrotator\app\schedule\clean_log.js
2019-08-13 16:41:20,620 INFO 25092 [egg-schedule]: register schedule C:\Users\user\Desktop\image_upload\server\node_modules\_egg-logrotator@3.1.0@egg-logrotator\app\schedule\rotate_by_file.js
2019-08-13 16:41:37,601 INFO 29568 [egg-schedule]: register schedule C:\Users\user\Desktop\image_upload\server\node_modules\_egg-multipart@2.9.0@egg-multipart\app\schedule\clean_tmpdir.js
2019-08-13 16:41:37,601 INFO 29568 [egg-schedule]: register schedule C:\Users\user\Desktop\image_upload\server\node_modules\_egg-logrotator@3.1.0@egg-logrotator\app\schedule\clean_log.js
2019-08-13 16:41:37,601 INFO 29568 [egg-schedule]: register schedule C:\Users\user\Desktop\image_upload\server\node_modules\_egg-logrotator@3.1.0@egg-logrotator\app\schedule\rotate_by_file.js
2019-08-13 16:42:09,031 INFO 22952 [egg-schedule]: register schedule C:\Users\user\Desktop\image_upload\server\node_modules\_egg-multipart@2.9.0@egg-multipart\app\schedule\clean_tmpdir.js
2019-08-13 16:42:09,031 INFO 22952 [egg-schedule]: register schedule C:\Users\user\Desktop\image_upload\server\node_modules\_egg-logrotator@3.1.0@egg-logrotator\app\schedule\clean_log.js
2019-08-13 16:42:09,031 INFO 22952 [egg-schedule]: register schedule C:\Users\user\Desktop\image_upload\server\node_modules\_egg-logrotator@3.1.0@egg-logrotator\app\schedule\rotate_by_file.js
2019-08-13 16:42:24,063 INFO 24132 [egg-schedule]: register schedule C:\Users\user\Desktop\image_upload\server\node_modules\_egg-multipart@2.9.0@egg-multipart\app\schedule\clean_tmpdir.js
2019-08-13 16:42:24,063 INFO 24132 [egg-schedule]: register schedule C:\Users\user\Desktop\image_upload\server\node_modules\_egg-logrotator@3.1.0@egg-logrotator\app\schedule\clean_log.js
2019-08-13 16:42:24,063 INFO 24132 [egg-schedule]: register schedule C:\Users\user\Desktop\image_upload\server\node_modules\_egg-logrotator@3.1.0@egg-logrotator\app\schedule\rotate_by_file.js
2019-08-13 16:42:40,548 INFO 26764 [egg-schedule]: register schedule C:\Users\user\Desktop\image_upload\server\node_modules\_egg-multipart@2.9.0@egg-multipart\app\schedule\clean_tmpdir.js
2019-08-13 16:42:40,548 INFO 26764 [egg-schedule]: register schedule C:\Users\user\Desktop\image_upload\server\node_modules\_egg-logrotator@3.1.0@egg-logrotator\app\schedule\clean_log.js
2019-08-13 16:42:40,548 INFO 26764 [egg-schedule]: register schedule C:\Users\user\Desktop\image_upload\server\node_modules\_egg-logrotator@3.1.0@egg-logrotator\app\schedule\rotate_by_file.js
2019-08-13 16:42:58,134 INFO 24920 [egg-schedule]: register schedule C:\Users\user\Desktop\image_upload\server\node_modules\_egg-multipart@2.9.0@egg-multipart\app\schedule\clean_tmpdir.js
2019-08-13 16:42:58,134 INFO 24920 [egg-schedule]: register schedule C:\Users\user\Desktop\image_upload\server\node_modules\_egg-logrotator@3.1.0@egg-logrotator\app\schedule\clean_log.js
2019-08-13 16:42:58,134 INFO 24920 [egg-schedule]: register schedule C:\Users\user\Desktop\image_upload\server\node_modules\_egg-logrotator@3.1.0@egg-logrotator\app\schedule\rotate_by_file.js
2019-08-13 16:46:25,508 INFO 28812 [egg-schedule]: register schedule C:\Users\user\Desktop\image_upload\server\node_modules\_egg-multipart@2.9.0@egg-multipart\app\schedule\clean_tmpdir.js
2019-08-13 16:46:25,508 INFO 28812 [egg-schedule]: register schedule C:\Users\user\Desktop\image_upload\server\node_modules\_egg-logrotator@3.1.0@egg-logrotator\app\schedule\clean_log.js
2019-08-13 16:46:25,508 INFO 28812 [egg-schedule]: register schedule C:\Users\user\Desktop\image_upload\server\node_modules\_egg-logrotator@3.1.0@egg-logrotator\app\schedule\rotate_by_file.js
2019-08-13 16:46:54,982 INFO 13208 [Timer] C:\Users\user\Desktop\image_upload\server\node_modules\_egg-multipart@2.9.0@egg-multipart\app\schedule\clean_tmpdir.js next time will execute after 42185023ms at 2019-08-14 04:30:00.005
2019-08-13 16:46:54,982 INFO 13208 [Timer] C:\Users\user\Desktop\image_upload\server\node_modules\_egg-logrotator@3.1.0@egg-logrotator\app\schedule\clean_log.js next time will execute after 25985018ms at 2019-08-14 00:00:00.000
2019-08-13 16:46:54,982 INFO 13208 [Timer] C:\Users\user\Desktop\image_upload\server\node_modules\_egg-logrotator@3.1.0@egg-logrotator\app\schedule\rotate_by_file.js next time will execute after 25986018ms at 2019-08-14 00:00:01.000
2019-08-13 16:46:54,757 INFO 6708 [egg-schedule]: register schedule C:\Users\user\Desktop\image_upload\server\node_modules\_egg-multipart@2.9.0@egg-multipart\app\schedule\clean_tmpdir.js
2019-08-13 16:46:54,757 INFO 6708 [egg-schedule]: register schedule C:\Users\user\Desktop\image_upload\server\node_modules\_egg-logrotator@3.1.0@egg-logrotator\app\schedule\clean_log.js
2019-08-13 16:46:54,757 INFO 6708 [egg-schedule]: register schedule C:\Users\user\Desktop\image_upload\server\node_modules\_egg-logrotator@3.1.0@egg-logrotator\app\schedule\rotate_by_file.js
2019-08-13 16:49:07,903 INFO 14832 [egg-schedule]: register schedule C:\Users\user\Desktop\image_upload\server\node_modules\_egg-multipart@2.9.0@egg-multipart\app\schedule\clean_tmpdir.js
2019-08-13 16:49:07,903 INFO 14832 [egg-schedule]: register schedule C:\Users\user\Desktop\image_upload\server\node_modules\_egg-logrotator@3.1.0@egg-logrotator\app\schedule\clean_log.js
2019-08-13 16:49:07,903 INFO 14832 [egg-schedule]: register schedule C:\Users\user\Desktop\image_upload\server\node_modules\_egg-logrotator@3.1.0@egg-logrotator\app\schedule\rotate_by_file.js
2019-08-13 16:49:45,757 INFO 30640 [egg-schedule]: register schedule C:\Users\user\Desktop\image_upload\server\node_modules\_egg-multipart@2.9.0@egg-multipart\app\schedule\clean_tmpdir.js
2019-08-13 16:49:45,757 INFO 30640 [egg-schedule]: register schedule C:\Users\user\Desktop\image_upload\server\node_modules\_egg-logrotator@3.1.0@egg-logrotator\app\schedule\clean_log.js
2019-08-13 16:49:45,757 INFO 30640 [egg-schedule]: register schedule C:\Users\user\Desktop\image_upload\server\node_modules\_egg-logrotator@3.1.0@egg-logrotator\app\schedule\rotate_by_file.js
2019-08-13 16:49:49,781 INFO 26176 [egg-schedule]: register schedule C:\Users\user\Desktop\image_upload\server\node_modules\_egg-multipart@2.9.0@egg-multipart\app\schedule\clean_tmpdir.js
2019-08-13 16:49:49,781 INFO 26176 [egg-schedule]: register schedule C:\Users\user\Desktop\image_upload\server\node_modules\_egg-logrotator@3.1.0@egg-logrotator\app\schedule\clean_log.js
2019-08-13 16:49:49,781 INFO 26176 [egg-schedule]: register schedule C:\Users\user\Desktop\image_upload\server\node_modules\_egg-logrotator@3.1.0@egg-logrotator\app\schedule\rotate_by_file.js
2019-08-13 16:50:41,489 INFO 16148 [egg-schedule]: register schedule C:\Users\user\Desktop\image_upload\server\node_modules\_egg-multipart@2.9.0@egg-multipart\app\schedule\clean_tmpdir.js
2019-08-13 16:50:41,489 INFO 16148 [egg-schedule]: register schedule C:\Users\user\Desktop\image_upload\server\node_modules\_egg-logrotator@3.1.0@egg-logrotator\app\schedule\clean_log.js
2019-08-13 16:50:41,489 INFO 16148 [egg-schedule]: register schedule C:\Users\user\Desktop\image_upload\server\node_modules\_egg-logrotator@3.1.0@egg-logrotator\app\schedule\rotate_by_file.js
2019-08-13 16:51:58,744 INFO 428 [egg-schedule]: register schedule C:\Users\user\Desktop\image_upload\server\node_modules\_egg-multipart@2.9.0@egg-multipart\app\schedule\clean_tmpdir.js
2019-08-13 16:51:58,744 INFO 428 [egg-schedule]: register schedule C:\Users\user\Desktop\image_upload\server\node_modules\_egg-logrotator@3.1.0@egg-logrotator\app\schedule\clean_log.js
2019-08-13 16:51:58,744 INFO 428 [egg-schedule]: register schedule C:\Users\user\Desktop\image_upload\server\node_modules\_egg-logrotator@3.1.0@egg-logrotator\app\schedule\rotate_by_file.js
2019-08-13 16:52:43,035 INFO 28688 [egg-schedule]: register schedule C:\Users\user\Desktop\image_upload\server\node_modules\_egg-multipart@2.9.0@egg-multipart\app\schedule\clean_tmpdir.js
2019-08-13 16:52:43,035 INFO 28688 [egg-schedule]: register schedule C:\Users\user\Desktop\image_upload\server\node_modules\_egg-logrotator@3.1.0@egg-logrotator\app\schedule\clean_log.js
2019-08-13 16:52:43,035 INFO 28688 [egg-schedule]: register schedule C:\Users\user\Desktop\image_upload\server\node_modules\_egg-logrotator@3.1.0@egg-logrotator\app\schedule\rotate_by_file.js
2019-08-13 16:53:01,113 INFO 21024 [egg-schedule]: register schedule C:\Users\user\Desktop\image_upload\server\node_modules\_egg-multipart@2.9.0@egg-multipart\app\schedule\clean_tmpdir.js
2019-08-13 16:53:01,113 INFO 21024 [egg-schedule]: register schedule C:\Users\user\Desktop\image_upload\server\node_modules\_egg-logrotator@3.1.0@egg-logrotator\app\schedule\clean_log.js
2019-08-13 16:53:01,113 INFO 21024 [egg-schedule]: register schedule C:\Users\user\Desktop\image_upload\server\node_modules\_egg-logrotator@3.1.0@egg-logrotator\app\schedule\rotate_by_file.js
2019-08-13 16:53:27,225 INFO 18368 [egg-schedule]: register schedule C:\Users\user\Desktop\image_upload\server\node_modules\_egg-multipart@2.9.0@egg-multipart\app\schedule\clean_tmpdir.js
2019-08-13 16:53:27,225 INFO 18368 [egg-schedule]: register schedule C:\Users\user\Desktop\image_upload\server\node_modules\_egg-logrotator@3.1.0@egg-logrotator\app\schedule\clean_log.js
2019-08-13 16:53:27,225 INFO 18368 [egg-schedule]: register schedule C:\Users\user\Desktop\image_upload\server\node_modules\_egg-logrotator@3.1.0@egg-logrotator\app\schedule\rotate_by_file.js
2019-08-13 16:54:07,894 INFO 21988 [egg-schedule]: register schedule C:\Users\user\Desktop\image_upload\server\node_modules\_egg-multipart@2.9.0@egg-multipart\app\schedule\clean_tmpdir.js
2019-08-13 16:54:07,894 INFO 21988 [egg-schedule]: register schedule C:\Users\user\Desktop\image_upload\server\node_modules\_egg-logrotator@3.1.0@egg-logrotator\app\schedule\clean_log.js
2019-08-13 16:54:07,894 INFO 21988 [egg-schedule]: register schedule C:\Users\user\Desktop\image_upload\server\node_modules\_egg-logrotator@3.1.0@egg-logrotator\app\schedule\rotate_by_file.js
2019-08-13 16:55:26,341 INFO 21612 [egg-schedule]: register schedule C:\Users\user\Desktop\image_upload\server\node_modules\_egg-multipart@2.9.0@egg-multipart\app\schedule\clean_tmpdir.js
2019-08-13 16:55:26,341 INFO 21612 [egg-schedule]: register schedule C:\Users\user\Desktop\image_upload\server\node_modules\_egg-logrotator@3.1.0@egg-logrotator\app\schedule\clean_log.js
2019-08-13 16:55:26,341 INFO 21612 [egg-schedule]: register schedule C:\Users\user\Desktop\image_upload\server\node_modules\_egg-logrotator@3.1.0@egg-logrotator\app\schedule\rotate_by_file.js
2019-08-13 16:56:38,185 INFO 29100 [egg-schedule]: register schedule C:\Users\user\Desktop\image_upload\server\node_modules\_egg-multipart@2.9.0@egg-multipart\app\schedule\clean_tmpdir.js
2019-08-13 16:56:38,185 INFO 29100 [egg-schedule]: register schedule C:\Users\user\Desktop\image_upload\server\node_modules\_egg-logrotator@3.1.0@egg-logrotator\app\schedule\clean_log.js
2019-08-13 16:56:38,185 INFO 29100 [egg-schedule]: register schedule C:\Users\user\Desktop\image_upload\server\node_modules\_egg-logrotator@3.1.0@egg-logrotator\app\schedule\rotate_by_file.js
2019-08-13 16:59:32,351 INFO 20100 [egg-schedule]: register schedule C:\Users\user\Desktop\image_upload\server\node_modules\_egg-multipart@2.9.0@egg-multipart\app\schedule\clean_tmpdir.js
2019-08-13 16:59:32,351 INFO 20100 [egg-schedule]: register schedule C:\Users\user\Desktop\image_upload\server\node_modules\_egg-logrotator@3.1.0@egg-logrotator\app\schedule\clean_log.js
2019-08-13 16:59:32,351 INFO 20100 [egg-schedule]: register schedule C:\Users\user\Desktop\image_upload\server\node_modules\_egg-logrotator@3.1.0@egg-logrotator\app\schedule\rotate_by_file.js
2019-08-13 19:18:37,193 INFO 23872 [egg-schedule]: register schedule C:\Users\user\Desktop\image_upload\server\node_modules\_egg-multipart@2.9.0@egg-multipart\app\schedule\clean_tmpdir.js
2019-08-13 19:18:37,193 INFO 23872 [egg-schedule]: register schedule C:\Users\user\Desktop\image_upload\server\node_modules\_egg-logrotator@3.1.0@egg-logrotator\app\schedule\clean_log.js
2019-08-13 19:18:37,193 INFO 23872 [egg-schedule]: register schedule C:\Users\user\Desktop\image_upload\server\node_modules\_egg-logrotator@3.1.0@egg-logrotator\app\schedule\rotate_by_file.js
2019-08-13 19:18:37,446 INFO 28688 [Timer] C:\Users\user\Desktop\image_upload\server\node_modules\_egg-multipart@2.9.0@egg-multipart\app\schedule\clean_tmpdir.js next time will execute after 33082557ms at 2019-08-14 04:30:00.003
2019-08-13 19:18:37,446 INFO 28688 [Timer] C:\Users\user\Desktop\image_upload\server\node_modules\_egg-logrotator@3.1.0@egg-logrotator\app\schedule\clean_log.js next time will execute after 16882554ms at 2019-08-14 00:00:00.000
2019-08-13 19:18:37,447 INFO 28688 [Timer] C:\Users\user\Desktop\image_upload\server\node_modules\_egg-logrotator@3.1.0@egg-logrotator\app\schedule\rotate_by_file.js next time will execute after 16883554ms at 2019-08-14 00:00:01.001
