2019-08-13 15:34:36,109 INFO 20120 [egg:logger] init all loggers with options: {"dir":"C:\\Users\\user\\Desktop\\image_upload\\server\\logs\\server","encoding":"utf8","env":"local","level":"INFO","consoleLevel":"INFO","disableConsoleAfterReady":false,"outputJSON":false,"buffer":true,"appLogName":"server-web.log","coreLogName":"egg-web.log","agentLogName":"egg-agent.log","errorLogName":"common-error.log","coreLogger":{"consoleLevel":"WARN"},"allowDebugAtProd":false,"type":"application"}
2019-08-13 15:34:36,164 INFO 20120 [egg-multipart] stream mode enable
2019-08-13 15:34:36,370 INFO 20120 [egg-static] starting static serve /public/ -> C:\Users\user\Desktop\image_upload\server\app\public
2019-08-13 15:34:36,376 INFO 20120 [egg-security] use methodnoallow middleware
2019-08-13 15:34:36,378 INFO 20120 [egg-security] use noopen middleware
2019-08-13 15:34:36,382 INFO 20120 [egg-security] use nosniff middleware
2019-08-13 15:34:36,382 INFO 20120 [egg-security] use xssProtection middleware
2019-08-13 15:34:36,383 INFO 20120 [egg-security] use xframe middleware
2019-08-13 15:34:36,384 INFO 20120 [egg-security] use dta middleware
2019-08-13 15:34:36,384 INFO 20120 [egg-security] compose 6 middlewares into one security middleware
2019-08-13 15:34:36,400 INFO 20120 [egg:core] dump config after load, 9ms
2019-08-13 15:34:36,416 INFO 20120 [egg-watcher:application] watcher start success
2019-08-13 15:34:36,429 INFO 20120 [egg:core] dump config after ready, 10ms
2019-08-13 16:10:00,991 INFO 5876 [egg:logger] init all loggers with options: {"dir":"C:\\Users\\user\\Desktop\\image_upload\\server\\logs\\server","encoding":"utf8","env":"local","level":"INFO","consoleLevel":"INFO","disableConsoleAfterReady":false,"outputJSON":false,"buffer":true,"appLogName":"server-web.log","coreLogName":"egg-web.log","agentLogName":"egg-agent.log","errorLogName":"common-error.log","coreLogger":{"consoleLevel":"WARN"},"allowDebugAtProd":false,"type":"application"}
2019-08-13 16:10:01,035 INFO 5876 [egg-multipart] stream mode enable
2019-08-13 16:10:01,211 INFO 5876 [egg-static] starting static serve /public/ -> C:\Users\user\Desktop\image_upload\server\app\public
2019-08-13 16:10:01,216 INFO 5876 [egg-security] use methodnoallow middleware
2019-08-13 16:10:01,217 INFO 5876 [egg-security] use noopen middleware
2019-08-13 16:10:01,224 INFO 5876 [egg-security] use nosniff middleware
2019-08-13 16:10:01,225 INFO 5876 [egg-security] use xssProtection middleware
2019-08-13 16:10:01,226 INFO 5876 [egg-security] use xframe middleware
2019-08-13 16:10:01,227 INFO 5876 [egg-security] use dta middleware
2019-08-13 16:10:01,227 INFO 5876 [egg-security] compose 6 middlewares into one security middleware
2019-08-13 16:10:01,240 INFO 5876 [egg:core] dump config after load, 8ms
2019-08-13 16:10:01,253 INFO 5876 [egg-watcher:application] watcher start success
2019-08-13 16:10:01,262 INFO 5876 [egg:core] dump config after ready, 8ms
2019-08-13 16:17:59,800 INFO 8644 [egg:logger] init all loggers with options: {"dir":"C:\\Users\\user\\Desktop\\image_upload\\server\\logs\\server","encoding":"utf8","env":"local","level":"INFO","consoleLevel":"INFO","disableConsoleAfterReady":false,"outputJSON":false,"buffer":true,"appLogName":"server-web.log","coreLogName":"egg-web.log","agentLogName":"egg-agent.log","errorLogName":"common-error.log","coreLogger":{"consoleLevel":"WARN"},"allowDebugAtProd":false,"type":"application"}
2019-08-13 16:17:59,845 INFO 8644 [egg-multipart] stream mode enable
2019-08-13 16:18:00,043 INFO 8644 [egg-static] starting static serve /public/ -> C:\Users\user\Desktop\image_upload\server\app\public
2019-08-13 16:18:00,051 INFO 8644 [egg-security] use methodnoallow middleware
2019-08-13 16:18:00,053 INFO 8644 [egg-security] use noopen middleware
2019-08-13 16:18:00,057 INFO 8644 [egg-security] use nosniff middleware
2019-08-13 16:18:00,058 INFO 8644 [egg-security] use xssProtection middleware
2019-08-13 16:18:00,060 INFO 8644 [egg-security] use xframe middleware
2019-08-13 16:18:00,061 INFO 8644 [egg-security] use dta middleware
2019-08-13 16:18:00,061 INFO 8644 [egg-security] compose 6 middlewares into one security middleware
2019-08-13 16:18:00,082 INFO 8644 [egg:core] dump config after load, 11ms
2019-08-13 16:18:00,103 INFO 8644 [egg-watcher:application] watcher start success
2019-08-13 16:18:00,115 INFO 8644 [egg:core] dump config after ready, 10ms
2019-08-13 16:18:31,837 INFO 17464 [egg:logger] init all loggers with options: {"dir":"C:\\Users\\user\\Desktop\\image_upload\\server\\logs\\server","encoding":"utf8","env":"local","level":"INFO","consoleLevel":"INFO","disableConsoleAfterReady":false,"outputJSON":false,"buffer":true,"appLogName":"server-web.log","coreLogName":"egg-web.log","agentLogName":"egg-agent.log","errorLogName":"common-error.log","coreLogger":{"consoleLevel":"WARN"},"allowDebugAtProd":false,"type":"application"}
2019-08-13 16:18:31,880 INFO 17464 [egg-multipart] file mode enable
2019-08-13 16:18:31,880 INFO 17464 [egg-multipart] will save temporary files to "C:\\Users\\user\\AppData\\Local\\Temp\\egg-multipart-tmp\\server", cleanup job cron: "0 30 4 * * *"
2019-08-13 16:18:32,034 INFO 17464 [egg-static] starting static serve /public/ -> C:\Users\user\Desktop\image_upload\server\app\public
2019-08-13 16:18:32,039 INFO 17464 [egg-security] use methodnoallow middleware
2019-08-13 16:18:32,042 INFO 17464 [egg-security] use noopen middleware
2019-08-13 16:18:32,045 INFO 17464 [egg-security] use nosniff middleware
2019-08-13 16:18:32,046 INFO 17464 [egg-security] use xssProtection middleware
2019-08-13 16:18:32,047 INFO 17464 [egg-security] use xframe middleware
2019-08-13 16:18:32,048 INFO 17464 [egg-security] use dta middleware
2019-08-13 16:18:32,048 INFO 17464 [egg-security] compose 6 middlewares into one security middleware
2019-08-13 16:18:32,064 INFO 17464 [egg:core] dump config after load, 9ms
2019-08-13 16:18:32,078 INFO 17464 [egg-watcher:application] watcher start success
2019-08-13 16:18:32,089 INFO 17464 [egg:core] dump config after ready, 8ms
2019-08-13 16:21:47,731 INFO 20708 [egg:logger] init all loggers with options: {"dir":"C:\\Users\\user\\Desktop\\image_upload\\server\\logs\\server","encoding":"utf8","env":"local","level":"INFO","consoleLevel":"INFO","disableConsoleAfterReady":false,"outputJSON":false,"buffer":true,"appLogName":"server-web.log","coreLogName":"egg-web.log","agentLogName":"egg-agent.log","errorLogName":"common-error.log","coreLogger":{"consoleLevel":"WARN"},"allowDebugAtProd":false,"type":"application"}
2019-08-13 16:21:47,773 INFO 20708 [egg-multipart] file mode enable
2019-08-13 16:21:47,773 INFO 20708 [egg-multipart] will save temporary files to "C:\\Users\\user\\AppData\\Local\\Temp\\egg-multipart-tmp\\server", cleanup job cron: "0 30 4 * * *"
2019-08-13 16:21:47,943 INFO 20708 [egg-static] starting static serve /public/ -> C:\Users\user\Desktop\image_upload\server\app\public
2019-08-13 16:21:47,948 INFO 20708 [egg-security] use methodnoallow middleware
2019-08-13 16:21:47,949 INFO 20708 [egg-security] use noopen middleware
2019-08-13 16:21:47,952 INFO 20708 [egg-security] use nosniff middleware
2019-08-13 16:21:47,953 INFO 20708 [egg-security] use xssProtection middleware
2019-08-13 16:21:47,954 INFO 20708 [egg-security] use xframe middleware
2019-08-13 16:21:47,955 INFO 20708 [egg-security] use dta middleware
2019-08-13 16:21:47,955 INFO 20708 [egg-security] compose 6 middlewares into one security middleware
2019-08-13 16:21:47,969 INFO 20708 [egg:core] dump config after load, 8ms
2019-08-13 16:21:47,983 INFO 20708 [egg-watcher:application] watcher start success
2019-08-13 16:21:47,992 INFO 20708 [egg:core] dump config after ready, 7ms
2019-08-13 16:23:55,208 INFO 10736 [egg:logger] init all loggers with options: {"dir":"C:\\Users\\user\\Desktop\\image_upload\\server\\logs\\server","encoding":"utf8","env":"local","level":"INFO","consoleLevel":"INFO","disableConsoleAfterReady":false,"outputJSON":false,"buffer":true,"appLogName":"server-web.log","coreLogName":"egg-web.log","agentLogName":"egg-agent.log","errorLogName":"common-error.log","coreLogger":{"consoleLevel":"WARN"},"allowDebugAtProd":false,"type":"application"}
2019-08-13 16:23:55,256 INFO 10736 [egg-multipart] file mode enable
2019-08-13 16:23:55,256 INFO 10736 [egg-multipart] will save temporary files to "C:\\Users\\user\\AppData\\Local\\Temp\\egg-multipart-tmp\\server", cleanup job cron: "0 30 4 * * *"
2019-08-13 16:23:55,416 INFO 10736 [egg-static] starting static serve /public/ -> C:\Users\user\Desktop\image_upload\server\app\public
2019-08-13 16:23:55,421 INFO 10736 [egg-security] use methodnoallow middleware
2019-08-13 16:23:55,422 INFO 10736 [egg-security] use noopen middleware
2019-08-13 16:23:55,425 INFO 10736 [egg-security] use nosniff middleware
2019-08-13 16:23:55,426 INFO 10736 [egg-security] use xssProtection middleware
2019-08-13 16:23:55,427 INFO 10736 [egg-security] use xframe middleware
2019-08-13 16:23:55,428 INFO 10736 [egg-security] use dta middleware
2019-08-13 16:23:55,428 INFO 10736 [egg-security] compose 6 middlewares into one security middleware
2019-08-13 16:23:55,446 INFO 10736 [egg:core] dump config after load, 12ms
2019-08-13 16:23:55,459 INFO 10736 [egg-watcher:application] watcher start success
2019-08-13 16:23:55,469 INFO 10736 [egg:core] dump config after ready, 8ms
2019-08-13 16:25:26,557 INFO 11516 [egg:logger] init all loggers with options: {"dir":"C:\\Users\\user\\Desktop\\image_upload\\server\\logs\\server","encoding":"utf8","env":"local","level":"INFO","consoleLevel":"INFO","disableConsoleAfterReady":false,"outputJSON":false,"buffer":true,"appLogName":"server-web.log","coreLogName":"egg-web.log","agentLogName":"egg-agent.log","errorLogName":"common-error.log","coreLogger":{"consoleLevel":"WARN"},"allowDebugAtProd":false,"type":"application"}
2019-08-13 16:25:26,615 INFO 11516 [egg-multipart] file mode enable
2019-08-13 16:25:26,616 INFO 11516 [egg-multipart] will save temporary files to "C:\\Users\\user\\AppData\\Local\\Temp\\egg-multipart-tmp\\server", cleanup job cron: "0 30 4 * * *"
2019-08-13 16:25:26,836 INFO 11516 [egg-static] starting static serve /public/ -> C:\Users\user\Desktop\image_upload\server\app\public
2019-08-13 16:25:26,842 INFO 11516 [egg-security] use methodnoallow middleware
2019-08-13 16:25:26,845 INFO 11516 [egg-security] use noopen middleware
2019-08-13 16:25:26,851 INFO 11516 [egg-security] use nosniff middleware
2019-08-13 16:25:26,853 INFO 11516 [egg-security] use xssProtection middleware
2019-08-13 16:25:26,855 INFO 11516 [egg-security] use xframe middleware
2019-08-13 16:25:26,856 INFO 11516 [egg-security] use dta middleware
2019-08-13 16:25:26,856 INFO 11516 [egg-security] compose 6 middlewares into one security middleware
2019-08-13 16:25:26,885 INFO 11516 [egg:core] dump config after load, 21ms
2019-08-13 16:25:26,902 INFO 11516 [egg-watcher:application] watcher start success
2019-08-13 16:25:26,924 INFO 11516 [egg:core] dump config after ready, 20ms
2019-08-13 16:28:43,291 INFO 29752 [egg:logger] init all loggers with options: {"dir":"C:\\Users\\user\\Desktop\\image_upload\\server\\logs\\server","encoding":"utf8","env":"local","level":"INFO","consoleLevel":"INFO","disableConsoleAfterReady":false,"outputJSON":false,"buffer":true,"appLogName":"server-web.log","coreLogName":"egg-web.log","agentLogName":"egg-agent.log","errorLogName":"common-error.log","coreLogger":{"consoleLevel":"WARN"},"allowDebugAtProd":false,"type":"application"}
2019-08-13 16:28:43,332 INFO 29752 [egg-multipart] file mode enable
2019-08-13 16:28:43,332 INFO 29752 [egg-multipart] will save temporary files to "C:\\Users\\user\\AppData\\Local\\Temp\\egg-multipart-tmp\\server", cleanup job cron: "0 30 4 * * *"
2019-08-13 16:28:43,488 INFO 29752 [egg-static] starting static serve /public/ -> C:\Users\user\Desktop\image_upload\server\app\public
2019-08-13 16:28:43,493 INFO 29752 [egg-security] use methodnoallow middleware
2019-08-13 16:28:43,496 INFO 29752 [egg-security] use noopen middleware
2019-08-13 16:28:43,499 INFO 29752 [egg-security] use nosniff middleware
2019-08-13 16:28:43,500 INFO 29752 [egg-security] use xssProtection middleware
2019-08-13 16:28:43,501 INFO 29752 [egg-security] use xframe middleware
2019-08-13 16:28:43,502 INFO 29752 [egg-security] use dta middleware
2019-08-13 16:28:43,502 INFO 29752 [egg-security] compose 6 middlewares into one security middleware
2019-08-13 16:28:43,518 INFO 29752 [egg:core] dump config after load, 8ms
2019-08-13 16:28:43,534 INFO 29752 [egg-watcher:application] watcher start success
2019-08-13 16:28:43,546 INFO 29752 [egg:core] dump config after ready, 10ms
2019-08-13 16:34:19,329 INFO 976 [egg:logger] init all loggers with options: {"dir":"C:\\Users\\user\\Desktop\\image_upload\\server\\logs\\server","encoding":"utf8","env":"local","level":"INFO","consoleLevel":"INFO","disableConsoleAfterReady":false,"outputJSON":false,"buffer":true,"appLogName":"server-web.log","coreLogName":"egg-web.log","agentLogName":"egg-agent.log","errorLogName":"common-error.log","coreLogger":{"consoleLevel":"WARN"},"allowDebugAtProd":false,"type":"application"}
2019-08-13 16:34:19,404 INFO 976 [egg-multipart] file mode enable
2019-08-13 16:34:19,404 INFO 976 [egg-multipart] will save temporary files to "C:\\Users\\user\\AppData\\Local\\Temp\\egg-multipart-tmp\\server", cleanup job cron: "0 30 4 * * *"
2019-08-13 16:34:19,686 INFO 976 [egg-static] starting static serve /public/ -> C:\Users\user\Desktop\image_upload\server\app\public
2019-08-13 16:34:19,692 INFO 976 [egg-security] use methodnoallow middleware
2019-08-13 16:34:19,693 INFO 976 [egg-security] use noopen middleware
2019-08-13 16:34:19,697 INFO 976 [egg-security] use nosniff middleware
2019-08-13 16:34:19,698 INFO 976 [egg-security] use xssProtection middleware
2019-08-13 16:34:19,699 INFO 976 [egg-security] use xframe middleware
2019-08-13 16:34:19,700 INFO 976 [egg-security] use dta middleware
2019-08-13 16:34:19,700 INFO 976 [egg-security] compose 6 middlewares into one security middleware
2019-08-13 16:34:19,717 INFO 976 [egg:core] dump config after load, 11ms
2019-08-13 16:34:19,734 INFO 976 [egg-watcher:application] watcher start success
2019-08-13 16:34:19,745 INFO 976 [egg:core] dump config after ready, 9ms
2019-08-13 16:34:41,125 INFO 15488 [egg:logger] init all loggers with options: {"dir":"C:\\Users\\user\\Desktop\\image_upload\\server\\logs\\server","encoding":"utf8","env":"local","level":"INFO","consoleLevel":"INFO","disableConsoleAfterReady":false,"outputJSON":false,"buffer":true,"appLogName":"server-web.log","coreLogName":"egg-web.log","agentLogName":"egg-agent.log","errorLogName":"common-error.log","coreLogger":{"consoleLevel":"WARN"},"allowDebugAtProd":false,"type":"application"}
2019-08-13 16:34:41,185 INFO 15488 [egg-multipart] file mode enable
2019-08-13 16:34:41,185 INFO 15488 [egg-multipart] will save temporary files to "C:\\Users\\user\\AppData\\Local\\Temp\\egg-multipart-tmp\\server", cleanup job cron: "0 30 4 * * *"
2019-08-13 16:34:41,383 INFO 15488 [egg-static] starting static serve /public/ -> C:\Users\user\Desktop\image_upload\server\app\public
2019-08-13 16:34:41,388 INFO 15488 [egg-security] use methodnoallow middleware
2019-08-13 16:34:41,389 INFO 15488 [egg-security] use noopen middleware
2019-08-13 16:34:41,392 INFO 15488 [egg-security] use nosniff middleware
2019-08-13 16:34:41,393 INFO 15488 [egg-security] use xssProtection middleware
2019-08-13 16:34:41,394 INFO 15488 [egg-security] use xframe middleware
2019-08-13 16:34:41,395 INFO 15488 [egg-security] use dta middleware
2019-08-13 16:34:41,395 INFO 15488 [egg-security] compose 6 middlewares into one security middleware
2019-08-13 16:34:41,410 INFO 15488 [egg:core] dump config after load, 9ms
2019-08-13 16:34:41,431 INFO 15488 [egg-watcher:application] watcher start success
2019-08-13 16:34:41,443 INFO 15488 [egg:core] dump config after ready, 10ms
2019-08-13 16:38:06,954 INFO 26108 [egg:logger] init all loggers with options: {"dir":"C:\\Users\\user\\Desktop\\image_upload\\server\\logs\\server","encoding":"utf8","env":"local","level":"INFO","consoleLevel":"INFO","disableConsoleAfterReady":false,"outputJSON":false,"buffer":true,"appLogName":"server-web.log","coreLogName":"egg-web.log","agentLogName":"egg-agent.log","errorLogName":"common-error.log","coreLogger":{"consoleLevel":"WARN"},"allowDebugAtProd":false,"type":"application"}
2019-08-13 16:38:07,004 INFO 26108 [egg-multipart] file mode enable
2019-08-13 16:38:07,004 INFO 26108 [egg-multipart] will save temporary files to "C:\\Users\\user\\AppData\\Local\\Temp\\egg-multipart-tmp\\server", cleanup job cron: "0 30 4 * * *"
2019-08-13 16:38:07,210 INFO 26108 [egg-static] starting static serve /public/ -> C:\Users\user\Desktop\image_upload\server\app\public
2019-08-13 16:38:07,218 INFO 26108 [egg-security] use methodnoallow middleware
2019-08-13 16:38:07,220 INFO 26108 [egg-security] use noopen middleware
2019-08-13 16:38:07,225 INFO 26108 [egg-security] use nosniff middleware
2019-08-13 16:38:07,227 INFO 26108 [egg-security] use xssProtection middleware
2019-08-13 16:38:07,229 INFO 26108 [egg-security] use xframe middleware
2019-08-13 16:38:07,232 INFO 26108 [egg-security] use dta middleware
2019-08-13 16:38:07,232 INFO 26108 [egg-security] compose 6 middlewares into one security middleware
2019-08-13 16:38:07,251 INFO 26108 [egg:core] dump config after load, 13ms
2019-08-13 16:38:07,271 INFO 26108 [egg-watcher:application] watcher start success
2019-08-13 16:38:07,285 INFO 26108 [egg:core] dump config after ready, 12ms
2019-08-13 16:39:49,217 INFO 25916 [egg:logger] init all loggers with options: {"dir":"C:\\Users\\user\\Desktop\\image_upload\\server\\logs\\server","encoding":"utf8","env":"local","level":"INFO","consoleLevel":"INFO","disableConsoleAfterReady":false,"outputJSON":false,"buffer":true,"appLogName":"server-web.log","coreLogName":"egg-web.log","agentLogName":"egg-agent.log","errorLogName":"common-error.log","coreLogger":{"consoleLevel":"WARN"},"allowDebugAtProd":false,"type":"application"}
2019-08-13 16:39:49,258 INFO 25916 [egg-multipart] file mode enable
2019-08-13 16:39:49,259 INFO 25916 [egg-multipart] will save temporary files to "C:\\Users\\user\\AppData\\Local\\Temp\\egg-multipart-tmp\\server", cleanup job cron: "0 30 4 * * *"
2019-08-13 16:39:49,421 INFO 25916 [egg-static] starting static serve /public/ -> C:\Users\user\Desktop\image_upload\server\app\public
2019-08-13 16:39:49,426 INFO 25916 [egg-security] use methodnoallow middleware
2019-08-13 16:39:49,427 INFO 25916 [egg-security] use noopen middleware
2019-08-13 16:39:49,432 INFO 25916 [egg-security] use nosniff middleware
2019-08-13 16:39:49,434 INFO 25916 [egg-security] use xssProtection middleware
2019-08-13 16:39:49,436 INFO 25916 [egg-security] use xframe middleware
2019-08-13 16:39:49,436 INFO 25916 [egg-security] use dta middleware
2019-08-13 16:39:49,436 INFO 25916 [egg-security] compose 6 middlewares into one security middleware
2019-08-13 16:39:49,451 INFO 25916 [egg:core] dump config after load, 9ms
2019-08-13 16:39:49,464 INFO 25916 [egg-watcher:application] watcher start success
2019-08-13 16:39:49,476 INFO 25916 [egg:core] dump config after ready, 11ms
2019-08-13 16:41:20,575 INFO 25092 [egg:logger] init all loggers with options: {"dir":"C:\\Users\\user\\Desktop\\image_upload\\server\\logs\\server","encoding":"utf8","env":"local","level":"INFO","consoleLevel":"INFO","disableConsoleAfterReady":false,"outputJSON":false,"buffer":true,"appLogName":"server-web.log","coreLogName":"egg-web.log","agentLogName":"egg-agent.log","errorLogName":"common-error.log","coreLogger":{"consoleLevel":"WARN"},"allowDebugAtProd":false,"type":"application"}
2019-08-13 16:41:20,620 INFO 25092 [egg-multipart] file mode enable
2019-08-13 16:41:20,620 INFO 25092 [egg-multipart] will save temporary files to "C:\\Users\\user\\AppData\\Local\\Temp\\egg-multipart-tmp\\server", cleanup job cron: "0 30 4 * * *"
2019-08-13 16:41:20,789 INFO 25092 [egg-static] starting static serve /public/ -> C:\Users\user\Desktop\image_upload\server\app\public
2019-08-13 16:41:20,795 INFO 25092 [egg-security] use methodnoallow middleware
2019-08-13 16:41:20,796 INFO 25092 [egg-security] use noopen middleware
2019-08-13 16:41:20,800 INFO 25092 [egg-security] use nosniff middleware
2019-08-13 16:41:20,800 INFO 25092 [egg-security] use xssProtection middleware
2019-08-13 16:41:20,802 INFO 25092 [egg-security] use xframe middleware
2019-08-13 16:41:20,803 INFO 25092 [egg-security] use dta middleware
2019-08-13 16:41:20,803 INFO 25092 [egg-security] compose 6 middlewares into one security middleware
2019-08-13 16:41:20,819 INFO 25092 [egg:core] dump config after load, 10ms
2019-08-13 16:41:20,831 INFO 25092 [egg-watcher:application] watcher start success
2019-08-13 16:41:20,842 INFO 25092 [egg:core] dump config after ready, 9ms
2019-08-13 16:41:37,555 INFO 29568 [egg:logger] init all loggers with options: {"dir":"C:\\Users\\user\\Desktop\\image_upload\\server\\logs\\server","encoding":"utf8","env":"local","level":"INFO","consoleLevel":"INFO","disableConsoleAfterReady":false,"outputJSON":false,"buffer":true,"appLogName":"server-web.log","coreLogName":"egg-web.log","agentLogName":"egg-agent.log","errorLogName":"common-error.log","coreLogger":{"consoleLevel":"WARN"},"allowDebugAtProd":false,"type":"application"}
2019-08-13 16:41:37,602 INFO 29568 [egg-multipart] file mode enable
2019-08-13 16:41:37,602 INFO 29568 [egg-multipart] will save temporary files to "C:\\Users\\user\\AppData\\Local\\Temp\\egg-multipart-tmp\\server", cleanup job cron: "0 30 4 * * *"
2019-08-13 16:41:37,773 INFO 29568 [egg-static] starting static serve /public/ -> C:\Users\user\Desktop\image_upload\server\app\public
2019-08-13 16:41:37,778 INFO 29568 [egg-security] use methodnoallow middleware
2019-08-13 16:41:37,779 INFO 29568 [egg-security] use noopen middleware
2019-08-13 16:41:37,783 INFO 29568 [egg-security] use nosniff middleware
2019-08-13 16:41:37,784 INFO 29568 [egg-security] use xssProtection middleware
2019-08-13 16:41:37,785 INFO 29568 [egg-security] use xframe middleware
2019-08-13 16:41:37,786 INFO 29568 [egg-security] use dta middleware
2019-08-13 16:41:37,786 INFO 29568 [egg-security] compose 6 middlewares into one security middleware
2019-08-13 16:41:37,802 INFO 29568 [egg:core] dump config after load, 10ms
2019-08-13 16:41:37,814 INFO 29568 [egg-watcher:application] watcher start success
2019-08-13 16:41:37,829 INFO 29568 [egg:core] dump config after ready, 13ms
2019-08-13 16:42:08,990 INFO 22952 [egg:logger] init all loggers with options: {"dir":"C:\\Users\\user\\Desktop\\image_upload\\server\\logs\\server","encoding":"utf8","env":"local","level":"INFO","consoleLevel":"INFO","disableConsoleAfterReady":false,"outputJSON":false,"buffer":true,"appLogName":"server-web.log","coreLogName":"egg-web.log","agentLogName":"egg-agent.log","errorLogName":"common-error.log","coreLogger":{"consoleLevel":"WARN"},"allowDebugAtProd":false,"type":"application"}
2019-08-13 16:42:09,031 INFO 22952 [egg-multipart] file mode enable
2019-08-13 16:42:09,031 INFO 22952 [egg-multipart] will save temporary files to "C:\\Users\\user\\AppData\\Local\\Temp\\egg-multipart-tmp\\server", cleanup job cron: "0 30 4 * * *"
2019-08-13 16:42:09,187 INFO 22952 [egg-static] starting static serve /public/ -> C:\Users\user\Desktop\image_upload\server\app\public
2019-08-13 16:42:09,192 INFO 22952 [egg-security] use methodnoallow middleware
2019-08-13 16:42:09,193 INFO 22952 [egg-security] use noopen middleware
2019-08-13 16:42:09,196 INFO 22952 [egg-security] use nosniff middleware
2019-08-13 16:42:09,197 INFO 22952 [egg-security] use xssProtection middleware
2019-08-13 16:42:09,198 INFO 22952 [egg-security] use xframe middleware
2019-08-13 16:42:09,199 INFO 22952 [egg-security] use dta middleware
2019-08-13 16:42:09,199 INFO 22952 [egg-security] compose 6 middlewares into one security middleware
2019-08-13 16:42:09,215 INFO 22952 [egg:core] dump config after load, 10ms
2019-08-13 16:42:09,228 INFO 22952 [egg-watcher:application] watcher start success
2019-08-13 16:42:09,237 INFO 22952 [egg:core] dump config after ready, 7ms
2019-08-13 16:42:24,022 INFO 24132 [egg:logger] init all loggers with options: {"dir":"C:\\Users\\user\\Desktop\\image_upload\\server\\logs\\server","encoding":"utf8","env":"local","level":"INFO","consoleLevel":"INFO","disableConsoleAfterReady":false,"outputJSON":false,"buffer":true,"appLogName":"server-web.log","coreLogName":"egg-web.log","agentLogName":"egg-agent.log","errorLogName":"common-error.log","coreLogger":{"consoleLevel":"WARN"},"allowDebugAtProd":false,"type":"application"}
2019-08-13 16:42:24,064 INFO 24132 [egg-multipart] file mode enable
2019-08-13 16:42:24,064 INFO 24132 [egg-multipart] will save temporary files to "C:\\Users\\user\\AppData\\Local\\Temp\\egg-multipart-tmp\\server", cleanup job cron: "0 30 4 * * *"
2019-08-13 16:42:24,239 INFO 24132 [egg-static] starting static serve /public/ -> C:\Users\user\Desktop\image_upload\server\app\public
2019-08-13 16:42:24,244 INFO 24132 [egg-security] use methodnoallow middleware
2019-08-13 16:42:24,246 INFO 24132 [egg-security] use noopen middleware
2019-08-13 16:42:24,249 INFO 24132 [egg-security] use nosniff middleware
2019-08-13 16:42:24,250 INFO 24132 [egg-security] use xssProtection middleware
2019-08-13 16:42:24,251 INFO 24132 [egg-security] use xframe middleware
2019-08-13 16:42:24,251 INFO 24132 [egg-security] use dta middleware
2019-08-13 16:42:24,251 INFO 24132 [egg-security] compose 6 middlewares into one security middleware
2019-08-13 16:42:24,265 INFO 24132 [egg:core] dump config after load, 8ms
2019-08-13 16:42:24,280 INFO 24132 [egg-watcher:application] watcher start success
2019-08-13 16:42:24,292 INFO 24132 [egg:core] dump config after ready, 10ms
2019-08-13 16:42:40,507 INFO 26764 [egg:logger] init all loggers with options: {"dir":"C:\\Users\\user\\Desktop\\image_upload\\server\\logs\\server","encoding":"utf8","env":"local","level":"INFO","consoleLevel":"INFO","disableConsoleAfterReady":false,"outputJSON":false,"buffer":true,"appLogName":"server-web.log","coreLogName":"egg-web.log","agentLogName":"egg-agent.log","errorLogName":"common-error.log","coreLogger":{"consoleLevel":"WARN"},"allowDebugAtProd":false,"type":"application"}
2019-08-13 16:42:40,548 INFO 26764 [egg-multipart] file mode enable
2019-08-13 16:42:40,548 INFO 26764 [egg-multipart] will save temporary files to "C:\\Users\\user\\AppData\\Local\\Temp\\egg-multipart-tmp\\server", cleanup job cron: "0 30 4 * * *"
2019-08-13 16:42:40,778 INFO 26764 [egg-static] starting static serve /public/ -> C:\Users\user\Desktop\image_upload\server\app\public
2019-08-13 16:42:40,783 INFO 26764 [egg-security] use methodnoallow middleware
2019-08-13 16:42:40,785 INFO 26764 [egg-security] use noopen middleware
2019-08-13 16:42:40,789 INFO 26764 [egg-security] use nosniff middleware
2019-08-13 16:42:40,791 INFO 26764 [egg-security] use xssProtection middleware
2019-08-13 16:42:40,792 INFO 26764 [egg-security] use xframe middleware
2019-08-13 16:42:40,793 INFO 26764 [egg-security] use dta middleware
2019-08-13 16:42:40,793 INFO 26764 [egg-security] compose 6 middlewares into one security middleware
2019-08-13 16:42:40,815 INFO 26764 [egg:core] dump config after load, 14ms
2019-08-13 16:42:40,828 INFO 26764 [egg-watcher:application] watcher start success
2019-08-13 16:42:40,838 INFO 26764 [egg:core] dump config after ready, 8ms
2019-08-13 16:42:58,093 INFO 24920 [egg:logger] init all loggers with options: {"dir":"C:\\Users\\user\\Desktop\\image_upload\\server\\logs\\server","encoding":"utf8","env":"local","level":"INFO","consoleLevel":"INFO","disableConsoleAfterReady":false,"outputJSON":false,"buffer":true,"appLogName":"server-web.log","coreLogName":"egg-web.log","agentLogName":"egg-agent.log","errorLogName":"common-error.log","coreLogger":{"consoleLevel":"WARN"},"allowDebugAtProd":false,"type":"application"}
2019-08-13 16:42:58,134 INFO 24920 [egg-multipart] file mode enable
2019-08-13 16:42:58,134 INFO 24920 [egg-multipart] will save temporary files to "C:\\Users\\user\\AppData\\Local\\Temp\\egg-multipart-tmp\\server", cleanup job cron: "0 30 4 * * *"
2019-08-13 16:42:58,305 INFO 24920 [egg-static] starting static serve /public/ -> C:\Users\user\Desktop\image_upload\server\app\public
2019-08-13 16:42:58,310 INFO 24920 [egg-security] use methodnoallow middleware
2019-08-13 16:42:58,311 INFO 24920 [egg-security] use noopen middleware
2019-08-13 16:42:58,315 INFO 24920 [egg-security] use nosniff middleware
2019-08-13 16:42:58,316 INFO 24920 [egg-security] use xssProtection middleware
2019-08-13 16:42:58,317 INFO 24920 [egg-security] use xframe middleware
2019-08-13 16:42:58,318 INFO 24920 [egg-security] use dta middleware
2019-08-13 16:42:58,318 INFO 24920 [egg-security] compose 6 middlewares into one security middleware
2019-08-13 16:42:58,332 INFO 24920 [egg:core] dump config after load, 7ms
2019-08-13 16:42:58,342 INFO 24920 [egg-watcher:application] watcher start success
2019-08-13 16:42:58,357 INFO 24920 [egg:core] dump config after ready, 13ms
2019-08-13 16:46:25,460 INFO 28812 [egg:logger] init all loggers with options: {"dir":"C:\\Users\\user\\Desktop\\image_upload\\server\\logs\\server","encoding":"utf8","env":"local","level":"INFO","consoleLevel":"INFO","disableConsoleAfterReady":false,"outputJSON":false,"buffer":true,"appLogName":"server-web.log","coreLogName":"egg-web.log","agentLogName":"egg-agent.log","errorLogName":"common-error.log","coreLogger":{"consoleLevel":"WARN"},"allowDebugAtProd":false,"type":"application"}
2019-08-13 16:46:25,508 INFO 28812 [egg-multipart] file mode enable
2019-08-13 16:46:25,508 INFO 28812 [egg-multipart] will save temporary files to "C:\\Users\\user\\AppData\\Local\\Temp\\egg-multipart-tmp\\server", cleanup job cron: "0 30 4 * * *"
2019-08-13 16:46:25,740 INFO 28812 [egg-static] starting static serve /public/ -> C:\Users\user\Desktop\image_upload\server\app\public
2019-08-13 16:46:25,745 INFO 28812 [egg-security] use methodnoallow middleware
2019-08-13 16:46:25,746 INFO 28812 [egg-security] use noopen middleware
2019-08-13 16:46:25,749 INFO 28812 [egg-security] use nosniff middleware
2019-08-13 16:46:25,750 INFO 28812 [egg-security] use xssProtection middleware
2019-08-13 16:46:25,751 INFO 28812 [egg-security] use xframe middleware
2019-08-13 16:46:25,752 INFO 28812 [egg-security] use dta middleware
2019-08-13 16:46:25,752 INFO 28812 [egg-security] compose 6 middlewares into one security middleware
2019-08-13 16:46:25,767 INFO 28812 [egg:core] dump config after load, 9ms
2019-08-13 16:46:25,781 INFO 28812 [egg-watcher:application] watcher start success
2019-08-13 16:46:25,790 INFO 28812 [egg:core] dump config after ready, 7ms
2019-08-13 16:46:54,716 INFO 6708 [egg:logger] init all loggers with options: {"dir":"C:\\Users\\user\\Desktop\\image_upload\\server\\logs\\server","encoding":"utf8","env":"local","level":"INFO","consoleLevel":"INFO","disableConsoleAfterReady":false,"outputJSON":false,"buffer":true,"appLogName":"server-web.log","coreLogName":"egg-web.log","agentLogName":"egg-agent.log","errorLogName":"common-error.log","coreLogger":{"consoleLevel":"WARN"},"allowDebugAtProd":false,"type":"application"}
2019-08-13 16:46:54,758 INFO 6708 [egg-multipart] file mode enable
2019-08-13 16:46:54,758 INFO 6708 [egg-multipart] will save temporary files to "C:\\Users\\user\\AppData\\Local\\Temp\\egg-multipart-tmp\\server", cleanup job cron: "0 30 4 * * *"
2019-08-13 16:46:54,915 INFO 6708 [egg-static] starting static serve /public/ -> C:\Users\user\Desktop\image_upload\server\app\public
2019-08-13 16:46:54,921 INFO 6708 [egg-security] use methodnoallow middleware
2019-08-13 16:46:54,924 INFO 6708 [egg-security] use noopen middleware
2019-08-13 16:46:54,927 INFO 6708 [egg-security] use nosniff middleware
2019-08-13 16:46:54,928 INFO 6708 [egg-security] use xssProtection middleware
2019-08-13 16:46:54,929 INFO 6708 [egg-security] use xframe middleware
2019-08-13 16:46:54,930 INFO 6708 [egg-security] use dta middleware
2019-08-13 16:46:54,930 INFO 6708 [egg-security] compose 6 middlewares into one security middleware
2019-08-13 16:46:54,944 INFO 6708 [egg:core] dump config after load, 8ms
2019-08-13 16:46:54,959 INFO 6708 [egg-watcher:application] watcher start success
2019-08-13 16:46:54,972 INFO 6708 [egg:core] dump config after ready, 11ms
2019-08-13 16:49:07,850 INFO 14832 [egg:logger] init all loggers with options: {"dir":"C:\\Users\\user\\Desktop\\image_upload\\server\\logs\\server","encoding":"utf8","env":"local","level":"INFO","consoleLevel":"INFO","disableConsoleAfterReady":false,"outputJSON":false,"buffer":true,"appLogName":"server-web.log","coreLogName":"egg-web.log","agentLogName":"egg-agent.log","errorLogName":"common-error.log","coreLogger":{"consoleLevel":"WARN"},"allowDebugAtProd":false,"type":"application"}
2019-08-13 16:49:07,904 INFO 14832 [egg-multipart] file mode enable
2019-08-13 16:49:07,904 INFO 14832 [egg-multipart] will save temporary files to "C:\\Users\\user\\AppData\\Local\\Temp\\egg-multipart-tmp\\server", cleanup job cron: "0 30 4 * * *"
2019-08-13 16:49:08,150 INFO 14832 [egg-static] starting static serve /public/ -> C:\Users\user\Desktop\image_upload\server\app\public
2019-08-13 16:49:08,160 INFO 14832 [egg-security] use methodnoallow middleware
2019-08-13 16:49:08,162 INFO 14832 [egg-security] use noopen middleware
2019-08-13 16:49:08,169 INFO 14832 [egg-security] use nosniff middleware
2019-08-13 16:49:08,172 INFO 14832 [egg-security] use xssProtection middleware
2019-08-13 16:49:08,174 INFO 14832 [egg-security] use xframe middleware
2019-08-13 16:49:08,175 INFO 14832 [egg-security] use dta middleware
2019-08-13 16:49:08,175 INFO 14832 [egg-security] compose 6 middlewares into one security middleware
2019-08-13 16:49:08,194 INFO 14832 [egg:core] dump config after load, 13ms
2019-08-13 16:49:08,211 INFO 14832 [egg-watcher:application] watcher start success
2019-08-13 16:49:08,222 INFO 14832 [egg:core] dump config after ready, 9ms
2019-08-13 16:49:45,715 INFO 30640 [egg:logger] init all loggers with options: {"dir":"C:\\Users\\user\\Desktop\\image_upload\\server\\logs\\server","encoding":"utf8","env":"local","level":"INFO","consoleLevel":"INFO","disableConsoleAfterReady":false,"outputJSON":false,"buffer":true,"appLogName":"server-web.log","coreLogName":"egg-web.log","agentLogName":"egg-agent.log","errorLogName":"common-error.log","coreLogger":{"consoleLevel":"WARN"},"allowDebugAtProd":false,"type":"application"}
2019-08-13 16:49:45,758 INFO 30640 [egg-multipart] file mode enable
2019-08-13 16:49:45,758 INFO 30640 [egg-multipart] will save temporary files to "C:\\Users\\user\\AppData\\Local\\Temp\\egg-multipart-tmp\\server", cleanup job cron: "0 30 4 * * *"
2019-08-13 16:49:45,958 INFO 30640 [egg-static] starting static serve /public/ -> C:\Users\user\Desktop\image_upload\server\app\public
2019-08-13 16:49:45,963 INFO 30640 [egg-security] use methodnoallow middleware
2019-08-13 16:49:45,964 INFO 30640 [egg-security] use noopen middleware
2019-08-13 16:49:45,968 INFO 30640 [egg-security] use nosniff middleware
2019-08-13 16:49:45,969 INFO 30640 [egg-security] use xssProtection middleware
2019-08-13 16:49:45,969 INFO 30640 [egg-security] use xframe middleware
2019-08-13 16:49:45,970 INFO 30640 [egg-security] use dta middleware
2019-08-13 16:49:45,970 INFO 30640 [egg-security] compose 6 middlewares into one security middleware
2019-08-13 16:49:45,997 INFO 30640 [egg:core] dump config after load, 15ms
2019-08-13 16:49:46,011 INFO 30640 [egg-watcher:application] watcher start success
2019-08-13 16:49:46,026 INFO 30640 [egg:core] dump config after ready, 13ms
2019-08-13 16:49:49,740 INFO 26176 [egg:logger] init all loggers with options: {"dir":"C:\\Users\\user\\Desktop\\image_upload\\server\\logs\\server","encoding":"utf8","env":"local","level":"INFO","consoleLevel":"INFO","disableConsoleAfterReady":false,"outputJSON":false,"buffer":true,"appLogName":"server-web.log","coreLogName":"egg-web.log","agentLogName":"egg-agent.log","errorLogName":"common-error.log","coreLogger":{"consoleLevel":"WARN"},"allowDebugAtProd":false,"type":"application"}
2019-08-13 16:49:49,781 INFO 26176 [egg-multipart] file mode enable
2019-08-13 16:49:49,781 INFO 26176 [egg-multipart] will save temporary files to "C:\\Users\\user\\AppData\\Local\\Temp\\egg-multipart-tmp\\server", cleanup job cron: "0 30 4 * * *"
2019-08-13 16:49:49,955 INFO 26176 [egg-static] starting static serve /public/ -> C:\Users\user\Desktop\image_upload\server\app\public
2019-08-13 16:49:49,960 INFO 26176 [egg-security] use methodnoallow middleware
2019-08-13 16:49:49,963 INFO 26176 [egg-security] use noopen middleware
2019-08-13 16:49:49,967 INFO 26176 [egg-security] use nosniff middleware
2019-08-13 16:49:49,968 INFO 26176 [egg-security] use xssProtection middleware
2019-08-13 16:49:49,969 INFO 26176 [egg-security] use xframe middleware
2019-08-13 16:49:49,970 INFO 26176 [egg-security] use dta middleware
2019-08-13 16:49:49,970 INFO 26176 [egg-security] compose 6 middlewares into one security middleware
2019-08-13 16:49:49,987 INFO 26176 [egg:core] dump config after load, 10ms
2019-08-13 16:49:50,003 INFO 26176 [egg-watcher:application] watcher start success
2019-08-13 16:49:50,013 INFO 26176 [egg:core] dump config after ready, 8ms
2019-08-13 16:50:41,447 INFO 16148 [egg:logger] init all loggers with options: {"dir":"C:\\Users\\user\\Desktop\\image_upload\\server\\logs\\server","encoding":"utf8","env":"local","level":"INFO","consoleLevel":"INFO","disableConsoleAfterReady":false,"outputJSON":false,"buffer":true,"appLogName":"server-web.log","coreLogName":"egg-web.log","agentLogName":"egg-agent.log","errorLogName":"common-error.log","coreLogger":{"consoleLevel":"WARN"},"allowDebugAtProd":false,"type":"application"}
2019-08-13 16:50:41,490 INFO 16148 [egg-multipart] file mode enable
2019-08-13 16:50:41,490 INFO 16148 [egg-multipart] will save temporary files to "C:\\Users\\user\\AppData\\Local\\Temp\\egg-multipart-tmp\\server", cleanup job cron: "0 30 4 * * *"
2019-08-13 16:50:41,648 INFO 16148 [egg-static] starting static serve /public/ -> C:\Users\user\Desktop\image_upload\server\app\public
2019-08-13 16:50:41,652 INFO 16148 [egg-security] use methodnoallow middleware
2019-08-13 16:50:41,654 INFO 16148 [egg-security] use noopen middleware
2019-08-13 16:50:41,657 INFO 16148 [egg-security] use nosniff middleware
2019-08-13 16:50:41,658 INFO 16148 [egg-security] use xssProtection middleware
2019-08-13 16:50:41,659 INFO 16148 [egg-security] use xframe middleware
2019-08-13 16:50:41,659 INFO 16148 [egg-security] use dta middleware
2019-08-13 16:50:41,659 INFO 16148 [egg-security] compose 6 middlewares into one security middleware
2019-08-13 16:50:41,676 INFO 16148 [egg:core] dump config after load, 10ms
2019-08-13 16:50:41,689 INFO 16148 [egg-watcher:application] watcher start success
2019-08-13 16:50:41,701 INFO 16148 [egg:core] dump config after ready, 9ms
2019-08-13 16:51:58,697 INFO 428 [egg:logger] init all loggers with options: {"dir":"C:\\Users\\user\\Desktop\\image_upload\\server\\logs\\server","encoding":"utf8","env":"local","level":"INFO","consoleLevel":"INFO","disableConsoleAfterReady":false,"outputJSON":false,"buffer":true,"appLogName":"server-web.log","coreLogName":"egg-web.log","agentLogName":"egg-agent.log","errorLogName":"common-error.log","coreLogger":{"consoleLevel":"WARN"},"allowDebugAtProd":false,"type":"application"}
2019-08-13 16:51:58,744 INFO 428 [egg-multipart] file mode enable
2019-08-13 16:51:58,744 INFO 428 [egg-multipart] will save temporary files to "C:\\Users\\user\\AppData\\Local\\Temp\\egg-multipart-tmp\\server", cleanup job cron: "0 30 4 * * *"
2019-08-13 16:51:58,919 INFO 428 [egg-static] starting static serve /public/ -> C:\Users\user\Desktop\image_upload\server\app\public
2019-08-13 16:51:58,924 INFO 428 [egg-security] use methodnoallow middleware
2019-08-13 16:51:58,927 INFO 428 [egg-security] use noopen middleware
2019-08-13 16:51:58,930 INFO 428 [egg-security] use nosniff middleware
2019-08-13 16:51:58,931 INFO 428 [egg-security] use xssProtection middleware
2019-08-13 16:51:58,932 INFO 428 [egg-security] use xframe middleware
2019-08-13 16:51:58,933 INFO 428 [egg-security] use dta middleware
2019-08-13 16:51:58,933 INFO 428 [egg-security] compose 6 middlewares into one security middleware
2019-08-13 16:51:58,949 INFO 428 [egg:core] dump config after load, 10ms
2019-08-13 16:51:58,963 INFO 428 [egg-watcher:application] watcher start success
2019-08-13 16:51:58,977 INFO 428 [egg:core] dump config after ready, 12ms
2019-08-13 16:52:42,974 INFO 28688 [egg:logger] init all loggers with options: {"dir":"C:\\Users\\user\\Desktop\\image_upload\\server\\logs\\server","encoding":"utf8","env":"local","level":"INFO","consoleLevel":"INFO","disableConsoleAfterReady":false,"outputJSON":false,"buffer":true,"appLogName":"server-web.log","coreLogName":"egg-web.log","agentLogName":"egg-agent.log","errorLogName":"common-error.log","coreLogger":{"consoleLevel":"WARN"},"allowDebugAtProd":false,"type":"application"}
2019-08-13 16:52:43,036 INFO 28688 [egg-multipart] file mode enable
2019-08-13 16:52:43,036 INFO 28688 [egg-multipart] will save temporary files to "C:\\Users\\user\\AppData\\Local\\Temp\\egg-multipart-tmp\\server", cleanup job cron: "0 30 4 * * *"
2019-08-13 16:52:43,245 INFO 28688 [egg-static] starting static serve /public/ -> C:\Users\user\Desktop\image_upload\server\app\public
2019-08-13 16:52:43,251 INFO 28688 [egg-security] use methodnoallow middleware
2019-08-13 16:52:43,253 INFO 28688 [egg-security] use noopen middleware
2019-08-13 16:52:43,258 INFO 28688 [egg-security] use nosniff middleware
2019-08-13 16:52:43,259 INFO 28688 [egg-security] use xssProtection middleware
2019-08-13 16:52:43,260 INFO 28688 [egg-security] use xframe middleware
2019-08-13 16:52:43,261 INFO 28688 [egg-security] use dta middleware
2019-08-13 16:52:43,261 INFO 28688 [egg-security] compose 6 middlewares into one security middleware
2019-08-13 16:52:43,282 INFO 28688 [egg:core] dump config after load, 13ms
2019-08-13 16:52:43,297 INFO 28688 [egg-watcher:application] watcher start success
2019-08-13 16:52:43,311 INFO 28688 [egg:core] dump config after ready, 11ms
2019-08-13 16:53:01,069 INFO 21024 [egg:logger] init all loggers with options: {"dir":"C:\\Users\\user\\Desktop\\image_upload\\server\\logs\\server","encoding":"utf8","env":"local","level":"INFO","consoleLevel":"INFO","disableConsoleAfterReady":false,"outputJSON":false,"buffer":true,"appLogName":"server-web.log","coreLogName":"egg-web.log","agentLogName":"egg-agent.log","errorLogName":"common-error.log","coreLogger":{"consoleLevel":"WARN"},"allowDebugAtProd":false,"type":"application"}
2019-08-13 16:53:01,114 INFO 21024 [egg-multipart] file mode enable
2019-08-13 16:53:01,114 INFO 21024 [egg-multipart] will save temporary files to "C:\\Users\\user\\AppData\\Local\\Temp\\egg-multipart-tmp\\server", cleanup job cron: "0 30 4 * * *"
2019-08-13 16:53:01,296 INFO 21024 [egg-static] starting static serve /public/ -> C:\Users\user\Desktop\image_upload\server\app\public
2019-08-13 16:53:01,302 INFO 21024 [egg-security] use methodnoallow middleware
2019-08-13 16:53:01,303 INFO 21024 [egg-security] use noopen middleware
2019-08-13 16:53:01,307 INFO 21024 [egg-security] use nosniff middleware
2019-08-13 16:53:01,309 INFO 21024 [egg-security] use xssProtection middleware
2019-08-13 16:53:01,310 INFO 21024 [egg-security] use xframe middleware
2019-08-13 16:53:01,311 INFO 21024 [egg-security] use dta middleware
2019-08-13 16:53:01,311 INFO 21024 [egg-security] compose 6 middlewares into one security middleware
2019-08-13 16:53:01,328 INFO 21024 [egg:core] dump config after load, 10ms
2019-08-13 16:53:01,343 INFO 21024 [egg-watcher:application] watcher start success
2019-08-13 16:53:01,355 INFO 21024 [egg:core] dump config after ready, 9ms
2019-08-13 16:53:27,181 INFO 18368 [egg:logger] init all loggers with options: {"dir":"C:\\Users\\user\\Desktop\\image_upload\\server\\logs\\server","encoding":"utf8","env":"local","level":"INFO","consoleLevel":"INFO","disableConsoleAfterReady":false,"outputJSON":false,"buffer":true,"appLogName":"server-web.log","coreLogName":"egg-web.log","agentLogName":"egg-agent.log","errorLogName":"common-error.log","coreLogger":{"consoleLevel":"WARN"},"allowDebugAtProd":false,"type":"application"}
2019-08-13 16:53:27,226 INFO 18368 [egg-multipart] file mode enable
2019-08-13 16:53:27,226 INFO 18368 [egg-multipart] will save temporary files to "C:\\Users\\user\\AppData\\Local\\Temp\\egg-multipart-tmp\\server", cleanup job cron: "0 30 4 * * *"
2019-08-13 16:53:27,422 INFO 18368 [egg-static] starting static serve /public/ -> C:\Users\user\Desktop\image_upload\server\app\public
2019-08-13 16:53:27,427 INFO 18368 [egg-security] use methodnoallow middleware
2019-08-13 16:53:27,430 INFO 18368 [egg-security] use noopen middleware
2019-08-13 16:53:27,433 INFO 18368 [egg-security] use nosniff middleware
2019-08-13 16:53:27,434 INFO 18368 [egg-security] use xssProtection middleware
2019-08-13 16:53:27,438 INFO 18368 [egg-security] use xframe middleware
2019-08-13 16:53:27,439 INFO 18368 [egg-security] use dta middleware
2019-08-13 16:53:27,439 INFO 18368 [egg-security] compose 6 middlewares into one security middleware
2019-08-13 16:53:27,463 INFO 18368 [egg:core] dump config after load, 15ms
2019-08-13 16:53:27,482 INFO 18368 [egg-watcher:application] watcher start success
2019-08-13 16:53:27,500 INFO 18368 [egg:core] dump config after ready, 14ms
2019-08-13 16:54:07,851 INFO 21988 [egg:logger] init all loggers with options: {"dir":"C:\\Users\\user\\Desktop\\image_upload\\server\\logs\\server","encoding":"utf8","env":"local","level":"INFO","consoleLevel":"INFO","disableConsoleAfterReady":false,"outputJSON":false,"buffer":true,"appLogName":"server-web.log","coreLogName":"egg-web.log","agentLogName":"egg-agent.log","errorLogName":"common-error.log","coreLogger":{"consoleLevel":"WARN"},"allowDebugAtProd":false,"type":"application"}
2019-08-13 16:54:07,895 INFO 21988 [egg-multipart] file mode enable
2019-08-13 16:54:07,895 INFO 21988 [egg-multipart] will save temporary files to "C:\\Users\\user\\AppData\\Local\\Temp\\egg-multipart-tmp\\server", cleanup job cron: "0 30 4 * * *"
2019-08-13 16:54:08,054 INFO 21988 [egg-static] starting static serve /public/ -> C:\Users\user\Desktop\image_upload\server\app\public
2019-08-13 16:54:08,058 INFO 21988 [egg-security] use methodnoallow middleware
2019-08-13 16:54:08,060 INFO 21988 [egg-security] use noopen middleware
2019-08-13 16:54:08,064 INFO 21988 [egg-security] use nosniff middleware
2019-08-13 16:54:08,065 INFO 21988 [egg-security] use xssProtection middleware
2019-08-13 16:54:08,065 INFO 21988 [egg-security] use xframe middleware
2019-08-13 16:54:08,066 INFO 21988 [egg-security] use dta middleware
2019-08-13 16:54:08,066 INFO 21988 [egg-security] compose 6 middlewares into one security middleware
2019-08-13 16:54:08,094 INFO 21988 [egg:core] dump config after load, 18ms
2019-08-13 16:54:08,113 INFO 21988 [egg-watcher:application] watcher start success
2019-08-13 16:54:08,124 INFO 21988 [egg:core] dump config after ready, 10ms
2019-08-13 16:55:26,294 INFO 21612 [egg:logger] init all loggers with options: {"dir":"C:\\Users\\user\\Desktop\\image_upload\\server\\logs\\server","encoding":"utf8","env":"local","level":"INFO","consoleLevel":"INFO","disableConsoleAfterReady":false,"outputJSON":false,"buffer":true,"appLogName":"server-web.log","coreLogName":"egg-web.log","agentLogName":"egg-agent.log","errorLogName":"common-error.log","coreLogger":{"consoleLevel":"WARN"},"allowDebugAtProd":false,"type":"application"}
2019-08-13 16:55:26,341 INFO 21612 [egg-multipart] file mode enable
2019-08-13 16:55:26,341 INFO 21612 [egg-multipart] will save temporary files to "C:\\Users\\user\\AppData\\Local\\Temp\\egg-multipart-tmp\\server", cleanup job cron: "0 30 4 * * *"
2019-08-13 16:55:26,509 INFO 21612 [egg-static] starting static serve /public/ -> C:\Users\user\Desktop\image_upload\server\app\public
2019-08-13 16:55:26,513 INFO 21612 [egg-security] use methodnoallow middleware
2019-08-13 16:55:26,515 INFO 21612 [egg-security] use noopen middleware
2019-08-13 16:55:26,521 INFO 21612 [egg-security] use nosniff middleware
2019-08-13 16:55:26,522 INFO 21612 [egg-security] use xssProtection middleware
2019-08-13 16:55:26,523 INFO 21612 [egg-security] use xframe middleware
2019-08-13 16:55:26,524 INFO 21612 [egg-security] use dta middleware
2019-08-13 16:55:26,524 INFO 21612 [egg-security] compose 6 middlewares into one security middleware
2019-08-13 16:55:26,540 INFO 21612 [egg:core] dump config after load, 10ms
2019-08-13 16:55:26,556 INFO 21612 [egg-watcher:application] watcher start success
2019-08-13 16:55:26,566 INFO 21612 [egg:core] dump config after ready, 9ms
2019-08-13 16:56:38,141 INFO 29100 [egg:logger] init all loggers with options: {"dir":"C:\\Users\\user\\Desktop\\image_upload\\server\\logs\\server","encoding":"utf8","env":"local","level":"INFO","consoleLevel":"INFO","disableConsoleAfterReady":false,"outputJSON":false,"buffer":true,"appLogName":"server-web.log","coreLogName":"egg-web.log","agentLogName":"egg-agent.log","errorLogName":"common-error.log","coreLogger":{"consoleLevel":"WARN"},"allowDebugAtProd":false,"type":"application"}
2019-08-13 16:56:38,186 INFO 29100 [egg-multipart] file mode enable
2019-08-13 16:56:38,186 INFO 29100 [egg-multipart] will save temporary files to "C:\\Users\\user\\AppData\\Local\\Temp\\egg-multipart-tmp\\server", cleanup job cron: "0 30 4 * * *"
2019-08-13 16:56:38,366 INFO 29100 [egg-static] starting static serve /public/ -> C:\Users\user\Desktop\image_upload\server\app\public
2019-08-13 16:56:38,372 INFO 29100 [egg-security] use methodnoallow middleware
2019-08-13 16:56:38,379 INFO 29100 [egg-security] use noopen middleware
2019-08-13 16:56:38,390 INFO 29100 [egg-security] use nosniff middleware
2019-08-13 16:56:38,393 INFO 29100 [egg-security] use xssProtection middleware
2019-08-13 16:56:38,396 INFO 29100 [egg-security] use xframe middleware
2019-08-13 16:56:38,399 INFO 29100 [egg-security] use dta middleware
2019-08-13 16:56:38,399 INFO 29100 [egg-security] compose 6 middlewares into one security middleware
2019-08-13 16:56:38,421 INFO 29100 [egg:core] dump config after load, 9ms
2019-08-13 16:56:38,437 INFO 29100 [egg-watcher:application] watcher start success
2019-08-13 16:56:38,446 INFO 29100 [egg:core] dump config after ready, 7ms
2019-08-13 16:59:32,308 INFO 20100 [egg:logger] init all loggers with options: {"dir":"C:\\Users\\user\\Desktop\\image_upload\\server\\logs\\server","encoding":"utf8","env":"local","level":"INFO","consoleLevel":"INFO","disableConsoleAfterReady":false,"outputJSON":false,"buffer":true,"appLogName":"server-web.log","coreLogName":"egg-web.log","agentLogName":"egg-agent.log","errorLogName":"common-error.log","coreLogger":{"consoleLevel":"WARN"},"allowDebugAtProd":false,"type":"application"}
2019-08-13 16:59:32,351 INFO 20100 [egg-multipart] file mode enable
2019-08-13 16:59:32,351 INFO 20100 [egg-multipart] will save temporary files to "C:\\Users\\user\\AppData\\Local\\Temp\\egg-multipart-tmp\\server", cleanup job cron: "0 30 4 * * *"
2019-08-13 16:59:32,546 INFO 20100 [egg-static] starting static serve /public/ -> C:\Users\user\Desktop\image_upload\server\app\public
2019-08-13 16:59:32,556 INFO 20100 [egg-security] use methodnoallow middleware
2019-08-13 16:59:32,558 INFO 20100 [egg-security] use noopen middleware
2019-08-13 16:59:32,563 INFO 20100 [egg-security] use nosniff middleware
2019-08-13 16:59:32,564 INFO 20100 [egg-security] use xssProtection middleware
2019-08-13 16:59:32,565 INFO 20100 [egg-security] use xframe middleware
2019-08-13 16:59:32,566 INFO 20100 [egg-security] use dta middleware
2019-08-13 16:59:32,566 INFO 20100 [egg-security] compose 6 middlewares into one security middleware
2019-08-13 16:59:32,584 INFO 20100 [egg:core] dump config after load, 11ms
2019-08-13 16:59:32,596 INFO 20100 [egg-watcher:application] watcher start success
2019-08-13 16:59:32,605 INFO 20100 [egg:core] dump config after ready, 7ms
2019-08-13 19:18:05,569 WARN 20100 [ClusterClient:Watcher] follower closed, and try to init it again
2019-08-13 19:18:37,151 INFO 23872 [egg:logger] init all loggers with options: {"dir":"C:\\Users\\user\\Desktop\\image_upload\\server\\logs\\server","encoding":"utf8","env":"local","level":"INFO","consoleLevel":"INFO","disableConsoleAfterReady":false,"outputJSON":false,"buffer":true,"appLogName":"server-web.log","coreLogName":"egg-web.log","agentLogName":"egg-agent.log","errorLogName":"common-error.log","coreLogger":{"consoleLevel":"WARN"},"allowDebugAtProd":false,"type":"application"}
2019-08-13 19:18:37,193 INFO 23872 [egg-multipart] file mode enable
2019-08-13 19:18:37,194 INFO 23872 [egg-multipart] will save temporary files to "C:\\Users\\user\\AppData\\Local\\Temp\\egg-multipart-tmp\\server", cleanup job cron: "0 30 4 * * *"
2019-08-13 19:18:37,380 INFO 23872 [egg-static] starting static serve /public/ -> C:\Users\user\Desktop\image_upload\server\app\public
2019-08-13 19:18:37,386 INFO 23872 [egg-security] use methodnoallow middleware
2019-08-13 19:18:37,388 INFO 23872 [egg-security] use noopen middleware
2019-08-13 19:18:37,392 INFO 23872 [egg-security] use nosniff middleware
2019-08-13 19:18:37,393 INFO 23872 [egg-security] use xssProtection middleware
2019-08-13 19:18:37,394 INFO 23872 [egg-security] use xframe middleware
2019-08-13 19:18:37,395 INFO 23872 [egg-security] use dta middleware
2019-08-13 19:18:37,395 INFO 23872 [egg-security] compose 6 middlewares into one security middleware
2019-08-13 19:18:37,412 INFO 23872 [egg:core] dump config after load, 10ms
2019-08-13 19:18:37,427 INFO 23872 [egg-watcher:application] watcher start success
2019-08-13 19:18:37,438 INFO 23872 [egg:core] dump config after ready, 9ms
